Performing Curl Test HAVE_FCNTL_O_NONBLOCK failed with the following output:
Change Dir: 'C:/Users/hturu/Downloads/TryTask-chor-client-side-aplication-2/build/Desktop_Qt_6_8_1_MinGW_64_bit-Debug/CMakeFiles/CMakeTmp'

Run Build Command(s): C:/Qt/Tools/Ninja/ninja.exe -v cmTC_b7645
[1/2] C:\Qt\Tools\mingw1310_64\bin\gcc.exe   -W -Wall -pedantic -Wbad-function-cast -Wconversion -Winline -Wmissing-declarations -Wmissing-prototypes -Wnested-externs -Wno-long-long -Wno-multichar -Wpointer-arith -Wshadow -Wsign-compare -Wundef -Wunused -Wwrite-strings -Wcast-align -Wdeclaration-after-statement -Wempty-body -Wendif-labels -Wfloat-equal -Wignored-qualifiers -Wno-format-nonliteral -Wno-sign-conversion -Wno-system-headers -Wstrict-prototypes -Wtype-limits -Wvla -Wmissing-parameter-type -Wold-style-declaration -Wstrict-aliasing=3 -Wno-pedantic-ms-format -Wformat=2 -Warray-bounds=2 -ftree-vrp -Wduplicated-cond -Wnull-dereference -fdelete-null-pointer-checks -Wshift-negative-value -Wshift-overflow=2 -Walloc-zero -Wduplicated-branches -Wformat-overflow=2 -Wformat-truncation=1 -Wrestrict -Warith-conversion -Wdouble-promotion -Wenum-conversion -Wunused-const-variable -DHAVE_FCNTL_O_NONBLOCK  -DHAVE_WINDOWS_H -DHAVE_WS2TCPIP_H -DHAVE_WINSOCK2_H -DHAVE_INTTYPES_H -DHAVE_SYS_STAT_H -DHAVE_SYS_TYPES_H -DHAVE_SYS_UTIME_H -DHAVE_FCNTL_H -DHAVE_IO_H -DHAVE_LIBGEN_H -DHAVE_LOCALE_H -DHAVE_STDATOMIC_H -DHAVE_STDBOOL_H -DHAVE_STDINT_H -DHAVE_UNISTD_H -fdiagnostics-color=always -o CMakeFiles/cmTC_b7645.dir/CurlTests.c.obj -c C:/Users/hturu/Downloads/TryTask-chor-client-side-aplication-2/build/Desktop_Qt_6_8_1_MinGW_64_bit-Debug/_deps/curl-src/CMake/CurlTests.c
[31mFAILED: [0mCMakeFiles/cmTC_b7645.dir/CurlTests.c.obj 
C:\Qt\Tools\mingw1310_64\bin\gcc.exe   -W -Wall -pedantic -Wbad-function-cast -Wconversion -Winline -Wmissing-declarations -Wmissing-prototypes -Wnested-externs -Wno-long-long -Wno-multichar -Wpointer-arith -Wshadow -Wsign-compare -Wundef -Wunused -Wwrite-strings -Wcast-align -Wdeclaration-after-statement -Wempty-body -Wendif-labels -Wfloat-equal -Wignored-qualifiers -Wno-format-nonliteral -Wno-sign-conversion -Wno-system-headers -Wstrict-prototypes -Wtype-limits -Wvla -Wmissing-parameter-type -Wold-style-declaration -Wstrict-aliasing=3 -Wno-pedantic-ms-format -Wformat=2 -Warray-bounds=2 -ftree-vrp -Wduplicated-cond -Wnull-dereference -fdelete-null-pointer-checks -Wshift-negative-value -Wshift-overflow=2 -Walloc-zero -Wduplicated-branches -Wformat-overflow=2 -Wformat-truncation=1 -Wrestrict -Warith-conversion -Wdouble-promotion -Wenum-conversion -Wunused-const-variable -DHAVE_FCNTL_O_NONBLOCK  -DHAVE_WINDOWS_H -DHAVE_WS2TCPIP_H -DHAVE_WINSOCK2_H -DHAVE_INTTYPES_H -DHAVE_SYS_STAT_H -DHAVE_SYS_TYPES_H -DHAVE_SYS_UTIME_H -DHAVE_FCNTL_H -DHAVE_IO_H -DHAVE_LIBGEN_H -DHAVE_LOCALE_H -DHAVE_STDATOMIC_H -DHAVE_STDBOOL_H -DHAVE_STDINT_H -DHAVE_UNISTD_H -fdiagnostics-color=always -o CMakeFiles/cmTC_b7645.dir/CurlTests.c.obj -c C:/Users/hturu/Downloads/TryTask-chor-client-side-aplication-2/build/Desktop_Qt_6_8_1_MinGW_64_bit-Debug/_deps/curl-src/CMake/CurlTests.c
[01m[KC:/Users/hturu/Downloads/TryTask-chor-client-side-aplication-2/build/Desktop_Qt_6_8_1_MinGW_64_bit-Debug/_deps/curl-src/CMake/CurlTests.c:49:1:[m[K [01;35m[Kwarning: [m[Kfunction declaration isn't a prototype [[01;35m[K-Wstrict-prototypes[m[K]
   49 | [01;35m[Kmain[m[K ()
      | [01;35m[K^~~~[m[K
[01m[KC:/Users/hturu/Downloads/TryTask-chor-client-side-aplication-2/build/Desktop_Qt_6_8_1_MinGW_64_bit-Debug/_deps/curl-src/CMake/CurlTests.c:[m[K In function '[01m[Kmain[m[K':
[01m[KC:/Users/hturu/Downloads/TryTask-chor-client-side-aplication-2/build/Desktop_Qt_6_8_1_MinGW_64_bit-Debug/_deps/curl-src/CMake/CurlTests.c:53:15:[m[K [01;35m[Kwarning: [m[Kimplicit declaration of function '[01m[Kfcntl[m[K' [[01;35m[K-Wimplicit-function-declaration[m[K]
   53 |       if(0 != [01;35m[Kfcntl[m[K(0, F_SETFL, flags | O_NONBLOCK))
      |               [01;35m[K^~~~~[m[K
[01m[KC:/Users/hturu/Downloads/TryTask-chor-client-side-aplication-2/build/Desktop_Qt_6_8_1_MinGW_64_bit-Debug/_deps/curl-src/CMake/CurlTests.c:53:15:[m[K [01;35m[Kwarning: [m[Knested extern declaration of '[01m[Kfcntl[m[K' [[01;35m[K-Wnested-externs[m[K]
[01m[KC:/Users/hturu/Downloads/TryTask-chor-client-side-aplication-2/build/Desktop_Qt_6_8_1_MinGW_64_bit-Debug/_deps/curl-src/CMake/CurlTests.c:53:24:[m[K [01;31m[Kerror: [m[K'[01m[KF_SETFL[m[K' undeclared (first use in this function)
   53 |       if(0 != fcntl(0, [01;31m[KF_SETFL[m[K, flags | O_NONBLOCK))
      |                        [01;31m[K^~~~~~~[m[K
[01m[KC:/Users/hturu/Downloads/TryTask-chor-client-side-aplication-2/build/Desktop_Qt_6_8_1_MinGW_64_bit-Debug/_deps/curl-src/CMake/CurlTests.c:53:24:[m[K [01;36m[Knote: [m[Keach undeclared identifier is reported only once for each function it appears in
[01m[KC:/Users/hturu/Downloads/TryTask-chor-client-side-aplication-2/build/Desktop_Qt_6_8_1_MinGW_64_bit-Debug/_deps/curl-src/CMake/CurlTests.c:53:41:[m[K [01;31m[Kerror: [m[K'[01m[KO_NONBLOCK[m[K' undeclared (first use in this function)
   53 |       if(0 != fcntl(0, F_SETFL, flags | [01;31m[KO_NONBLOCK[m[K))
      |                                         [01;31m[K^~~~~~~~~~[m[K
ninja: build stopped: subcommand failed.


Performing Curl Test HAVE_IOCTLSOCKET_CAMEL failed with the following output:
Change Dir: 'C:/Users/hturu/Downloads/TryTask-chor-client-side-aplication-2/build/Desktop_Qt_6_8_1_MinGW_64_bit-Debug/CMakeFiles/CMakeTmp'

Run Build Command(s): C:/Qt/Tools/Ninja/ninja.exe -v cmTC_a64b0
[1/2] C:\Qt\Tools\mingw1310_64\bin\gcc.exe   -W -Wall -pedantic -Wbad-function-cast -Wconversion -Winline -Wmissing-declarations -Wmissing-prototypes -Wnested-externs -Wno-long-long -Wno-multichar -Wpointer-arith -Wshadow -Wsign-compare -Wundef -Wunused -Wwrite-strings -Wcast-align -Wdeclaration-after-statement -Wempty-body -Wendif-labels -Wfloat-equal -Wignored-qualifiers -Wno-format-nonliteral -Wno-sign-conversion -Wno-system-headers -Wstrict-prototypes -Wtype-limits -Wvla -Wmissing-parameter-type -Wold-style-declaration -Wstrict-aliasing=3 -Wno-pedantic-ms-format -Wformat=2 -Warray-bounds=2 -ftree-vrp -Wduplicated-cond -Wnull-dereference -fdelete-null-pointer-checks -Wshift-negative-value -Wshift-overflow=2 -Walloc-zero -Wduplicated-branches -Wformat-overflow=2 -Wformat-truncation=1 -Wrestrict -Warith-conversion -Wdouble-promotion -Wenum-conversion -Wunused-const-variable -DHAVE_IOCTLSOCKET_CAMEL  -DHAVE_WINDOWS_H -DHAVE_WS2TCPIP_H -DHAVE_WINSOCK2_H -DHAVE_INTTYPES_H -DHAVE_SYS_STAT_H -DHAVE_SYS_TYPES_H -DHAVE_SYS_UTIME_H -DHAVE_FCNTL_H -DHAVE_IO_H -DHAVE_LIBGEN_H -DHAVE_LOCALE_H -DHAVE_STDATOMIC_H -DHAVE_STDBOOL_H -DHAVE_STDINT_H -DHAVE_UNISTD_H -fdiagnostics-color=always -o CMakeFiles/cmTC_a64b0.dir/CurlTests.c.obj -c C:/Users/hturu/Downloads/TryTask-chor-client-side-aplication-2/build/Desktop_Qt_6_8_1_MinGW_64_bit-Debug/_deps/curl-src/CMake/CurlTests.c
[01m[KC:/Users/hturu/Downloads/TryTask-chor-client-side-aplication-2/build/Desktop_Qt_6_8_1_MinGW_64_bit-Debug/_deps/curl-src/CMake/CurlTests.c:224:1:[m[K [01;35m[Kwarning: [m[Kfunction declaration isn't a prototype [[01;35m[K-Wstrict-prototypes[m[K]
  224 | [01;35m[Kmain[m[K ()
      | [01;35m[K^~~~[m[K
[01m[KC:/Users/hturu/Downloads/TryTask-chor-client-side-aplication-2/build/Desktop_Qt_6_8_1_MinGW_64_bit-Debug/_deps/curl-src/CMake/CurlTests.c:[m[K In function '[01m[Kmain[m[K':
[01m[KC:/Users/hturu/Downloads/TryTask-chor-client-side-aplication-2/build/Desktop_Qt_6_8_1_MinGW_64_bit-Debug/_deps/curl-src/CMake/CurlTests.c:228:13:[m[K [01;35m[Kwarning: [m[Kimplicit declaration of function '[01m[KIoctlSocket[m[K'; did you mean '[01m[Kioctlsocket[m[K'? [[01;35m[K-Wimplicit-function-declaration[m[K]
  228 |     if(0 != [01;35m[KIoctlSocket[m[K(0, 0, 0))
      |             [01;35m[K^~~~~~~~~~~[m[K
      |             [32m[Kioctlsocket[m[K
[01m[KC:/Users/hturu/Downloads/TryTask-chor-client-side-aplication-2/build/Desktop_Qt_6_8_1_MinGW_64_bit-Debug/_deps/curl-src/CMake/CurlTests.c:228:13:[m[K [01;35m[Kwarning: [m[Knested extern declaration of '[01m[KIoctlSocket[m[K' [[01;35m[K-Wnested-externs[m[K]
[2/2] C:\WINDOWS\system32\cmd.exe /C "cd . && C:\Qt\Tools\mingw1310_64\bin\gcc.exe -W -Wall -pedantic -Wbad-function-cast -Wconversion -Winline -Wmissing-declarations -Wmissing-prototypes -Wnested-externs -Wno-long-long -Wno-multichar -Wpointer-arith -Wshadow -Wsign-compare -Wundef -Wunused -Wwrite-strings -Wcast-align -Wdeclaration-after-statement -Wempty-body -Wendif-labels -Wfloat-equal -Wignored-qualifiers -Wno-format-nonliteral -Wno-sign-conversion -Wno-system-headers -Wstrict-prototypes -Wtype-limits -Wvla -Wmissing-parameter-type -Wold-style-declaration -Wstrict-aliasing=3 -Wno-pedantic-ms-format -Wformat=2 -Warray-bounds=2 -ftree-vrp -Wduplicated-cond -Wnull-dereference -fdelete-null-pointer-checks -Wshift-negative-value -Wshift-overflow=2 -Walloc-zero -Wduplicated-branches -Wformat-overflow=2 -Wformat-truncation=1 -Wrestrict -Warith-conversion -Wdouble-promotion -Wenum-conversion -Wunused-const-variable -DHAVE_IOCTLSOCKET_CAMEL  -DHAVE_WINDOWS_H -DHAVE_WS2TCPIP_H -DHAVE_WINSOCK2_H -DHAVE_INTTYPES_H -DHAVE_SYS_STAT_H -DHAVE_SYS_TYPES_H -DHAVE_SYS_UTIME_H -DHAVE_FCNTL_H -DHAVE_IO_H -DHAVE_LIBGEN_H -DHAVE_LOCALE_H -DHAVE_STDATOMIC_H -DHAVE_STDBOOL_H -DHAVE_STDINT_H -DHAVE_UNISTD_H  CMakeFiles/cmTC_a64b0.dir/CurlTests.c.obj -o cmTC_a64b0.exe -Wl,--out-implib,libcmTC_a64b0.dll.a -Wl,--major-image-version,0,--minor-image-version,0  -lws2_32  -lkernel32 -luser32 -lgdi32 -lwinspool -lshell32 -lole32 -loleaut32 -luuid -lcomdlg32 -ladvapi32 && cd ."
[31mFAILED: [0mcmTC_a64b0.exe 
C:\WINDOWS\system32\cmd.exe /C "cd . && C:\Qt\Tools\mingw1310_64\bin\gcc.exe -W -Wall -pedantic -Wbad-function-cast -Wconversion -Winline -Wmissing-declarations -Wmissing-prototypes -Wnested-externs -Wno-long-long -Wno-multichar -Wpointer-arith -Wshadow -Wsign-compare -Wundef -Wunused -Wwrite-strings -Wcast-align -Wdeclaration-after-statement -Wempty-body -Wendif-labels -Wfloat-equal -Wignored-qualifiers -Wno-format-nonliteral -Wno-sign-conversion -Wno-system-headers -Wstrict-prototypes -Wtype-limits -Wvla -Wmissing-parameter-type -Wold-style-declaration -Wstrict-aliasing=3 -Wno-pedantic-ms-format -Wformat=2 -Warray-bounds=2 -ftree-vrp -Wduplicated-cond -Wnull-dereference -fdelete-null-pointer-checks -Wshift-negative-value -Wshift-overflow=2 -Walloc-zero -Wduplicated-branches -Wformat-overflow=2 -Wformat-truncation=1 -Wrestrict -Warith-conversion -Wdouble-promotion -Wenum-conversion -Wunused-const-variable -DHAVE_IOCTLSOCKET_CAMEL  -DHAVE_WINDOWS_H -DHAVE_WS2TCPIP_H -DHAVE_WINSOCK2_H -DHAVE_INTTYPES_H -DHAVE_SYS_STAT_H -DHAVE_SYS_TYPES_H -DHAVE_SYS_UTIME_H -DHAVE_FCNTL_H -DHAVE_IO_H -DHAVE_LIBGEN_H -DHAVE_LOCALE_H -DHAVE_STDATOMIC_H -DHAVE_STDBOOL_H -DHAVE_STDINT_H -DHAVE_UNISTD_H  CMakeFiles/cmTC_a64b0.dir/CurlTests.c.obj -o cmTC_a64b0.exe -Wl,--out-implib,libcmTC_a64b0.dll.a -Wl,--major-image-version,0,--minor-image-version,0  -lws2_32  -lkernel32 -luser32 -lgdi32 -lwinspool -lshell32 -lole32 -loleaut32 -luuid -lcomdlg32 -ladvapi32 && cd ."
C:/Qt/Tools/mingw1310_64/bin/../lib/gcc/x86_64-w64-mingw32/13.1.0/../../../../x86_64-w64-mingw32/bin/ld.exe: CMakeFiles/cmTC_a64b0.dir/CurlTests.c.obj:CurlTests.c:(.text+0x1e): undefined reference to `IoctlSocket'
collect2.exe: error: ld returned 1 exit status
ninja: build stopped: subcommand failed.


Performing Curl Test HAVE_IOCTLSOCKET_CAMEL_FIONBIO failed with the following output:
Change Dir: 'C:/Users/hturu/Downloads/TryTask-chor-client-side-aplication-2/build/Desktop_Qt_6_8_1_MinGW_64_bit-Debug/CMakeFiles/CMakeTmp'

Run Build Command(s): C:/Qt/Tools/Ninja/ninja.exe -v cmTC_20002
[1/2] C:\Qt\Tools\mingw1310_64\bin\gcc.exe   -W -Wall -pedantic -Wbad-function-cast -Wconversion -Winline -Wmissing-declarations -Wmissing-prototypes -Wnested-externs -Wno-long-long -Wno-multichar -Wpointer-arith -Wshadow -Wsign-compare -Wundef -Wunused -Wwrite-strings -Wcast-align -Wdeclaration-after-statement -Wempty-body -Wendif-labels -Wfloat-equal -Wignored-qualifiers -Wno-format-nonliteral -Wno-sign-conversion -Wno-system-headers -Wstrict-prototypes -Wtype-limits -Wvla -Wmissing-parameter-type -Wold-style-declaration -Wstrict-aliasing=3 -Wno-pedantic-ms-format -Wformat=2 -Warray-bounds=2 -ftree-vrp -Wduplicated-cond -Wnull-dereference -fdelete-null-pointer-checks -Wshift-negative-value -Wshift-overflow=2 -Walloc-zero -Wduplicated-branches -Wformat-overflow=2 -Wformat-truncation=1 -Wrestrict -Warith-conversion -Wdouble-promotion -Wenum-conversion -Wunused-const-variable -DHAVE_IOCTLSOCKET_CAMEL_FIONBIO  -DHAVE_WINDOWS_H -DHAVE_WS2TCPIP_H -DHAVE_WINSOCK2_H -DHAVE_INTTYPES_H -DHAVE_SYS_STAT_H -DHAVE_SYS_TYPES_H -DHAVE_SYS_UTIME_H -DHAVE_FCNTL_H -DHAVE_IO_H -DHAVE_LIBGEN_H -DHAVE_LOCALE_H -DHAVE_STDATOMIC_H -DHAVE_STDBOOL_H -DHAVE_STDINT_H -DHAVE_UNISTD_H -fdiagnostics-color=always -o CMakeFiles/cmTC_20002.dir/CurlTests.c.obj -c C:/Users/hturu/Downloads/TryTask-chor-client-side-aplication-2/build/Desktop_Qt_6_8_1_MinGW_64_bit-Debug/_deps/curl-src/CMake/CurlTests.c
[01m[KC:/Users/hturu/Downloads/TryTask-chor-client-side-aplication-2/build/Desktop_Qt_6_8_1_MinGW_64_bit-Debug/_deps/curl-src/CMake/CurlTests.c:247:1:[m[K [01;35m[Kwarning: [m[Kfunction declaration isn't a prototype [[01;35m[K-Wstrict-prototypes[m[K]
  247 | [01;35m[Kmain[m[K ()
      | [01;35m[K^~~~[m[K
[01m[KC:/Users/hturu/Downloads/TryTask-chor-client-side-aplication-2/build/Desktop_Qt_6_8_1_MinGW_64_bit-Debug/_deps/curl-src/CMake/CurlTests.c:[m[K In function '[01m[Kmain[m[K':
[01m[KC:/Users/hturu/Downloads/TryTask-chor-client-side-aplication-2/build/Desktop_Qt_6_8_1_MinGW_64_bit-Debug/_deps/curl-src/CMake/CurlTests.c:252:17:[m[K [01;35m[Kwarning: [m[Kimplicit declaration of function '[01m[KIoctlSocket[m[K'; did you mean '[01m[Kioctlsocket[m[K'? [[01;35m[K-Wimplicit-function-declaration[m[K]
  252 |         if(0 != [01;35m[KIoctlSocket[m[K(0, FIONBIO, &flags))
      |                 [01;35m[K^~~~~~~~~~~[m[K
      |                 [32m[Kioctlsocket[m[K
[01m[KC:/Users/hturu/Downloads/TryTask-chor-client-side-aplication-2/build/Desktop_Qt_6_8_1_MinGW_64_bit-Debug/_deps/curl-src/CMake/CurlTests.c:252:17:[m[K [01;35m[Kwarning: [m[Knested extern declaration of '[01m[KIoctlSocket[m[K' [[01;35m[K-Wnested-externs[m[K]
[2/2] C:\WINDOWS\system32\cmd.exe /C "cd . && C:\Qt\Tools\mingw1310_64\bin\gcc.exe -W -Wall -pedantic -Wbad-function-cast -Wconversion -Winline -Wmissing-declarations -Wmissing-prototypes -Wnested-externs -Wno-long-long -Wno-multichar -Wpointer-arith -Wshadow -Wsign-compare -Wundef -Wunused -Wwrite-strings -Wcast-align -Wdeclaration-after-statement -Wempty-body -Wendif-labels -Wfloat-equal -Wignored-qualifiers -Wno-format-nonliteral -Wno-sign-conversion -Wno-system-headers -Wstrict-prototypes -Wtype-limits -Wvla -Wmissing-parameter-type -Wold-style-declaration -Wstrict-aliasing=3 -Wno-pedantic-ms-format -Wformat=2 -Warray-bounds=2 -ftree-vrp -Wduplicated-cond -Wnull-dereference -fdelete-null-pointer-checks -Wshift-negative-value -Wshift-overflow=2 -Walloc-zero -Wduplicated-branches -Wformat-overflow=2 -Wformat-truncation=1 -Wrestrict -Warith-conversion -Wdouble-promotion -Wenum-conversion -Wunused-const-variable -DHAVE_IOCTLSOCKET_CAMEL_FIONBIO  -DHAVE_WINDOWS_H -DHAVE_WS2TCPIP_H -DHAVE_WINSOCK2_H -DHAVE_INTTYPES_H -DHAVE_SYS_STAT_H -DHAVE_SYS_TYPES_H -DHAVE_SYS_UTIME_H -DHAVE_FCNTL_H -DHAVE_IO_H -DHAVE_LIBGEN_H -DHAVE_LOCALE_H -DHAVE_STDATOMIC_H -DHAVE_STDBOOL_H -DHAVE_STDINT_H -DHAVE_UNISTD_H  CMakeFiles/cmTC_20002.dir/CurlTests.c.obj -o cmTC_20002.exe -Wl,--out-implib,libcmTC_20002.dll.a -Wl,--major-image-version,0,--minor-image-version,0  -lws2_32  -lkernel32 -luser32 -lgdi32 -lwinspool -lshell32 -lole32 -loleaut32 -luuid -lcomdlg32 -ladvapi32 && cd ."
[31mFAILED: [0mcmTC_20002.exe 
C:\WINDOWS\system32\cmd.exe /C "cd . && C:\Qt\Tools\mingw1310_64\bin\gcc.exe -W -Wall -pedantic -Wbad-function-cast -Wconversion -Winline -Wmissing-declarations -Wmissing-prototypes -Wnested-externs -Wno-long-long -Wno-multichar -Wpointer-arith -Wshadow -Wsign-compare -Wundef -Wunused -Wwrite-strings -Wcast-align -Wdeclaration-after-statement -Wempty-body -Wendif-labels -Wfloat-equal -Wignored-qualifiers -Wno-format-nonliteral -Wno-sign-conversion -Wno-system-headers -Wstrict-prototypes -Wtype-limits -Wvla -Wmissing-parameter-type -Wold-style-declaration -Wstrict-aliasing=3 -Wno-pedantic-ms-format -Wformat=2 -Warray-bounds=2 -ftree-vrp -Wduplicated-cond -Wnull-dereference -fdelete-null-pointer-checks -Wshift-negative-value -Wshift-overflow=2 -Walloc-zero -Wduplicated-branches -Wformat-overflow=2 -Wformat-truncation=1 -Wrestrict -Warith-conversion -Wdouble-promotion -Wenum-conversion -Wunused-const-variable -DHAVE_IOCTLSOCKET_CAMEL_FIONBIO  -DHAVE_WINDOWS_H -DHAVE_WS2TCPIP_H -DHAVE_WINSOCK2_H -DHAVE_INTTYPES_H -DHAVE_SYS_STAT_H -DHAVE_SYS_TYPES_H -DHAVE_SYS_UTIME_H -DHAVE_FCNTL_H -DHAVE_IO_H -DHAVE_LIBGEN_H -DHAVE_LOCALE_H -DHAVE_STDATOMIC_H -DHAVE_STDBOOL_H -DHAVE_STDINT_H -DHAVE_UNISTD_H  CMakeFiles/cmTC_20002.dir/CurlTests.c.obj -o cmTC_20002.exe -Wl,--out-implib,libcmTC_20002.dll.a -Wl,--major-image-version,0,--minor-image-version,0  -lws2_32  -lkernel32 -luser32 -lgdi32 -lwinspool -lshell32 -lole32 -loleaut32 -luuid -lcomdlg32 -ladvapi32 && cd ."
C:/Qt/Tools/mingw1310_64/bin/../lib/gcc/x86_64-w64-mingw32/13.1.0/../../../../x86_64-w64-mingw32/bin/ld.exe: CMakeFiles/cmTC_20002.dir/CurlTests.c.obj:CurlTests.c:(.text+0x26): undefined reference to `IoctlSocket'
collect2.exe: error: ld returned 1 exit status
ninja: build stopped: subcommand failed.


Performing Curl Test HAVE_IOCTL_FIONBIO failed with the following output:
Change Dir: 'C:/Users/hturu/Downloads/TryTask-chor-client-side-aplication-2/build/Desktop_Qt_6_8_1_MinGW_64_bit-Debug/CMakeFiles/CMakeTmp'

Run Build Command(s): C:/Qt/Tools/Ninja/ninja.exe -v cmTC_c91e9
[1/2] C:\Qt\Tools\mingw1310_64\bin\gcc.exe   -W -Wall -pedantic -Wbad-function-cast -Wconversion -Winline -Wmissing-declarations -Wmissing-prototypes -Wnested-externs -Wno-long-long -Wno-multichar -Wpointer-arith -Wshadow -Wsign-compare -Wundef -Wunused -Wwrite-strings -Wcast-align -Wdeclaration-after-statement -Wempty-body -Wendif-labels -Wfloat-equal -Wignored-qualifiers -Wno-format-nonliteral -Wno-sign-conversion -Wno-system-headers -Wstrict-prototypes -Wtype-limits -Wvla -Wmissing-parameter-type -Wold-style-declaration -Wstrict-aliasing=3 -Wno-pedantic-ms-format -Wformat=2 -Warray-bounds=2 -ftree-vrp -Wduplicated-cond -Wnull-dereference -fdelete-null-pointer-checks -Wshift-negative-value -Wshift-overflow=2 -Walloc-zero -Wduplicated-branches -Wformat-overflow=2 -Wformat-truncation=1 -Wrestrict -Warith-conversion -Wdouble-promotion -Wenum-conversion -Wunused-const-variable -DHAVE_IOCTL_FIONBIO  -DHAVE_WINDOWS_H -DHAVE_WS2TCPIP_H -DHAVE_WINSOCK2_H -DHAVE_INTTYPES_H -DHAVE_SYS_STAT_H -DHAVE_SYS_TYPES_H -DHAVE_SYS_UTIME_H -DHAVE_FCNTL_H -DHAVE_IO_H -DHAVE_LIBGEN_H -DHAVE_LOCALE_H -DHAVE_STDATOMIC_H -DHAVE_STDBOOL_H -DHAVE_STDINT_H -DHAVE_UNISTD_H -fdiagnostics-color=always -o CMakeFiles/cmTC_c91e9.dir/CurlTests.c.obj -c C:/Users/hturu/Downloads/TryTask-chor-client-side-aplication-2/build/Desktop_Qt_6_8_1_MinGW_64_bit-Debug/_deps/curl-src/CMake/CurlTests.c
[31mFAILED: [0mCMakeFiles/cmTC_c91e9.dir/CurlTests.c.obj 
C:\Qt\Tools\mingw1310_64\bin\gcc.exe   -W -Wall -pedantic -Wbad-function-cast -Wconversion -Winline -Wmissing-declarations -Wmissing-prototypes -Wnested-externs -Wno-long-long -Wno-multichar -Wpointer-arith -Wshadow -Wsign-compare -Wundef -Wunused -Wwrite-strings -Wcast-align -Wdeclaration-after-statement -Wempty-body -Wendif-labels -Wfloat-equal -Wignored-qualifiers -Wno-format-nonliteral -Wno-sign-conversion -Wno-system-headers -Wstrict-prototypes -Wtype-limits -Wvla -Wmissing-parameter-type -Wold-style-declaration -Wstrict-aliasing=3 -Wno-pedantic-ms-format -Wformat=2 -Warray-bounds=2 -ftree-vrp -Wduplicated-cond -Wnull-dereference -fdelete-null-pointer-checks -Wshift-negative-value -Wshift-overflow=2 -Walloc-zero -Wduplicated-branches -Wformat-overflow=2 -Wformat-truncation=1 -Wrestrict -Warith-conversion -Wdouble-promotion -Wenum-conversion -Wunused-const-variable -DHAVE_IOCTL_FIONBIO  -DHAVE_WINDOWS_H -DHAVE_WS2TCPIP_H -DHAVE_WINSOCK2_H -DHAVE_INTTYPES_H -DHAVE_SYS_STAT_H -DHAVE_SYS_TYPES_H -DHAVE_SYS_UTIME_H -DHAVE_FCNTL_H -DHAVE_IO_H -DHAVE_LIBGEN_H -DHAVE_LOCALE_H -DHAVE_STDATOMIC_H -DHAVE_STDBOOL_H -DHAVE_STDINT_H -DHAVE_UNISTD_H -fdiagnostics-color=always -o CMakeFiles/cmTC_c91e9.dir/CurlTests.c.obj -c C:/Users/hturu/Downloads/TryTask-chor-client-side-aplication-2/build/Desktop_Qt_6_8_1_MinGW_64_bit-Debug/_deps/curl-src/CMake/CurlTests.c
[01m[KC:/Users/hturu/Downloads/TryTask-chor-client-side-aplication-2/build/Desktop_Qt_6_8_1_MinGW_64_bit-Debug/_deps/curl-src/CMake/CurlTests.c:302:1:[m[K [01;35m[Kwarning: [m[Kfunction declaration isn't a prototype [[01;35m[K-Wstrict-prototypes[m[K]
  302 | [01;35m[Kmain[m[K ()
      | [01;35m[K^~~~[m[K
[01m[KC:/Users/hturu/Downloads/TryTask-chor-client-side-aplication-2/build/Desktop_Qt_6_8_1_MinGW_64_bit-Debug/_deps/curl-src/CMake/CurlTests.c:[m[K In function '[01m[Kmain[m[K':
[01m[KC:/Users/hturu/Downloads/TryTask-chor-client-side-aplication-2/build/Desktop_Qt_6_8_1_MinGW_64_bit-Debug/_deps/curl-src/CMake/CurlTests.c:306:17:[m[K [01;35m[Kwarning: [m[Kimplicit declaration of function '[01m[Kioctl[m[K' [[01;35m[K-Wimplicit-function-declaration[m[K]
  306 |         if(0 != [01;35m[Kioctl[m[K(0, FIONBIO, &flags))
      |                 [01;35m[K^~~~~[m[K
[01m[KC:/Users/hturu/Downloads/TryTask-chor-client-side-aplication-2/build/Desktop_Qt_6_8_1_MinGW_64_bit-Debug/_deps/curl-src/CMake/CurlTests.c:306:17:[m[K [01;35m[Kwarning: [m[Knested extern declaration of '[01m[Kioctl[m[K' [[01;35m[K-Wnested-externs[m[K]
[01m[KC:/Users/hturu/Downloads/TryTask-chor-client-side-aplication-2/build/Desktop_Qt_6_8_1_MinGW_64_bit-Debug/_deps/curl-src/CMake/CurlTests.c:306:26:[m[K [01;31m[Kerror: [m[K'[01m[KFIONBIO[m[K' undeclared (first use in this function)
  306 |         if(0 != ioctl(0, [01;31m[KFIONBIO[m[K, &flags))
      |                          [01;31m[K^~~~~~~[m[K
[01m[KC:/Users/hturu/Downloads/TryTask-chor-client-side-aplication-2/build/Desktop_Qt_6_8_1_MinGW_64_bit-Debug/_deps/curl-src/CMake/CurlTests.c:306:26:[m[K [01;36m[Knote: [m[Keach undeclared identifier is reported only once for each function it appears in
ninja: build stopped: subcommand failed.


Performing Curl Test HAVE_SETSOCKOPT_SO_NONBLOCK failed with the following output:
Change Dir: 'C:/Users/hturu/Downloads/TryTask-chor-client-side-aplication-2/build/Desktop_Qt_6_8_1_MinGW_64_bit-Debug/CMakeFiles/CMakeTmp'

Run Build Command(s): C:/Qt/Tools/Ninja/ninja.exe -v cmTC_863ce
[1/2] C:\Qt\Tools\mingw1310_64\bin\gcc.exe   -W -Wall -pedantic -Wbad-function-cast -Wconversion -Winline -Wmissing-declarations -Wmissing-prototypes -Wnested-externs -Wno-long-long -Wno-multichar -Wpointer-arith -Wshadow -Wsign-compare -Wundef -Wunused -Wwrite-strings -Wcast-align -Wdeclaration-after-statement -Wempty-body -Wendif-labels -Wfloat-equal -Wignored-qualifiers -Wno-format-nonliteral -Wno-sign-conversion -Wno-system-headers -Wstrict-prototypes -Wtype-limits -Wvla -Wmissing-parameter-type -Wold-style-declaration -Wstrict-aliasing=3 -Wno-pedantic-ms-format -Wformat=2 -Warray-bounds=2 -ftree-vrp -Wduplicated-cond -Wnull-dereference -fdelete-null-pointer-checks -Wshift-negative-value -Wshift-overflow=2 -Walloc-zero -Wduplicated-branches -Wformat-overflow=2 -Wformat-truncation=1 -Wrestrict -Warith-conversion -Wdouble-promotion -Wenum-conversion -Wunused-const-variable -DHAVE_SETSOCKOPT_SO_NONBLOCK  -DHAVE_WINDOWS_H -DHAVE_WS2TCPIP_H -DHAVE_WINSOCK2_H -DHAVE_INTTYPES_H -DHAVE_SYS_STAT_H -DHAVE_SYS_TYPES_H -DHAVE_SYS_UTIME_H -DHAVE_FCNTL_H -DHAVE_IO_H -DHAVE_LIBGEN_H -DHAVE_LOCALE_H -DHAVE_STDATOMIC_H -DHAVE_STDBOOL_H -DHAVE_STDINT_H -DHAVE_UNISTD_H -fdiagnostics-color=always -o CMakeFiles/cmTC_863ce.dir/CurlTests.c.obj -c C:/Users/hturu/Downloads/TryTask-chor-client-side-aplication-2/build/Desktop_Qt_6_8_1_MinGW_64_bit-Debug/_deps/curl-src/CMake/CurlTests.c
[31mFAILED: [0mCMakeFiles/cmTC_863ce.dir/CurlTests.c.obj 
C:\Qt\Tools\mingw1310_64\bin\gcc.exe   -W -Wall -pedantic -Wbad-function-cast -Wconversion -Winline -Wmissing-declarations -Wmissing-prototypes -Wnested-externs -Wno-long-long -Wno-multichar -Wpointer-arith -Wshadow -Wsign-compare -Wundef -Wunused -Wwrite-strings -Wcast-align -Wdeclaration-after-statement -Wempty-body -Wendif-labels -Wfloat-equal -Wignored-qualifiers -Wno-format-nonliteral -Wno-sign-conversion -Wno-system-headers -Wstrict-prototypes -Wtype-limits -Wvla -Wmissing-parameter-type -Wold-style-declaration -Wstrict-aliasing=3 -Wno-pedantic-ms-format -Wformat=2 -Warray-bounds=2 -ftree-vrp -Wduplicated-cond -Wnull-dereference -fdelete-null-pointer-checks -Wshift-negative-value -Wshift-overflow=2 -Walloc-zero -Wduplicated-branches -Wformat-overflow=2 -Wformat-truncation=1 -Wrestrict -Warith-conversion -Wdouble-promotion -Wenum-conversion -Wunused-const-variable -DHAVE_SETSOCKOPT_SO_NONBLOCK  -DHAVE_WINDOWS_H -DHAVE_WS2TCPIP_H -DHAVE_WINSOCK2_H -DHAVE_INTTYPES_H -DHAVE_SYS_STAT_H -DHAVE_SYS_TYPES_H -DHAVE_SYS_UTIME_H -DHAVE_FCNTL_H -DHAVE_IO_H -DHAVE_LIBGEN_H -DHAVE_LOCALE_H -DHAVE_STDATOMIC_H -DHAVE_STDBOOL_H -DHAVE_STDINT_H -DHAVE_UNISTD_H -fdiagnostics-color=always -o CMakeFiles/cmTC_863ce.dir/CurlTests.c.obj -c C:/Users/hturu/Downloads/TryTask-chor-client-side-aplication-2/build/Desktop_Qt_6_8_1_MinGW_64_bit-Debug/_deps/curl-src/CMake/CurlTests.c
[01m[KC:/Users/hturu/Downloads/TryTask-chor-client-side-aplication-2/build/Desktop_Qt_6_8_1_MinGW_64_bit-Debug/_deps/curl-src/CMake/CurlTests.c:365:1:[m[K [01;35m[Kwarning: [m[Kfunction declaration isn't a prototype [[01;35m[K-Wstrict-prototypes[m[K]
  365 | [01;35m[Kmain[m[K ()
      | [01;35m[K^~~~[m[K
[01m[KC:/Users/hturu/Downloads/TryTask-chor-client-side-aplication-2/build/Desktop_Qt_6_8_1_MinGW_64_bit-Debug/_deps/curl-src/CMake/CurlTests.c:[m[K In function '[01m[Kmain[m[K':
[01m[KC:/Users/hturu/Downloads/TryTask-chor-client-side-aplication-2/build/Desktop_Qt_6_8_1_MinGW_64_bit-Debug/_deps/curl-src/CMake/CurlTests.c:367:43:[m[K [01;31m[Kerror: [m[K'[01m[KSO_NONBLOCK[m[K' undeclared (first use in this function)
  367 |         if(0 != setsockopt(0, SOL_SOCKET, [01;31m[KSO_NONBLOCK[m[K, 0, 0))
      |                                           [01;31m[K^~~~~~~~~~~[m[K
[01m[KC:/Users/hturu/Downloads/TryTask-chor-client-side-aplication-2/build/Desktop_Qt_6_8_1_MinGW_64_bit-Debug/_deps/curl-src/CMake/CurlTests.c:367:43:[m[K [01;36m[Knote: [m[Keach undeclared identifier is reported only once for each function it appears in
ninja: build stopped: subcommand failed.


Performing Curl Test HAVE_POSIX_STRERROR_R failed with the following output:
Change Dir: 'C:/Users/hturu/Downloads/TryTask-chor-client-side-aplication-2/build/Desktop_Qt_6_8_1_MinGW_64_bit-Debug/CMakeFiles/CMakeTmp'

Run Build Command(s): C:/Qt/Tools/Ninja/ninja.exe -v cmTC_56568
[1/2] C:\Qt\Tools\mingw1310_64\bin\gcc.exe   -W -Wall -pedantic -Wbad-function-cast -Wconversion -Winline -Wmissing-declarations -Wmissing-prototypes -Wnested-externs -Wno-long-long -Wno-multichar -Wpointer-arith -Wshadow -Wsign-compare -Wundef -Wunused -Wwrite-strings -Wcast-align -Wdeclaration-after-statement -Wempty-body -Wendif-labels -Wfloat-equal -Wignored-qualifiers -Wno-format-nonliteral -Wno-sign-conversion -Wno-system-headers -Wstrict-prototypes -Wtype-limits -Wvla -Wmissing-parameter-type -Wold-style-declaration -Wstrict-aliasing=3 -Wno-pedantic-ms-format -Wformat=2 -Warray-bounds=2 -ftree-vrp -Wduplicated-cond -Wnull-dereference -fdelete-null-pointer-checks -Wshift-negative-value -Wshift-overflow=2 -Walloc-zero -Wduplicated-branches -Wformat-overflow=2 -Wformat-truncation=1 -Wrestrict -Warith-conversion -Wdouble-promotion -Wenum-conversion -Wunused-const-variable -DHAVE_POSIX_STRERROR_R  -DHAVE_WINDOWS_H -DHAVE_WS2TCPIP_H -DHAVE_WINSOCK2_H -DHAVE_INTTYPES_H -DHAVE_SYS_STAT_H -DHAVE_SYS_TYPES_H -DHAVE_SYS_UTIME_H -DHAVE_FCNTL_H -DHAVE_IO_H -DHAVE_LIBGEN_H -DHAVE_LOCALE_H -DHAVE_STDATOMIC_H -DHAVE_STDBOOL_H -DHAVE_STDINT_H -DHAVE_UNISTD_H -fdiagnostics-color=always -o CMakeFiles/cmTC_56568.dir/CurlTests.c.obj -c C:/Users/hturu/Downloads/TryTask-chor-client-side-aplication-2/build/Desktop_Qt_6_8_1_MinGW_64_bit-Debug/_deps/curl-src/CMake/CurlTests.c
[01m[KC:/Users/hturu/Downloads/TryTask-chor-client-side-aplication-2/build/Desktop_Qt_6_8_1_MinGW_64_bit-Debug/_deps/curl-src/CMake/CurlTests.c:392:6:[m[K [01;35m[Kwarning: [m[Kno previous prototype for '[01m[Kcheck[m[K' [[01;35m[K-Wmissing-prototypes[m[K]
  392 | void [01;35m[Kcheck[m[K(float f) {}
      |      [01;35m[K^~~~~[m[K
[01m[KC:/Users/hturu/Downloads/TryTask-chor-client-side-aplication-2/build/Desktop_Qt_6_8_1_MinGW_64_bit-Debug/_deps/curl-src/CMake/CurlTests.c:[m[K In function '[01m[Kcheck[m[K':
[01m[KC:/Users/hturu/Downloads/TryTask-chor-client-side-aplication-2/build/Desktop_Qt_6_8_1_MinGW_64_bit-Debug/_deps/curl-src/CMake/CurlTests.c:392:18:[m[K [01;35m[Kwarning: [m[Kunused parameter '[01m[Kf[m[K' [[01;35m[K-Wunused-parameter[m[K]
  392 | void check([01;35m[Kfloat f[m[K) {}
      |            [01;35m[K~~~~~~^[m[K
[01m[KC:/Users/hturu/Downloads/TryTask-chor-client-side-aplication-2/build/Desktop_Qt_6_8_1_MinGW_64_bit-Debug/_deps/curl-src/CMake/CurlTests.c:[m[K At top level:
[01m[KC:/Users/hturu/Downloads/TryTask-chor-client-side-aplication-2/build/Desktop_Qt_6_8_1_MinGW_64_bit-Debug/_deps/curl-src/CMake/CurlTests.c:395:1:[m[K [01;35m[Kwarning: [m[Kfunction declaration isn't a prototype [[01;35m[K-Wstrict-prototypes[m[K]
  395 | [01;35m[Kmain[m[K () {
      | [01;35m[K^~~~[m[K
[01m[KC:/Users/hturu/Downloads/TryTask-chor-client-side-aplication-2/build/Desktop_Qt_6_8_1_MinGW_64_bit-Debug/_deps/curl-src/CMake/CurlTests.c:[m[K In function '[01m[Kmain[m[K':
[01m[KC:/Users/hturu/Downloads/TryTask-chor-client-side-aplication-2/build/Desktop_Qt_6_8_1_MinGW_64_bit-Debug/_deps/curl-src/CMake/CurlTests.c:398:9:[m[K [01;35m[Kwarning: [m[Kimplicit declaration of function '[01m[Kstrerror_r[m[K'; did you mean '[01m[Kstrerror_s[m[K'? [[01;35m[K-Wimplicit-function-declaration[m[K]
  398 |   check([01;35m[Kstrerror_r[m[K(EACCES, buffer, sizeof(buffer)));
      |         [01;35m[K^~~~~~~~~~[m[K
      |         [32m[Kstrerror_s[m[K
[01m[KC:/Users/hturu/Downloads/TryTask-chor-client-side-aplication-2/build/Desktop_Qt_6_8_1_MinGW_64_bit-Debug/_deps/curl-src/CMake/CurlTests.c:398:9:[m[K [01;35m[Kwarning: [m[Knested extern declaration of '[01m[Kstrerror_r[m[K' [[01;35m[K-Wnested-externs[m[K]
[01m[KC:/Users/hturu/Downloads/TryTask-chor-client-side-aplication-2/build/Desktop_Qt_6_8_1_MinGW_64_bit-Debug/_deps/curl-src/CMake/CurlTests.c:398:9:[m[K [01;35m[Kwarning: [m[Kconversion from '[01m[Kint[m[K' to '[01m[Kfloat[m[K' may change value [[01;35m[K-Wconversion[m[K]
  398 |   check([01;35m[Kstrerror_r(EACCES, buffer, sizeof(buffer))[m[K);
      |         [01;35m[K^~~~~~~~~~~~~~~~~~~~~~~~~~~~~~~~~~~~~~~~~~[m[K
[2/2] C:\WINDOWS\system32\cmd.exe /C "cd . && C:\Qt\Tools\mingw1310_64\bin\gcc.exe -W -Wall -pedantic -Wbad-function-cast -Wconversion -Winline -Wmissing-declarations -Wmissing-prototypes -Wnested-externs -Wno-long-long -Wno-multichar -Wpointer-arith -Wshadow -Wsign-compare -Wundef -Wunused -Wwrite-strings -Wcast-align -Wdeclaration-after-statement -Wempty-body -Wendif-labels -Wfloat-equal -Wignored-qualifiers -Wno-format-nonliteral -Wno-sign-conversion -Wno-system-headers -Wstrict-prototypes -Wtype-limits -Wvla -Wmissing-parameter-type -Wold-style-declaration -Wstrict-aliasing=3 -Wno-pedantic-ms-format -Wformat=2 -Warray-bounds=2 -ftree-vrp -Wduplicated-cond -Wnull-dereference -fdelete-null-pointer-checks -Wshift-negative-value -Wshift-overflow=2 -Walloc-zero -Wduplicated-branches -Wformat-overflow=2 -Wformat-truncation=1 -Wrestrict -Warith-conversion -Wdouble-promotion -Wenum-conversion -Wunused-const-variable -DHAVE_POSIX_STRERROR_R  -DHAVE_WINDOWS_H -DHAVE_WS2TCPIP_H -DHAVE_WINSOCK2_H -DHAVE_INTTYPES_H -DHAVE_SYS_STAT_H -DHAVE_SYS_TYPES_H -DHAVE_SYS_UTIME_H -DHAVE_FCNTL_H -DHAVE_IO_H -DHAVE_LIBGEN_H -DHAVE_LOCALE_H -DHAVE_STDATOMIC_H -DHAVE_STDBOOL_H -DHAVE_STDINT_H -DHAVE_UNISTD_H  CMakeFiles/cmTC_56568.dir/CurlTests.c.obj -o cmTC_56568.exe -Wl,--out-implib,libcmTC_56568.dll.a -Wl,--major-image-version,0,--minor-image-version,0  -lws2_32  -lkernel32 -luser32 -lgdi32 -lwinspool -lshell32 -lole32 -loleaut32 -luuid -lcomdlg32 -ladvapi32 && cd ."
[31mFAILED: [0mcmTC_56568.exe 
C:\WINDOWS\system32\cmd.exe /C "cd . && C:\Qt\Tools\mingw1310_64\bin\gcc.exe -W -Wall -pedantic -Wbad-function-cast -Wconversion -Winline -Wmissing-declarations -Wmissing-prototypes -Wnested-externs -Wno-long-long -Wno-multichar -Wpointer-arith -Wshadow -Wsign-compare -Wundef -Wunused -Wwrite-strings -Wcast-align -Wdeclaration-after-statement -Wempty-body -Wendif-labels -Wfloat-equal -Wignored-qualifiers -Wno-format-nonliteral -Wno-sign-conversion -Wno-system-headers -Wstrict-prototypes -Wtype-limits -Wvla -Wmissing-parameter-type -Wold-style-declaration -Wstrict-aliasing=3 -Wno-pedantic-ms-format -Wformat=2 -Warray-bounds=2 -ftree-vrp -Wduplicated-cond -Wnull-dereference -fdelete-null-pointer-checks -Wshift-negative-value -Wshift-overflow=2 -Walloc-zero -Wduplicated-branches -Wformat-overflow=2 -Wformat-truncation=1 -Wrestrict -Warith-conversion -Wdouble-promotion -Wenum-conversion -Wunused-const-variable -DHAVE_POSIX_STRERROR_R  -DHAVE_WINDOWS_H -DHAVE_WS2TCPIP_H -DHAVE_WINSOCK2_H -DHAVE_INTTYPES_H -DHAVE_SYS_STAT_H -DHAVE_SYS_TYPES_H -DHAVE_SYS_UTIME_H -DHAVE_FCNTL_H -DHAVE_IO_H -DHAVE_LIBGEN_H -DHAVE_LOCALE_H -DHAVE_STDATOMIC_H -DHAVE_STDBOOL_H -DHAVE_STDINT_H -DHAVE_UNISTD_H  CMakeFiles/cmTC_56568.dir/CurlTests.c.obj -o cmTC_56568.exe -Wl,--out-implib,libcmTC_56568.dll.a -Wl,--major-image-version,0,--minor-image-version,0  -lws2_32  -lkernel32 -luser32 -lgdi32 -lwinspool -lshell32 -lole32 -loleaut32 -luuid -lcomdlg32 -ladvapi32 && cd ."
C:/Qt/Tools/mingw1310_64/bin/../lib/gcc/x86_64-w64-mingw32/13.1.0/../../../../x86_64-w64-mingw32/bin/ld.exe: CMakeFiles/cmTC_56568.dir/CurlTests.c.obj:CurlTests.c:(.text+0x34): undefined reference to `strerror_r'
collect2.exe: error: ld returned 1 exit status
ninja: build stopped: subcommand failed.


Performing Curl Test HAVE_BUILTIN_AVAILABLE failed with the following output:
Change Dir: 'C:/Users/hturu/Downloads/TryTask-chor-client-side-aplication-2/build/Desktop_Qt_6_8_1_MinGW_64_bit-Debug/CMakeFiles/CMakeTmp'

Run Build Command(s): C:/Qt/Tools/Ninja/ninja.exe -v cmTC_be7d2
[1/2] C:\Qt\Tools\mingw1310_64\bin\gcc.exe   -W -Wall -pedantic -Wbad-function-cast -Wconversion -Winline -Wmissing-declarations -Wmissing-prototypes -Wnested-externs -Wno-long-long -Wno-multichar -Wpointer-arith -Wshadow -Wsign-compare -Wundef -Wunused -Wwrite-strings -Wcast-align -Wdeclaration-after-statement -Wempty-body -Wendif-labels -Wfloat-equal -Wignored-qualifiers -Wno-format-nonliteral -Wno-sign-conversion -Wno-system-headers -Wstrict-prototypes -Wtype-limits -Wvla -Wmissing-parameter-type -Wold-style-declaration -Wstrict-aliasing=3 -Wno-pedantic-ms-format -Wformat=2 -Warray-bounds=2 -ftree-vrp -Wduplicated-cond -Wnull-dereference -fdelete-null-pointer-checks -Wshift-negative-value -Wshift-overflow=2 -Walloc-zero -Wduplicated-branches -Wformat-overflow=2 -Wformat-truncation=1 -Wrestrict -Warith-conversion -Wdouble-promotion -Wenum-conversion -Wunused-const-variable -DHAVE_BUILTIN_AVAILABLE  -DHAVE_WINDOWS_H -DHAVE_WS2TCPIP_H -DHAVE_WINSOCK2_H -DHAVE_INTTYPES_H -DHAVE_SYS_STAT_H -DHAVE_SYS_TYPES_H -DHAVE_SYS_UTIME_H -DHAVE_FCNTL_H -DHAVE_IO_H -DHAVE_LIBGEN_H -DHAVE_LOCALE_H -DHAVE_STDATOMIC_H -DHAVE_STDBOOL_H -DHAVE_STDINT_H -DHAVE_UNISTD_H -fdiagnostics-color=always -o CMakeFiles/cmTC_be7d2.dir/CurlTests.c.obj -c C:/Users/hturu/Downloads/TryTask-chor-client-side-aplication-2/build/Desktop_Qt_6_8_1_MinGW_64_bit-Debug/_deps/curl-src/CMake/CurlTests.c
[31mFAILED: [0mCMakeFiles/cmTC_be7d2.dir/CurlTests.c.obj 
C:\Qt\Tools\mingw1310_64\bin\gcc.exe   -W -Wall -pedantic -Wbad-function-cast -Wconversion -Winline -Wmissing-declarations -Wmissing-prototypes -Wnested-externs -Wno-long-long -Wno-multichar -Wpointer-arith -Wshadow -Wsign-compare -Wundef -Wunused -Wwrite-strings -Wcast-align -Wdeclaration-after-statement -Wempty-body -Wendif-labels -Wfloat-equal -Wignored-qualifiers -Wno-format-nonliteral -Wno-sign-conversion -Wno-system-headers -Wstrict-prototypes -Wtype-limits -Wvla -Wmissing-parameter-type -Wold-style-declaration -Wstrict-aliasing=3 -Wno-pedantic-ms-format -Wformat=2 -Warray-bounds=2 -ftree-vrp -Wduplicated-cond -Wnull-dereference -fdelete-null-pointer-checks -Wshift-negative-value -Wshift-overflow=2 -Walloc-zero -Wduplicated-branches -Wformat-overflow=2 -Wformat-truncation=1 -Wrestrict -Warith-conversion -Wdouble-promotion -Wenum-conversion -Wunused-const-variable -DHAVE_BUILTIN_AVAILABLE  -DHAVE_WINDOWS_H -DHAVE_WS2TCPIP_H -DHAVE_WINSOCK2_H -DHAVE_INTTYPES_H -DHAVE_SYS_STAT_H -DHAVE_SYS_TYPES_H -DHAVE_SYS_UTIME_H -DHAVE_FCNTL_H -DHAVE_IO_H -DHAVE_LIBGEN_H -DHAVE_LOCALE_H -DHAVE_STDATOMIC_H -DHAVE_STDBOOL_H -DHAVE_STDINT_H -DHAVE_UNISTD_H -fdiagnostics-color=always -o CMakeFiles/cmTC_be7d2.dir/CurlTests.c.obj -c C:/Users/hturu/Downloads/TryTask-chor-client-side-aplication-2/build/Desktop_Qt_6_8_1_MinGW_64_bit-Debug/_deps/curl-src/CMake/CurlTests.c
[01m[KC:/Users/hturu/Downloads/TryTask-chor-client-side-aplication-2/build/Desktop_Qt_6_8_1_MinGW_64_bit-Debug/_deps/curl-src/CMake/CurlTests.c:429:1:[m[K [01;35m[Kwarning: [m[Kfunction declaration isn't a prototype [[01;35m[K-Wstrict-prototypes[m[K]
  429 | [01;35m[Kmain[m[K() {
      | [01;35m[K^~~~[m[K
[01m[KC:/Users/hturu/Downloads/TryTask-chor-client-side-aplication-2/build/Desktop_Qt_6_8_1_MinGW_64_bit-Debug/_deps/curl-src/CMake/CurlTests.c:[m[K In function '[01m[Kmain[m[K':
[01m[KC:/Users/hturu/Downloads/TryTask-chor-client-side-aplication-2/build/Desktop_Qt_6_8_1_MinGW_64_bit-Debug/_deps/curl-src/CMake/CurlTests.c:430:6:[m[K [01;35m[Kwarning: [m[Kimplicit declaration of function '[01m[K__builtin_available[m[K'; did you mean '[01m[K__builtin_scalbl[m[K'? [[01;35m[K-Wimplicit-function-declaration[m[K]
  430 |   if([01;35m[K__builtin_available[m[K(macOS 10.12, *)) {}
      |      [01;35m[K^~~~~~~~~~~~~~~~~~~[m[K
      |      [32m[K__builtin_scalbl[m[K
[01m[KC:/Users/hturu/Downloads/TryTask-chor-client-side-aplication-2/build/Desktop_Qt_6_8_1_MinGW_64_bit-Debug/_deps/curl-src/CMake/CurlTests.c:430:6:[m[K [01;35m[Kwarning: [m[Knested extern declaration of '[01m[K__builtin_available[m[K' [[01;35m[K-Wnested-externs[m[K]
[01m[KC:/Users/hturu/Downloads/TryTask-chor-client-side-aplication-2/build/Desktop_Qt_6_8_1_MinGW_64_bit-Debug/_deps/curl-src/CMake/CurlTests.c:430:26:[m[K [01;31m[Kerror: [m[K'[01m[KmacOS[m[K' undeclared (first use in this function)
  430 |   if(__builtin_available([01;31m[KmacOS[m[K 10.12, *)) {}
      |                          [01;31m[K^~~~~[m[K
[01m[KC:/Users/hturu/Downloads/TryTask-chor-client-side-aplication-2/build/Desktop_Qt_6_8_1_MinGW_64_bit-Debug/_deps/curl-src/CMake/CurlTests.c:430:26:[m[K [01;36m[Knote: [m[Keach undeclared identifier is reported only once for each function it appears in
[01m[KC:/Users/hturu/Downloads/TryTask-chor-client-side-aplication-2/build/Desktop_Qt_6_8_1_MinGW_64_bit-Debug/_deps/curl-src/CMake/CurlTests.c:430:31:[m[K [01;31m[Kerror: [m[Kexpected '[01m[K)[m[K' before numeric constant
  430 |   if(__builtin_available[34m[K([m[KmacOS[01;31m[K [m[K[32m[K10.12[m[K, *)) {}
      |                         [34m[K~[m[K     [01;31m[K^[m[K[32m[K~~~~~[m[K
      |                               [32m[K)[m[K
ninja: build stopped: subcommand failed.


