Performing Curl Test HAVE_FCNTL_O_NONBLOCK failed with the following output:
Change Dir: 'C:/Users/Ice/Documents/Pro_1_2/build/Desktop_Qt_6_8_2_MinGW_64_bit-Debug/CMakeFiles/CMakeTmp'

Run Build Command(s): C:/Qt/Tools/Ninja/ninja.exe -v cmTC_d77a9
[1/2] C:\Qt\Tools\mingw1310_64\bin\gcc.exe   -W -Wall -pedantic -Wbad-function-cast -Wconversion -Winline -Wmissing-declarations -Wmissing-prototypes -Wnested-externs -Wno-long-long -Wno-multichar -Wpointer-arith -Wshadow -Wsign-compare -Wundef -Wunused -Wwrite-strings -Wcast-align -Wdeclaration-after-statement -Wempty-body -Wendif-labels -Wfloat-equal -Wignored-qualifiers -Wno-format-nonliteral -Wno-sign-conversion -Wno-system-headers -Wstrict-prototypes -Wtype-limits -Wvla -Wmissing-parameter-type -Wold-style-declaration -Wstrict-aliasing=3 -Wno-pedantic-ms-format -Wformat=2 -Warray-bounds=2 -ftree-vrp -Wduplicated-cond -Wnull-dereference -fdelete-null-pointer-checks -Wshift-negative-value -Wshift-overflow=2 -Walloc-zero -Wduplicated-branches -Wformat-overflow=2 -Wformat-truncation=1 -Wrestrict -Warith-conversion -Wdouble-promotion -Wenum-conversion -Wunused-const-variable -DHAVE_FCNTL_O_NONBLOCK  -DHAVE_WINDOWS_H -DHAVE_WS2TCPIP_H -DHAVE_WINSOCK2_H -DHAVE_INTTYPES_H -DHAVE_SYS_STAT_H -DHAVE_SYS_TYPES_H -DHAVE_SYS_UTIME_H -DHAVE_FCNTL_H -DHAVE_IO_H -DHAVE_LIBGEN_H -DHAVE_LOCALE_H -DHAVE_STDATOMIC_H -DHAVE_STDBOOL_H -DHAVE_STDINT_H -DHAVE_UNISTD_H -o CMakeFiles/cmTC_d77a9.dir/CurlTests.c.obj -c C:/Users/Ice/Documents/Pro_1_2/build/Desktop_Qt_6_8_2_MinGW_64_bit-Debug/_deps/curl-src/CMake/CurlTests.c
[31mFAILED: [0mCMakeFiles/cmTC_d77a9.dir/CurlTests.c.obj 
C:\Qt\Tools\mingw1310_64\bin\gcc.exe   -W -Wall -pedantic -Wbad-function-cast -Wconversion -Winline -Wmissing-declarations -Wmissing-prototypes -Wnested-externs -Wno-long-long -Wno-multichar -Wpointer-arith -Wshadow -Wsign-compare -Wundef -Wunused -Wwrite-strings -Wcast-align -Wdeclaration-after-statement -Wempty-body -Wendif-labels -Wfloat-equal -Wignored-qualifiers -Wno-format-nonliteral -Wno-sign-conversion -Wno-system-headers -Wstrict-prototypes -Wtype-limits -Wvla -Wmissing-parameter-type -Wold-style-declaration -Wstrict-aliasing=3 -Wno-pedantic-ms-format -Wformat=2 -Warray-bounds=2 -ftree-vrp -Wduplicated-cond -Wnull-dereference -fdelete-null-pointer-checks -Wshift-negative-value -Wshift-overflow=2 -Walloc-zero -Wduplicated-branches -Wformat-overflow=2 -Wformat-truncation=1 -Wrestrict -Warith-conversion -Wdouble-promotion -Wenum-conversion -Wunused-const-variable -DHAVE_FCNTL_O_NONBLOCK  -DHAVE_WINDOWS_H -DHAVE_WS2TCPIP_H -DHAVE_WINSOCK2_H -DHAVE_INTTYPES_H -DHAVE_SYS_STAT_H -DHAVE_SYS_TYPES_H -DHAVE_SYS_UTIME_H -DHAVE_FCNTL_H -DHAVE_IO_H -DHAVE_LIBGEN_H -DHAVE_LOCALE_H -DHAVE_STDATOMIC_H -DHAVE_STDBOOL_H -DHAVE_STDINT_H -DHAVE_UNISTD_H -o CMakeFiles/cmTC_d77a9.dir/CurlTests.c.obj -c C:/Users/Ice/Documents/Pro_1_2/build/Desktop_Qt_6_8_2_MinGW_64_bit-Debug/_deps/curl-src/CMake/CurlTests.c
C:/Users/Ice/Documents/Pro_1_2/build/Desktop_Qt_6_8_2_MinGW_64_bit-Debug/_deps/curl-src/CMake/CurlTests.c:49:1: warning: function declaration isn't a prototype [-Wstrict-prototypes]
   49 | main ()
      | ^~~~
C:/Users/Ice/Documents/Pro_1_2/build/Desktop_Qt_6_8_2_MinGW_64_bit-Debug/_deps/curl-src/CMake/CurlTests.c: In function 'main':
C:/Users/Ice/Documents/Pro_1_2/build/Desktop_Qt_6_8_2_MinGW_64_bit-Debug/_deps/curl-src/CMake/CurlTests.c:53:15: warning: implicit declaration of function 'fcntl' [-Wimplicit-function-declaration]
   53 |       if(0 != fcntl(0, F_SETFL, flags | O_NONBLOCK))
      |               ^~~~~
C:/Users/Ice/Documents/Pro_1_2/build/Desktop_Qt_6_8_2_MinGW_64_bit-Debug/_deps/curl-src/CMake/CurlTests.c:53:15: warning: nested extern declaration of 'fcntl' [-Wnested-externs]
C:/Users/Ice/Documents/Pro_1_2/build/Desktop_Qt_6_8_2_MinGW_64_bit-Debug/_deps/curl-src/CMake/CurlTests.c:53:24: error: 'F_SETFL' undeclared (first use in this function)
   53 |       if(0 != fcntl(0, F_SETFL, flags | O_NONBLOCK))
      |                        ^~~~~~~
C:/Users/Ice/Documents/Pro_1_2/build/Desktop_Qt_6_8_2_MinGW_64_bit-Debug/_deps/curl-src/CMake/CurlTests.c:53:24: note: each undeclared identifier is reported only once for each function it appears in
C:/Users/Ice/Documents/Pro_1_2/build/Desktop_Qt_6_8_2_MinGW_64_bit-Debug/_deps/curl-src/CMake/CurlTests.c:53:41: error: 'O_NONBLOCK' undeclared (first use in this function)
   53 |       if(0 != fcntl(0, F_SETFL, flags | O_NONBLOCK))
      |                                         ^~~~~~~~~~
ninja: build stopped: subcommand failed.


Performing Curl Test HAVE_IOCTLSOCKET_CAMEL failed with the following output:
Change Dir: 'C:/Users/Ice/Documents/Pro_1_2/build/Desktop_Qt_6_8_2_MinGW_64_bit-Debug/CMakeFiles/CMakeTmp'

Run Build Command(s): C:/Qt/Tools/Ninja/ninja.exe -v cmTC_4cec7
[1/2] C:\Qt\Tools\mingw1310_64\bin\gcc.exe   -W -Wall -pedantic -Wbad-function-cast -Wconversion -Winline -Wmissing-declarations -Wmissing-prototypes -Wnested-externs -Wno-long-long -Wno-multichar -Wpointer-arith -Wshadow -Wsign-compare -Wundef -Wunused -Wwrite-strings -Wcast-align -Wdeclaration-after-statement -Wempty-body -Wendif-labels -Wfloat-equal -Wignored-qualifiers -Wno-format-nonliteral -Wno-sign-conversion -Wno-system-headers -Wstrict-prototypes -Wtype-limits -Wvla -Wmissing-parameter-type -Wold-style-declaration -Wstrict-aliasing=3 -Wno-pedantic-ms-format -Wformat=2 -Warray-bounds=2 -ftree-vrp -Wduplicated-cond -Wnull-dereference -fdelete-null-pointer-checks -Wshift-negative-value -Wshift-overflow=2 -Walloc-zero -Wduplicated-branches -Wformat-overflow=2 -Wformat-truncation=1 -Wrestrict -Warith-conversion -Wdouble-promotion -Wenum-conversion -Wunused-const-variable -DHAVE_IOCTLSOCKET_CAMEL  -DHAVE_WINDOWS_H -DHAVE_WS2TCPIP_H -DHAVE_WINSOCK2_H -DHAVE_INTTYPES_H -DHAVE_SYS_STAT_H -DHAVE_SYS_TYPES_H -DHAVE_SYS_UTIME_H -DHAVE_FCNTL_H -DHAVE_IO_H -DHAVE_LIBGEN_H -DHAVE_LOCALE_H -DHAVE_STDATOMIC_H -DHAVE_STDBOOL_H -DHAVE_STDINT_H -DHAVE_UNISTD_H -o CMakeFiles/cmTC_4cec7.dir/CurlTests.c.obj -c C:/Users/Ice/Documents/Pro_1_2/build/Desktop_Qt_6_8_2_MinGW_64_bit-Debug/_deps/curl-src/CMake/CurlTests.c
C:/Users/Ice/Documents/Pro_1_2/build/Desktop_Qt_6_8_2_MinGW_64_bit-Debug/_deps/curl-src/CMake/CurlTests.c:224:1: warning: function declaration isn't a prototype [-Wstrict-prototypes]
  224 | main ()
      | ^~~~
C:/Users/Ice/Documents/Pro_1_2/build/Desktop_Qt_6_8_2_MinGW_64_bit-Debug/_deps/curl-src/CMake/CurlTests.c: In function 'main':
C:/Users/Ice/Documents/Pro_1_2/build/Desktop_Qt_6_8_2_MinGW_64_bit-Debug/_deps/curl-src/CMake/CurlTests.c:228:13: warning: implicit declaration of function 'IoctlSocket'; did you mean 'ioctlsocket'? [-Wimplicit-function-declaration]
  228 |     if(0 != IoctlSocket(0, 0, 0))
      |             ^~~~~~~~~~~
      |             ioctlsocket
C:/Users/Ice/Documents/Pro_1_2/build/Desktop_Qt_6_8_2_MinGW_64_bit-Debug/_deps/curl-src/CMake/CurlTests.c:228:13: warning: nested extern declaration of 'IoctlSocket' [-Wnested-externs]
[2/2] C:\WINDOWS\system32\cmd.exe /C "cd . && C:\Qt\Tools\mingw1310_64\bin\gcc.exe -W -Wall -pedantic -Wbad-function-cast -Wconversion -Winline -Wmissing-declarations -Wmissing-prototypes -Wnested-externs -Wno-long-long -Wno-multichar -Wpointer-arith -Wshadow -Wsign-compare -Wundef -Wunused -Wwrite-strings -Wcast-align -Wdeclaration-after-statement -Wempty-body -Wendif-labels -Wfloat-equal -Wignored-qualifiers -Wno-format-nonliteral -Wno-sign-conversion -Wno-system-headers -Wstrict-prototypes -Wtype-limits -Wvla -Wmissing-parameter-type -Wold-style-declaration -Wstrict-aliasing=3 -Wno-pedantic-ms-format -Wformat=2 -Warray-bounds=2 -ftree-vrp -Wduplicated-cond -Wnull-dereference -fdelete-null-pointer-checks -Wshift-negative-value -Wshift-overflow=2 -Walloc-zero -Wduplicated-branches -Wformat-overflow=2 -Wformat-truncation=1 -Wrestrict -Warith-conversion -Wdouble-promotion -Wenum-conversion -Wunused-const-variable -DHAVE_IOCTLSOCKET_CAMEL  -DHAVE_WINDOWS_H -DHAVE_WS2TCPIP_H -DHAVE_WINSOCK2_H -DHAVE_INTTYPES_H -DHAVE_SYS_STAT_H -DHAVE_SYS_TYPES_H -DHAVE_SYS_UTIME_H -DHAVE_FCNTL_H -DHAVE_IO_H -DHAVE_LIBGEN_H -DHAVE_LOCALE_H -DHAVE_STDATOMIC_H -DHAVE_STDBOOL_H -DHAVE_STDINT_H -DHAVE_UNISTD_H  CMakeFiles/cmTC_4cec7.dir/CurlTests.c.obj -o cmTC_4cec7.exe -Wl,--out-implib,libcmTC_4cec7.dll.a -Wl,--major-image-version,0,--minor-image-version,0  -lws2_32  -lkernel32 -luser32 -lgdi32 -lwinspool -lshell32 -lole32 -loleaut32 -luuid -lcomdlg32 -ladvapi32 && cd ."
[31mFAILED: [0mcmTC_4cec7.exe 
C:\WINDOWS\system32\cmd.exe /C "cd . && C:\Qt\Tools\mingw1310_64\bin\gcc.exe -W -Wall -pedantic -Wbad-function-cast -Wconversion -Winline -Wmissing-declarations -Wmissing-prototypes -Wnested-externs -Wno-long-long -Wno-multichar -Wpointer-arith -Wshadow -Wsign-compare -Wundef -Wunused -Wwrite-strings -Wcast-align -Wdeclaration-after-statement -Wempty-body -Wendif-labels -Wfloat-equal -Wignored-qualifiers -Wno-format-nonliteral -Wno-sign-conversion -Wno-system-headers -Wstrict-prototypes -Wtype-limits -Wvla -Wmissing-parameter-type -Wold-style-declaration -Wstrict-aliasing=3 -Wno-pedantic-ms-format -Wformat=2 -Warray-bounds=2 -ftree-vrp -Wduplicated-cond -Wnull-dereference -fdelete-null-pointer-checks -Wshift-negative-value -Wshift-overflow=2 -Walloc-zero -Wduplicated-branches -Wformat-overflow=2 -Wformat-truncation=1 -Wrestrict -Warith-conversion -Wdouble-promotion -Wenum-conversion -Wunused-const-variable -DHAVE_IOCTLSOCKET_CAMEL  -DHAVE_WINDOWS_H -DHAVE_WS2TCPIP_H -DHAVE_WINSOCK2_H -DHAVE_INTTYPES_H -DHAVE_SYS_STAT_H -DHAVE_SYS_TYPES_H -DHAVE_SYS_UTIME_H -DHAVE_FCNTL_H -DHAVE_IO_H -DHAVE_LIBGEN_H -DHAVE_LOCALE_H -DHAVE_STDATOMIC_H -DHAVE_STDBOOL_H -DHAVE_STDINT_H -DHAVE_UNISTD_H  CMakeFiles/cmTC_4cec7.dir/CurlTests.c.obj -o cmTC_4cec7.exe -Wl,--out-implib,libcmTC_4cec7.dll.a -Wl,--major-image-version,0,--minor-image-version,0  -lws2_32  -lkernel32 -luser32 -lgdi32 -lwinspool -lshell32 -lole32 -loleaut32 -luuid -lcomdlg32 -ladvapi32 && cd ."
C:/Qt/Tools/mingw1310_64/bin/../lib/gcc/x86_64-w64-mingw32/13.1.0/../../../../x86_64-w64-mingw32/bin/ld.exe: CMakeFiles/cmTC_4cec7.dir/CurlTests.c.obj:CurlTests.c:(.text+0x1e): undefined reference to `IoctlSocket'
collect2.exe: error: ld returned 1 exit status
ninja: build stopped: subcommand failed.


Performing Curl Test HAVE_IOCTLSOCKET_CAMEL_FIONBIO failed with the following output:
Change Dir: 'C:/Users/Ice/Documents/Pro_1_2/build/Desktop_Qt_6_8_2_MinGW_64_bit-Debug/CMakeFiles/CMakeTmp'

Run Build Command(s): C:/Qt/Tools/Ninja/ninja.exe -v cmTC_0455e
[1/2] C:\Qt\Tools\mingw1310_64\bin\gcc.exe   -W -Wall -pedantic -Wbad-function-cast -Wconversion -Winline -Wmissing-declarations -Wmissing-prototypes -Wnested-externs -Wno-long-long -Wno-multichar -Wpointer-arith -Wshadow -Wsign-compare -Wundef -Wunused -Wwrite-strings -Wcast-align -Wdeclaration-after-statement -Wempty-body -Wendif-labels -Wfloat-equal -Wignored-qualifiers -Wno-format-nonliteral -Wno-sign-conversion -Wno-system-headers -Wstrict-prototypes -Wtype-limits -Wvla -Wmissing-parameter-type -Wold-style-declaration -Wstrict-aliasing=3 -Wno-pedantic-ms-format -Wformat=2 -Warray-bounds=2 -ftree-vrp -Wduplicated-cond -Wnull-dereference -fdelete-null-pointer-checks -Wshift-negative-value -Wshift-overflow=2 -Walloc-zero -Wduplicated-branches -Wformat-overflow=2 -Wformat-truncation=1 -Wrestrict -Warith-conversion -Wdouble-promotion -Wenum-conversion -Wunused-const-variable -DHAVE_IOCTLSOCKET_CAMEL_FIONBIO  -DHAVE_WINDOWS_H -DHAVE_WS2TCPIP_H -DHAVE_WINSOCK2_H -DHAVE_INTTYPES_H -DHAVE_SYS_STAT_H -DHAVE_SYS_TYPES_H -DHAVE_SYS_UTIME_H -DHAVE_FCNTL_H -DHAVE_IO_H -DHAVE_LIBGEN_H -DHAVE_LOCALE_H -DHAVE_STDATOMIC_H -DHAVE_STDBOOL_H -DHAVE_STDINT_H -DHAVE_UNISTD_H -o CMakeFiles/cmTC_0455e.dir/CurlTests.c.obj -c C:/Users/Ice/Documents/Pro_1_2/build/Desktop_Qt_6_8_2_MinGW_64_bit-Debug/_deps/curl-src/CMake/CurlTests.c
C:/Users/Ice/Documents/Pro_1_2/build/Desktop_Qt_6_8_2_MinGW_64_bit-Debug/_deps/curl-src/CMake/CurlTests.c:247:1: warning: function declaration isn't a prototype [-Wstrict-prototypes]
  247 | main ()
      | ^~~~
C:/Users/Ice/Documents/Pro_1_2/build/Desktop_Qt_6_8_2_MinGW_64_bit-Debug/_deps/curl-src/CMake/CurlTests.c: In function 'main':
C:/Users/Ice/Documents/Pro_1_2/build/Desktop_Qt_6_8_2_MinGW_64_bit-Debug/_deps/curl-src/CMake/CurlTests.c:252:17: warning: implicit declaration of function 'IoctlSocket'; did you mean 'ioctlsocket'? [-Wimplicit-function-declaration]
  252 |         if(0 != IoctlSocket(0, FIONBIO, &flags))
      |                 ^~~~~~~~~~~
      |                 ioctlsocket
C:/Users/Ice/Documents/Pro_1_2/build/Desktop_Qt_6_8_2_MinGW_64_bit-Debug/_deps/curl-src/CMake/CurlTests.c:252:17: warning: nested extern declaration of 'IoctlSocket' [-Wnested-externs]
[2/2] C:\WINDOWS\system32\cmd.exe /C "cd . && C:\Qt\Tools\mingw1310_64\bin\gcc.exe -W -Wall -pedantic -Wbad-function-cast -Wconversion -Winline -Wmissing-declarations -Wmissing-prototypes -Wnested-externs -Wno-long-long -Wno-multichar -Wpointer-arith -Wshadow -Wsign-compare -Wundef -Wunused -Wwrite-strings -Wcast-align -Wdeclaration-after-statement -Wempty-body -Wendif-labels -Wfloat-equal -Wignored-qualifiers -Wno-format-nonliteral -Wno-sign-conversion -Wno-system-headers -Wstrict-prototypes -Wtype-limits -Wvla -Wmissing-parameter-type -Wold-style-declaration -Wstrict-aliasing=3 -Wno-pedantic-ms-format -Wformat=2 -Warray-bounds=2 -ftree-vrp -Wduplicated-cond -Wnull-dereference -fdelete-null-pointer-checks -Wshift-negative-value -Wshift-overflow=2 -Walloc-zero -Wduplicated-branches -Wformat-overflow=2 -Wformat-truncation=1 -Wrestrict -Warith-conversion -Wdouble-promotion -Wenum-conversion -Wunused-const-variable -DHAVE_IOCTLSOCKET_CAMEL_FIONBIO  -DHAVE_WINDOWS_H -DHAVE_WS2TCPIP_H -DHAVE_WINSOCK2_H -DHAVE_INTTYPES_H -DHAVE_SYS_STAT_H -DHAVE_SYS_TYPES_H -DHAVE_SYS_UTIME_H -DHAVE_FCNTL_H -DHAVE_IO_H -DHAVE_LIBGEN_H -DHAVE_LOCALE_H -DHAVE_STDATOMIC_H -DHAVE_STDBOOL_H -DHAVE_STDINT_H -DHAVE_UNISTD_H  CMakeFiles/cmTC_0455e.dir/CurlTests.c.obj -o cmTC_0455e.exe -Wl,--out-implib,libcmTC_0455e.dll.a -Wl,--major-image-version,0,--minor-image-version,0  -lws2_32  -lkernel32 -luser32 -lgdi32 -lwinspool -lshell32 -lole32 -loleaut32 -luuid -lcomdlg32 -ladvapi32 && cd ."
[31mFAILED: [0mcmTC_0455e.exe 
C:\WINDOWS\system32\cmd.exe /C "cd . && C:\Qt\Tools\mingw1310_64\bin\gcc.exe -W -Wall -pedantic -Wbad-function-cast -Wconversion -Winline -Wmissing-declarations -Wmissing-prototypes -Wnested-externs -Wno-long-long -Wno-multichar -Wpointer-arith -Wshadow -Wsign-compare -Wundef -Wunused -Wwrite-strings -Wcast-align -Wdeclaration-after-statement -Wempty-body -Wendif-labels -Wfloat-equal -Wignored-qualifiers -Wno-format-nonliteral -Wno-sign-conversion -Wno-system-headers -Wstrict-prototypes -Wtype-limits -Wvla -Wmissing-parameter-type -Wold-style-declaration -Wstrict-aliasing=3 -Wno-pedantic-ms-format -Wformat=2 -Warray-bounds=2 -ftree-vrp -Wduplicated-cond -Wnull-dereference -fdelete-null-pointer-checks -Wshift-negative-value -Wshift-overflow=2 -Walloc-zero -Wduplicated-branches -Wformat-overflow=2 -Wformat-truncation=1 -Wrestrict -Warith-conversion -Wdouble-promotion -Wenum-conversion -Wunused-const-variable -DHAVE_IOCTLSOCKET_CAMEL_FIONBIO  -DHAVE_WINDOWS_H -DHAVE_WS2TCPIP_H -DHAVE_WINSOCK2_H -DHAVE_INTTYPES_H -DHAVE_SYS_STAT_H -DHAVE_SYS_TYPES_H -DHAVE_SYS_UTIME_H -DHAVE_FCNTL_H -DHAVE_IO_H -DHAVE_LIBGEN_H -DHAVE_LOCALE_H -DHAVE_STDATOMIC_H -DHAVE_STDBOOL_H -DHAVE_STDINT_H -DHAVE_UNISTD_H  CMakeFiles/cmTC_0455e.dir/CurlTests.c.obj -o cmTC_0455e.exe -Wl,--out-implib,libcmTC_0455e.dll.a -Wl,--major-image-version,0,--minor-image-version,0  -lws2_32  -lkernel32 -luser32 -lgdi32 -lwinspool -lshell32 -lole32 -loleaut32 -luuid -lcomdlg32 -ladvapi32 && cd ."
C:/Qt/Tools/mingw1310_64/bin/../lib/gcc/x86_64-w64-mingw32/13.1.0/../../../../x86_64-w64-mingw32/bin/ld.exe: CMakeFiles/cmTC_0455e.dir/CurlTests.c.obj:CurlTests.c:(.text+0x26): undefined reference to `IoctlSocket'
collect2.exe: error: ld returned 1 exit status
ninja: build stopped: subcommand failed.


Performing Curl Test HAVE_IOCTL_FIONBIO failed with the following output:
Change Dir: 'C:/Users/Ice/Documents/Pro_1_2/build/Desktop_Qt_6_8_2_MinGW_64_bit-Debug/CMakeFiles/CMakeTmp'

Run Build Command(s): C:/Qt/Tools/Ninja/ninja.exe -v cmTC_d8c18
[1/2] C:\Qt\Tools\mingw1310_64\bin\gcc.exe   -W -Wall -pedantic -Wbad-function-cast -Wconversion -Winline -Wmissing-declarations -Wmissing-prototypes -Wnested-externs -Wno-long-long -Wno-multichar -Wpointer-arith -Wshadow -Wsign-compare -Wundef -Wunused -Wwrite-strings -Wcast-align -Wdeclaration-after-statement -Wempty-body -Wendif-labels -Wfloat-equal -Wignored-qualifiers -Wno-format-nonliteral -Wno-sign-conversion -Wno-system-headers -Wstrict-prototypes -Wtype-limits -Wvla -Wmissing-parameter-type -Wold-style-declaration -Wstrict-aliasing=3 -Wno-pedantic-ms-format -Wformat=2 -Warray-bounds=2 -ftree-vrp -Wduplicated-cond -Wnull-dereference -fdelete-null-pointer-checks -Wshift-negative-value -Wshift-overflow=2 -Walloc-zero -Wduplicated-branches -Wformat-overflow=2 -Wformat-truncation=1 -Wrestrict -Warith-conversion -Wdouble-promotion -Wenum-conversion -Wunused-const-variable -DHAVE_IOCTL_FIONBIO  -DHAVE_WINDOWS_H -DHAVE_WS2TCPIP_H -DHAVE_WINSOCK2_H -DHAVE_INTTYPES_H -DHAVE_SYS_STAT_H -DHAVE_SYS_TYPES_H -DHAVE_SYS_UTIME_H -DHAVE_FCNTL_H -DHAVE_IO_H -DHAVE_LIBGEN_H -DHAVE_LOCALE_H -DHAVE_STDATOMIC_H -DHAVE_STDBOOL_H -DHAVE_STDINT_H -DHAVE_UNISTD_H -o CMakeFiles/cmTC_d8c18.dir/CurlTests.c.obj -c C:/Users/Ice/Documents/Pro_1_2/build/Desktop_Qt_6_8_2_MinGW_64_bit-Debug/_deps/curl-src/CMake/CurlTests.c
[31mFAILED: [0mCMakeFiles/cmTC_d8c18.dir/CurlTests.c.obj 
C:\Qt\Tools\mingw1310_64\bin\gcc.exe   -W -Wall -pedantic -Wbad-function-cast -Wconversion -Winline -Wmissing-declarations -Wmissing-prototypes -Wnested-externs -Wno-long-long -Wno-multichar -Wpointer-arith -Wshadow -Wsign-compare -Wundef -Wunused -Wwrite-strings -Wcast-align -Wdeclaration-after-statement -Wempty-body -Wendif-labels -Wfloat-equal -Wignored-qualifiers -Wno-format-nonliteral -Wno-sign-conversion -Wno-system-headers -Wstrict-prototypes -Wtype-limits -Wvla -Wmissing-parameter-type -Wold-style-declaration -Wstrict-aliasing=3 -Wno-pedantic-ms-format -Wformat=2 -Warray-bounds=2 -ftree-vrp -Wduplicated-cond -Wnull-dereference -fdelete-null-pointer-checks -Wshift-negative-value -Wshift-overflow=2 -Walloc-zero -Wduplicated-branches -Wformat-overflow=2 -Wformat-truncation=1 -Wrestrict -Warith-conversion -Wdouble-promotion -Wenum-conversion -Wunused-const-variable -DHAVE_IOCTL_FIONBIO  -DHAVE_WINDOWS_H -DHAVE_WS2TCPIP_H -DHAVE_WINSOCK2_H -DHAVE_INTTYPES_H -DHAVE_SYS_STAT_H -DHAVE_SYS_TYPES_H -DHAVE_SYS_UTIME_H -DHAVE_FCNTL_H -DHAVE_IO_H -DHAVE_LIBGEN_H -DHAVE_LOCALE_H -DHAVE_STDATOMIC_H -DHAVE_STDBOOL_H -DHAVE_STDINT_H -DHAVE_UNISTD_H -o CMakeFiles/cmTC_d8c18.dir/CurlTests.c.obj -c C:/Users/Ice/Documents/Pro_1_2/build/Desktop_Qt_6_8_2_MinGW_64_bit-Debug/_deps/curl-src/CMake/CurlTests.c
C:/Users/Ice/Documents/Pro_1_2/build/Desktop_Qt_6_8_2_MinGW_64_bit-Debug/_deps/curl-src/CMake/CurlTests.c:302:1: warning: function declaration isn't a prototype [-Wstrict-prototypes]
  302 | main ()
      | ^~~~
C:/Users/Ice/Documents/Pro_1_2/build/Desktop_Qt_6_8_2_MinGW_64_bit-Debug/_deps/curl-src/CMake/CurlTests.c: In function 'main':
C:/Users/Ice/Documents/Pro_1_2/build/Desktop_Qt_6_8_2_MinGW_64_bit-Debug/_deps/curl-src/CMake/CurlTests.c:306:17: warning: implicit declaration of function 'ioctl' [-Wimplicit-function-declaration]
  306 |         if(0 != ioctl(0, FIONBIO, &flags))
      |                 ^~~~~
C:/Users/Ice/Documents/Pro_1_2/build/Desktop_Qt_6_8_2_MinGW_64_bit-Debug/_deps/curl-src/CMake/CurlTests.c:306:17: warning: nested extern declaration of 'ioctl' [-Wnested-externs]
C:/Users/Ice/Documents/Pro_1_2/build/Desktop_Qt_6_8_2_MinGW_64_bit-Debug/_deps/curl-src/CMake/CurlTests.c:306:26: error: 'FIONBIO' undeclared (first use in this function)
  306 |         if(0 != ioctl(0, FIONBIO, &flags))
      |                          ^~~~~~~
C:/Users/Ice/Documents/Pro_1_2/build/Desktop_Qt_6_8_2_MinGW_64_bit-Debug/_deps/curl-src/CMake/CurlTests.c:306:26: note: each undeclared identifier is reported only once for each function it appears in
ninja: build stopped: subcommand failed.


Performing Curl Test HAVE_SETSOCKOPT_SO_NONBLOCK failed with the following output:
Change Dir: 'C:/Users/Ice/Documents/Pro_1_2/build/Desktop_Qt_6_8_2_MinGW_64_bit-Debug/CMakeFiles/CMakeTmp'

Run Build Command(s): C:/Qt/Tools/Ninja/ninja.exe -v cmTC_615b5
[1/2] C:\Qt\Tools\mingw1310_64\bin\gcc.exe   -W -Wall -pedantic -Wbad-function-cast -Wconversion -Winline -Wmissing-declarations -Wmissing-prototypes -Wnested-externs -Wno-long-long -Wno-multichar -Wpointer-arith -Wshadow -Wsign-compare -Wundef -Wunused -Wwrite-strings -Wcast-align -Wdeclaration-after-statement -Wempty-body -Wendif-labels -Wfloat-equal -Wignored-qualifiers -Wno-format-nonliteral -Wno-sign-conversion -Wno-system-headers -Wstrict-prototypes -Wtype-limits -Wvla -Wmissing-parameter-type -Wold-style-declaration -Wstrict-aliasing=3 -Wno-pedantic-ms-format -Wformat=2 -Warray-bounds=2 -ftree-vrp -Wduplicated-cond -Wnull-dereference -fdelete-null-pointer-checks -Wshift-negative-value -Wshift-overflow=2 -Walloc-zero -Wduplicated-branches -Wformat-overflow=2 -Wformat-truncation=1 -Wrestrict -Warith-conversion -Wdouble-promotion -Wenum-conversion -Wunused-const-variable -DHAVE_SETSOCKOPT_SO_NONBLOCK  -DHAVE_WINDOWS_H -DHAVE_WS2TCPIP_H -DHAVE_WINSOCK2_H -DHAVE_INTTYPES_H -DHAVE_SYS_STAT_H -DHAVE_SYS_TYPES_H -DHAVE_SYS_UTIME_H -DHAVE_FCNTL_H -DHAVE_IO_H -DHAVE_LIBGEN_H -DHAVE_LOCALE_H -DHAVE_STDATOMIC_H -DHAVE_STDBOOL_H -DHAVE_STDINT_H -DHAVE_UNISTD_H -o CMakeFiles/cmTC_615b5.dir/CurlTests.c.obj -c C:/Users/Ice/Documents/Pro_1_2/build/Desktop_Qt_6_8_2_MinGW_64_bit-Debug/_deps/curl-src/CMake/CurlTests.c
[31mFAILED: [0mCMakeFiles/cmTC_615b5.dir/CurlTests.c.obj 
C:\Qt\Tools\mingw1310_64\bin\gcc.exe   -W -Wall -pedantic -Wbad-function-cast -Wconversion -Winline -Wmissing-declarations -Wmissing-prototypes -Wnested-externs -Wno-long-long -Wno-multichar -Wpointer-arith -Wshadow -Wsign-compare -Wundef -Wunused -Wwrite-strings -Wcast-align -Wdeclaration-after-statement -Wempty-body -Wendif-labels -Wfloat-equal -Wignored-qualifiers -Wno-format-nonliteral -Wno-sign-conversion -Wno-system-headers -Wstrict-prototypes -Wtype-limits -Wvla -Wmissing-parameter-type -Wold-style-declaration -Wstrict-aliasing=3 -Wno-pedantic-ms-format -Wformat=2 -Warray-bounds=2 -ftree-vrp -Wduplicated-cond -Wnull-dereference -fdelete-null-pointer-checks -Wshift-negative-value -Wshift-overflow=2 -Walloc-zero -Wduplicated-branches -Wformat-overflow=2 -Wformat-truncation=1 -Wrestrict -Warith-conversion -Wdouble-promotion -Wenum-conversion -Wunused-const-variable -DHAVE_SETSOCKOPT_SO_NONBLOCK  -DHAVE_WINDOWS_H -DHAVE_WS2TCPIP_H -DHAVE_WINSOCK2_H -DHAVE_INTTYPES_H -DHAVE_SYS_STAT_H -DHAVE_SYS_TYPES_H -DHAVE_SYS_UTIME_H -DHAVE_FCNTL_H -DHAVE_IO_H -DHAVE_LIBGEN_H -DHAVE_LOCALE_H -DHAVE_STDATOMIC_H -DHAVE_STDBOOL_H -DHAVE_STDINT_H -DHAVE_UNISTD_H -o CMakeFiles/cmTC_615b5.dir/CurlTests.c.obj -c C:/Users/Ice/Documents/Pro_1_2/build/Desktop_Qt_6_8_2_MinGW_64_bit-Debug/_deps/curl-src/CMake/CurlTests.c
C:/Users/Ice/Documents/Pro_1_2/build/Desktop_Qt_6_8_2_MinGW_64_bit-Debug/_deps/curl-src/CMake/CurlTests.c:365:1: warning: function declaration isn't a prototype [-Wstrict-prototypes]
  365 | main ()
      | ^~~~
C:/Users/Ice/Documents/Pro_1_2/build/Desktop_Qt_6_8_2_MinGW_64_bit-Debug/_deps/curl-src/CMake/CurlTests.c: In function 'main':
C:/Users/Ice/Documents/Pro_1_2/build/Desktop_Qt_6_8_2_MinGW_64_bit-Debug/_deps/curl-src/CMake/CurlTests.c:367:43: error: 'SO_NONBLOCK' undeclared (first use in this function)
  367 |         if(0 != setsockopt(0, SOL_SOCKET, SO_NONBLOCK, 0, 0))
      |                                           ^~~~~~~~~~~
C:/Users/Ice/Documents/Pro_1_2/build/Desktop_Qt_6_8_2_MinGW_64_bit-Debug/_deps/curl-src/CMake/CurlTests.c:367:43: note: each undeclared identifier is reported only once for each function it appears in
ninja: build stopped: subcommand failed.


Performing Curl Test HAVE_POSIX_STRERROR_R failed with the following output:
Change Dir: 'C:/Users/Ice/Documents/Pro_1_2/build/Desktop_Qt_6_8_2_MinGW_64_bit-Debug/CMakeFiles/CMakeTmp'

Run Build Command(s): C:/Qt/Tools/Ninja/ninja.exe -v cmTC_6c251
[1/2] C:\Qt\Tools\mingw1310_64\bin\gcc.exe   -W -Wall -pedantic -Wbad-function-cast -Wconversion -Winline -Wmissing-declarations -Wmissing-prototypes -Wnested-externs -Wno-long-long -Wno-multichar -Wpointer-arith -Wshadow -Wsign-compare -Wundef -Wunused -Wwrite-strings -Wcast-align -Wdeclaration-after-statement -Wempty-body -Wendif-labels -Wfloat-equal -Wignored-qualifiers -Wno-format-nonliteral -Wno-sign-conversion -Wno-system-headers -Wstrict-prototypes -Wtype-limits -Wvla -Wmissing-parameter-type -Wold-style-declaration -Wstrict-aliasing=3 -Wno-pedantic-ms-format -Wformat=2 -Warray-bounds=2 -ftree-vrp -Wduplicated-cond -Wnull-dereference -fdelete-null-pointer-checks -Wshift-negative-value -Wshift-overflow=2 -Walloc-zero -Wduplicated-branches -Wformat-overflow=2 -Wformat-truncation=1 -Wrestrict -Warith-conversion -Wdouble-promotion -Wenum-conversion -Wunused-const-variable -DHAVE_POSIX_STRERROR_R  -DHAVE_WINDOWS_H -DHAVE_WS2TCPIP_H -DHAVE_WINSOCK2_H -DHAVE_INTTYPES_H -DHAVE_SYS_STAT_H -DHAVE_SYS_TYPES_H -DHAVE_SYS_UTIME_H -DHAVE_FCNTL_H -DHAVE_IO_H -DHAVE_LIBGEN_H -DHAVE_LOCALE_H -DHAVE_STDATOMIC_H -DHAVE_STDBOOL_H -DHAVE_STDINT_H -DHAVE_UNISTD_H -o CMakeFiles/cmTC_6c251.dir/CurlTests.c.obj -c C:/Users/Ice/Documents/Pro_1_2/build/Desktop_Qt_6_8_2_MinGW_64_bit-Debug/_deps/curl-src/CMake/CurlTests.c
C:/Users/Ice/Documents/Pro_1_2/build/Desktop_Qt_6_8_2_MinGW_64_bit-Debug/_deps/curl-src/CMake/CurlTests.c:392:6: warning: no previous prototype for 'check' [-Wmissing-prototypes]
  392 | void check(float f) {}
      |      ^~~~~
C:/Users/Ice/Documents/Pro_1_2/build/Desktop_Qt_6_8_2_MinGW_64_bit-Debug/_deps/curl-src/CMake/CurlTests.c: In function 'check':
C:/Users/Ice/Documents/Pro_1_2/build/Desktop_Qt_6_8_2_MinGW_64_bit-Debug/_deps/curl-src/CMake/CurlTests.c:392:18: warning: unused parameter 'f' [-Wunused-parameter]
  392 | void check(float f) {}
      |            ~~~~~~^
C:/Users/Ice/Documents/Pro_1_2/build/Desktop_Qt_6_8_2_MinGW_64_bit-Debug/_deps/curl-src/CMake/CurlTests.c: At top level:
C:/Users/Ice/Documents/Pro_1_2/build/Desktop_Qt_6_8_2_MinGW_64_bit-Debug/_deps/curl-src/CMake/CurlTests.c:395:1: warning: function declaration isn't a prototype [-Wstrict-prototypes]
  395 | main () {
      | ^~~~
C:/Users/Ice/Documents/Pro_1_2/build/Desktop_Qt_6_8_2_MinGW_64_bit-Debug/_deps/curl-src/CMake/CurlTests.c: In function 'main':
C:/Users/Ice/Documents/Pro_1_2/build/Desktop_Qt_6_8_2_MinGW_64_bit-Debug/_deps/curl-src/CMake/CurlTests.c:398:9: warning: implicit declaration of function 'strerror_r'; did you mean 'strerror_s'? [-Wimplicit-function-declaration]
  398 |   check(strerror_r(EACCES, buffer, sizeof(buffer)));
      |         ^~~~~~~~~~
      |         strerror_s
C:/Users/Ice/Documents/Pro_1_2/build/Desktop_Qt_6_8_2_MinGW_64_bit-Debug/_deps/curl-src/CMake/CurlTests.c:398:9: warning: nested extern declaration of 'strerror_r' [-Wnested-externs]
C:/Users/Ice/Documents/Pro_1_2/build/Desktop_Qt_6_8_2_MinGW_64_bit-Debug/_deps/curl-src/CMake/CurlTests.c:398:9: warning: conversion from 'int' to 'float' may change value [-Wconversion]
  398 |   check(strerror_r(EACCES, buffer, sizeof(buffer)));
      |         ^~~~~~~~~~~~~~~~~~~~~~~~~~~~~~~~~~~~~~~~~~
[2/2] C:\WINDOWS\system32\cmd.exe /C "cd . && C:\Qt\Tools\mingw1310_64\bin\gcc.exe -W -Wall -pedantic -Wbad-function-cast -Wconversion -Winline -Wmissing-declarations -Wmissing-prototypes -Wnested-externs -Wno-long-long -Wno-multichar -Wpointer-arith -Wshadow -Wsign-compare -Wundef -Wunused -Wwrite-strings -Wcast-align -Wdeclaration-after-statement -Wempty-body -Wendif-labels -Wfloat-equal -Wignored-qualifiers -Wno-format-nonliteral -Wno-sign-conversion -Wno-system-headers -Wstrict-prototypes -Wtype-limits -Wvla -Wmissing-parameter-type -Wold-style-declaration -Wstrict-aliasing=3 -Wno-pedantic-ms-format -Wformat=2 -Warray-bounds=2 -ftree-vrp -Wduplicated-cond -Wnull-dereference -fdelete-null-pointer-checks -Wshift-negative-value -Wshift-overflow=2 -Walloc-zero -Wduplicated-branches -Wformat-overflow=2 -Wformat-truncation=1 -Wrestrict -Warith-conversion -Wdouble-promotion -Wenum-conversion -Wunused-const-variable -DHAVE_POSIX_STRERROR_R  -DHAVE_WINDOWS_H -DHAVE_WS2TCPIP_H -DHAVE_WINSOCK2_H -DHAVE_INTTYPES_H -DHAVE_SYS_STAT_H -DHAVE_SYS_TYPES_H -DHAVE_SYS_UTIME_H -DHAVE_FCNTL_H -DHAVE_IO_H -DHAVE_LIBGEN_H -DHAVE_LOCALE_H -DHAVE_STDATOMIC_H -DHAVE_STDBOOL_H -DHAVE_STDINT_H -DHAVE_UNISTD_H  CMakeFiles/cmTC_6c251.dir/CurlTests.c.obj -o cmTC_6c251.exe -Wl,--out-implib,libcmTC_6c251.dll.a -Wl,--major-image-version,0,--minor-image-version,0  -lws2_32  -lkernel32 -luser32 -lgdi32 -lwinspool -lshell32 -lole32 -loleaut32 -luuid -lcomdlg32 -ladvapi32 && cd ."
[31mFAILED: [0mcmTC_6c251.exe 
C:\WINDOWS\system32\cmd.exe /C "cd . && C:\Qt\Tools\mingw1310_64\bin\gcc.exe -W -Wall -pedantic -Wbad-function-cast -Wconversion -Winline -Wmissing-declarations -Wmissing-prototypes -Wnested-externs -Wno-long-long -Wno-multichar -Wpointer-arith -Wshadow -Wsign-compare -Wundef -Wunused -Wwrite-strings -Wcast-align -Wdeclaration-after-statement -Wempty-body -Wendif-labels -Wfloat-equal -Wignored-qualifiers -Wno-format-nonliteral -Wno-sign-conversion -Wno-system-headers -Wstrict-prototypes -Wtype-limits -Wvla -Wmissing-parameter-type -Wold-style-declaration -Wstrict-aliasing=3 -Wno-pedantic-ms-format -Wformat=2 -Warray-bounds=2 -ftree-vrp -Wduplicated-cond -Wnull-dereference -fdelete-null-pointer-checks -Wshift-negative-value -Wshift-overflow=2 -Walloc-zero -Wduplicated-branches -Wformat-overflow=2 -Wformat-truncation=1 -Wrestrict -Warith-conversion -Wdouble-promotion -Wenum-conversion -Wunused-const-variable -DHAVE_POSIX_STRERROR_R  -DHAVE_WINDOWS_H -DHAVE_WS2TCPIP_H -DHAVE_WINSOCK2_H -DHAVE_INTTYPES_H -DHAVE_SYS_STAT_H -DHAVE_SYS_TYPES_H -DHAVE_SYS_UTIME_H -DHAVE_FCNTL_H -DHAVE_IO_H -DHAVE_LIBGEN_H -DHAVE_LOCALE_H -DHAVE_STDATOMIC_H -DHAVE_STDBOOL_H -DHAVE_STDINT_H -DHAVE_UNISTD_H  CMakeFiles/cmTC_6c251.dir/CurlTests.c.obj -o cmTC_6c251.exe -Wl,--out-implib,libcmTC_6c251.dll.a -Wl,--major-image-version,0,--minor-image-version,0  -lws2_32  -lkernel32 -luser32 -lgdi32 -lwinspool -lshell32 -lole32 -loleaut32 -luuid -lcomdlg32 -ladvapi32 && cd ."
C:/Qt/Tools/mingw1310_64/bin/../lib/gcc/x86_64-w64-mingw32/13.1.0/../../../../x86_64-w64-mingw32/bin/ld.exe: CMakeFiles/cmTC_6c251.dir/CurlTests.c.obj:CurlTests.c:(.text+0x34): undefined reference to `strerror_r'
collect2.exe: error: ld returned 1 exit status
ninja: build stopped: subcommand failed.


Performing Curl Test HAVE_BUILTIN_AVAILABLE failed with the following output:
Change Dir: 'C:/Users/Ice/Documents/Pro_1_2/build/Desktop_Qt_6_8_2_MinGW_64_bit-Debug/CMakeFiles/CMakeTmp'

Run Build Command(s): C:/Qt/Tools/Ninja/ninja.exe -v cmTC_fca94
[1/2] C:\Qt\Tools\mingw1310_64\bin\gcc.exe   -W -Wall -pedantic -Wbad-function-cast -Wconversion -Winline -Wmissing-declarations -Wmissing-prototypes -Wnested-externs -Wno-long-long -Wno-multichar -Wpointer-arith -Wshadow -Wsign-compare -Wundef -Wunused -Wwrite-strings -Wcast-align -Wdeclaration-after-statement -Wempty-body -Wendif-labels -Wfloat-equal -Wignored-qualifiers -Wno-format-nonliteral -Wno-sign-conversion -Wno-system-headers -Wstrict-prototypes -Wtype-limits -Wvla -Wmissing-parameter-type -Wold-style-declaration -Wstrict-aliasing=3 -Wno-pedantic-ms-format -Wformat=2 -Warray-bounds=2 -ftree-vrp -Wduplicated-cond -Wnull-dereference -fdelete-null-pointer-checks -Wshift-negative-value -Wshift-overflow=2 -Walloc-zero -Wduplicated-branches -Wformat-overflow=2 -Wformat-truncation=1 -Wrestrict -Warith-conversion -Wdouble-promotion -Wenum-conversion -Wunused-const-variable -DHAVE_BUILTIN_AVAILABLE  -DHAVE_WINDOWS_H -DHAVE_WS2TCPIP_H -DHAVE_WINSOCK2_H -DHAVE_INTTYPES_H -DHAVE_SYS_STAT_H -DHAVE_SYS_TYPES_H -DHAVE_SYS_UTIME_H -DHAVE_FCNTL_H -DHAVE_IO_H -DHAVE_LIBGEN_H -DHAVE_LOCALE_H -DHAVE_STDATOMIC_H -DHAVE_STDBOOL_H -DHAVE_STDINT_H -DHAVE_UNISTD_H -o CMakeFiles/cmTC_fca94.dir/CurlTests.c.obj -c C:/Users/Ice/Documents/Pro_1_2/build/Desktop_Qt_6_8_2_MinGW_64_bit-Debug/_deps/curl-src/CMake/CurlTests.c
[31mFAILED: [0mCMakeFiles/cmTC_fca94.dir/CurlTests.c.obj 
C:\Qt\Tools\mingw1310_64\bin\gcc.exe   -W -Wall -pedantic -Wbad-function-cast -Wconversion -Winline -Wmissing-declarations -Wmissing-prototypes -Wnested-externs -Wno-long-long -Wno-multichar -Wpointer-arith -Wshadow -Wsign-compare -Wundef -Wunused -Wwrite-strings -Wcast-align -Wdeclaration-after-statement -Wempty-body -Wendif-labels -Wfloat-equal -Wignored-qualifiers -Wno-format-nonliteral -Wno-sign-conversion -Wno-system-headers -Wstrict-prototypes -Wtype-limits -Wvla -Wmissing-parameter-type -Wold-style-declaration -Wstrict-aliasing=3 -Wno-pedantic-ms-format -Wformat=2 -Warray-bounds=2 -ftree-vrp -Wduplicated-cond -Wnull-dereference -fdelete-null-pointer-checks -Wshift-negative-value -Wshift-overflow=2 -Walloc-zero -Wduplicated-branches -Wformat-overflow=2 -Wformat-truncation=1 -Wrestrict -Warith-conversion -Wdouble-promotion -Wenum-conversion -Wunused-const-variable -DHAVE_BUILTIN_AVAILABLE  -DHAVE_WINDOWS_H -DHAVE_WS2TCPIP_H -DHAVE_WINSOCK2_H -DHAVE_INTTYPES_H -DHAVE_SYS_STAT_H -DHAVE_SYS_TYPES_H -DHAVE_SYS_UTIME_H -DHAVE_FCNTL_H -DHAVE_IO_H -DHAVE_LIBGEN_H -DHAVE_LOCALE_H -DHAVE_STDATOMIC_H -DHAVE_STDBOOL_H -DHAVE_STDINT_H -DHAVE_UNISTD_H -o CMakeFiles/cmTC_fca94.dir/CurlTests.c.obj -c C:/Users/Ice/Documents/Pro_1_2/build/Desktop_Qt_6_8_2_MinGW_64_bit-Debug/_deps/curl-src/CMake/CurlTests.c
C:/Users/Ice/Documents/Pro_1_2/build/Desktop_Qt_6_8_2_MinGW_64_bit-Debug/_deps/curl-src/CMake/CurlTests.c:429:1: warning: function declaration isn't a prototype [-Wstrict-prototypes]
  429 | main() {
      | ^~~~
C:/Users/Ice/Documents/Pro_1_2/build/Desktop_Qt_6_8_2_MinGW_64_bit-Debug/_deps/curl-src/CMake/CurlTests.c: In function 'main':
C:/Users/Ice/Documents/Pro_1_2/build/Desktop_Qt_6_8_2_MinGW_64_bit-Debug/_deps/curl-src/CMake/CurlTests.c:430:6: warning: implicit declaration of function '__builtin_available'; did you mean '__builtin_scalbl'? [-Wimplicit-function-declaration]
  430 |   if(__builtin_available(macOS 10.12, *)) {}
      |      ^~~~~~~~~~~~~~~~~~~
      |      __builtin_scalbl
C:/Users/Ice/Documents/Pro_1_2/build/Desktop_Qt_6_8_2_MinGW_64_bit-Debug/_deps/curl-src/CMake/CurlTests.c:430:6: warning: nested extern declaration of '__builtin_available' [-Wnested-externs]
C:/Users/Ice/Documents/Pro_1_2/build/Desktop_Qt_6_8_2_MinGW_64_bit-Debug/_deps/curl-src/CMake/CurlTests.c:430:26: error: 'macOS' undeclared (first use in this function)
  430 |   if(__builtin_available(macOS 10.12, *)) {}
      |                          ^~~~~
C:/Users/Ice/Documents/Pro_1_2/build/Desktop_Qt_6_8_2_MinGW_64_bit-Debug/_deps/curl-src/CMake/CurlTests.c:430:26: note: each undeclared identifier is reported only once for each function it appears in
C:/Users/Ice/Documents/Pro_1_2/build/Desktop_Qt_6_8_2_MinGW_64_bit-Debug/_deps/curl-src/CMake/CurlTests.c:430:31: error: expected ')' before numeric constant
  430 |   if(__builtin_available(macOS 10.12, *)) {}
      |                         ~     ^~~~~~
      |                               )
ninja: build stopped: subcommand failed.


