Performing Curl Test HAVE_FSETXATTR_6 failed with the following output:
Change Dir: '/home/artem/TryTask/build/unknown-Debug/CMakeFiles/CMakeTmp'

Run Build Command(s): /usr/bin/ninja -v cmTC_04712
[1/2] /bin/gcc   -W -Wall -pedantic -Wbad-function-cast -Wconversion -Winline -Wmissing-declarations -Wmissing-prototypes -Wnested-externs -Wno-long-long -Wno-multichar -Wpointer-arith -Wshadow -Wsign-compare -Wundef -Wunused -Wwrite-strings -Wcast-align -Wdeclaration-after-statement -Wempty-body -Wendif-labels -Wfloat-equal -Wignored-qualifiers -Wno-format-nonliteral -Wno-sign-conversion -Wno-system-headers -Wstrict-prototypes -Wtype-limits -Wvla -Wmissing-parameter-type -Wold-style-declaration -Wstrict-aliasing=3 -Wformat=2 -Warray-bounds=2 -ftree-vrp -Wduplicated-cond -Wnull-dereference -fdelete-null-pointer-checks -Wshift-negative-value -Wshift-overflow=2 -Walloc-zero -Wduplicated-branches -Wformat-overflow=2 -Wformat-truncation=1 -Wrestrict -Warith-conversion -Wdouble-promotion -Wenum-conversion -Wunused-const-variable -DHAVE_FSETXATTR_6  -DHAVE_INTTYPES_H -DHAVE_SYS_WAIT_H -DHAVE_SYS_IOCTL_H -DHAVE_SYS_PARAM_H -DHAVE_SYS_POLL_H -DHAVE_SYS_RESOURCE_H -DHAVE_SYS_SELECT_H -DHAVE_SYS_SOCKET_H -DHAVE_SYS_STAT_H -DHAVE_SYS_TIME_H -DHAVE_SYS_TYPES_H -DHAVE_SYS_UN_H -DHAVE_SYS_XATTR_H -DHAVE_ARPA_INET_H -DHAVE_FCNTL_H -DHAVE_IDN2_H -DHAVE_IFADDRS_H -DHAVE_LIBGEN_H -DHAVE_LOCALE_H -DHAVE_NET_IF_H -DHAVE_NETDB_H -DHAVE_NETINET_IN_H -DHAVE_NETINET_TCP_H -DHAVE_NETINET_UDP_H -DHAVE_POLL_H -DHAVE_PWD_H -DHAVE_STDATOMIC_H -DHAVE_STDBOOL_H -DHAVE_STDINT_H -DHAVE_STRINGS_H -DHAVE_TERMIO_H -DHAVE_TERMIOS_H -DHAVE_UNISTD_H -DHAVE_UTIME_H -o CMakeFiles/cmTC_04712.dir/CurlTests.c.o -c /home/artem/TryTask/build/unknown-Debug/_deps/curl-src/CMake/CurlTests.c
[31mFAILED: [0mCMakeFiles/cmTC_04712.dir/CurlTests.c.o 
/bin/gcc   -W -Wall -pedantic -Wbad-function-cast -Wconversion -Winline -Wmissing-declarations -Wmissing-prototypes -Wnested-externs -Wno-long-long -Wno-multichar -Wpointer-arith -Wshadow -Wsign-compare -Wundef -Wunused -Wwrite-strings -Wcast-align -Wdeclaration-after-statement -Wempty-body -Wendif-labels -Wfloat-equal -Wignored-qualifiers -Wno-format-nonliteral -Wno-sign-conversion -Wno-system-headers -Wstrict-prototypes -Wtype-limits -Wvla -Wmissing-parameter-type -Wold-style-declaration -Wstrict-aliasing=3 -Wformat=2 -Warray-bounds=2 -ftree-vrp -Wduplicated-cond -Wnull-dereference -fdelete-null-pointer-checks -Wshift-negative-value -Wshift-overflow=2 -Walloc-zero -Wduplicated-branches -Wformat-overflow=2 -Wformat-truncation=1 -Wrestrict -Warith-conversion -Wdouble-promotion -Wenum-conversion -Wunused-const-variable -DHAVE_FSETXATTR_6  -DHAVE_INTTYPES_H -DHAVE_SYS_WAIT_H -DHAVE_SYS_IOCTL_H -DHAVE_SYS_PARAM_H -DHAVE_SYS_POLL_H -DHAVE_SYS_RESOURCE_H -DHAVE_SYS_SELECT_H -DHAVE_SYS_SOCKET_H -DHAVE_SYS_STAT_H -DHAVE_SYS_TIME_H -DHAVE_SYS_TYPES_H -DHAVE_SYS_UN_H -DHAVE_SYS_XATTR_H -DHAVE_ARPA_INET_H -DHAVE_FCNTL_H -DHAVE_IDN2_H -DHAVE_IFADDRS_H -DHAVE_LIBGEN_H -DHAVE_LOCALE_H -DHAVE_NET_IF_H -DHAVE_NETDB_H -DHAVE_NETINET_IN_H -DHAVE_NETINET_TCP_H -DHAVE_NETINET_UDP_H -DHAVE_POLL_H -DHAVE_PWD_H -DHAVE_STDATOMIC_H -DHAVE_STDBOOL_H -DHAVE_STDINT_H -DHAVE_STRINGS_H -DHAVE_TERMIO_H -DHAVE_TERMIOS_H -DHAVE_UNISTD_H -DHAVE_UTIME_H -o CMakeFiles/cmTC_04712.dir/CurlTests.c.o -c /home/artem/TryTask/build/unknown-Debug/_deps/curl-src/CMake/CurlTests.c
/home/artem/TryTask/build/unknown-Debug/_deps/curl-src/CMake/CurlTests.c:405:1: –ø–æ–ø–µ—Ä–µ–¥–∂–µ–Ω–Ω—è: –æ–≥–æ–ª–æ—à–µ–Ω–Ω—è —Ñ—É–Ω–∫—Ü—ñ—ó –Ω–µ —î –ø—Ä–æ—Ç–æ—Ç–∏–ø–æ–º [-Wstrict-prototypes]
  405 | main() {
      | ^~~~
/home/artem/TryTask/build/unknown-Debug/_deps/curl-src/CMake/CurlTests.c: –£ —Ñ—É–Ω–∫—Ü—ñ—ó ¬´main¬ª:
/home/artem/TryTask/build/unknown-Debug/_deps/curl-src/CMake/CurlTests.c:406:3: –ø–æ–º–∏–ª–∫–∞: –∑–∞–±–∞–≥–∞—Ç–æ –∞—Ä–≥—É–º–µ–Ω—Ç—ñ–≤ –¥–ª—è —Ñ—É–Ω–∫—Ü—ñ—ó ¬´fsetxattr¬ª
  406 |   fsetxattr(0, 0, 0, 0, 0, 0);
      |   ^~~~~~~~~
–£ —Ñ–∞–π–ª—ñ, –≤–∫–ª—é—á–µ–Ω–æ–º—É –∑ /home/artem/TryTask/build/unknown-Debug/_deps/curl-src/CMake/CurlTests.c:403:
/usr/include/sys/xattr.h:54:12: –ø—Ä–∏–º—ñ—Ç–∫–∞: –æ–≥–æ–ª–æ—à–µ–Ω–æ —Ç—É—Ç
   54 | extern int fsetxattr (int __fd, const char *__name, const void *__value,
      |            ^~~~~~~~~
ninja: build stopped: subcommand failed.


Performing Curl Test HAVE_IOCTLSOCKET failed with the following output:
Change Dir: '/home/artem/TryTask/build/unknown-Debug/CMakeFiles/CMakeTmp'

Run Build Command(s): /usr/bin/ninja -v cmTC_70065
[1/2] /bin/gcc   -W -Wall -pedantic -Wbad-function-cast -Wconversion -Winline -Wmissing-declarations -Wmissing-prototypes -Wnested-externs -Wno-long-long -Wno-multichar -Wpointer-arith -Wshadow -Wsign-compare -Wundef -Wunused -Wwrite-strings -Wcast-align -Wdeclaration-after-statement -Wempty-body -Wendif-labels -Wfloat-equal -Wignored-qualifiers -Wno-format-nonliteral -Wno-sign-conversion -Wno-system-headers -Wstrict-prototypes -Wtype-limits -Wvla -Wmissing-parameter-type -Wold-style-declaration -Wstrict-aliasing=3 -Wformat=2 -Warray-bounds=2 -ftree-vrp -Wduplicated-cond -Wnull-dereference -fdelete-null-pointer-checks -Wshift-negative-value -Wshift-overflow=2 -Walloc-zero -Wduplicated-branches -Wformat-overflow=2 -Wformat-truncation=1 -Wrestrict -Warith-conversion -Wdouble-promotion -Wenum-conversion -Wunused-const-variable -DHAVE_IOCTLSOCKET  -DHAVE_INTTYPES_H -DHAVE_SYS_WAIT_H -DHAVE_SYS_IOCTL_H -DHAVE_SYS_PARAM_H -DHAVE_SYS_POLL_H -DHAVE_SYS_RESOURCE_H -DHAVE_SYS_SELECT_H -DHAVE_SYS_SOCKET_H -DHAVE_SYS_STAT_H -DHAVE_SYS_TIME_H -DHAVE_SYS_TYPES_H -DHAVE_SYS_UN_H -DHAVE_SYS_XATTR_H -DHAVE_ARPA_INET_H -DHAVE_FCNTL_H -DHAVE_IDN2_H -DHAVE_IFADDRS_H -DHAVE_LIBGEN_H -DHAVE_LOCALE_H -DHAVE_NET_IF_H -DHAVE_NETDB_H -DHAVE_NETINET_IN_H -DHAVE_NETINET_TCP_H -DHAVE_NETINET_UDP_H -DHAVE_POLL_H -DHAVE_PWD_H -DHAVE_STDATOMIC_H -DHAVE_STDBOOL_H -DHAVE_STDINT_H -DHAVE_STRINGS_H -DHAVE_TERMIO_H -DHAVE_TERMIOS_H -DHAVE_UNISTD_H -DHAVE_UTIME_H -o CMakeFiles/cmTC_70065.dir/CurlTests.c.o -c /home/artem/TryTask/build/unknown-Debug/_deps/curl-src/CMake/CurlTests.c
[31mFAILED: [0mCMakeFiles/cmTC_70065.dir/CurlTests.c.o 
/bin/gcc   -W -Wall -pedantic -Wbad-function-cast -Wconversion -Winline -Wmissing-declarations -Wmissing-prototypes -Wnested-externs -Wno-long-long -Wno-multichar -Wpointer-arith -Wshadow -Wsign-compare -Wundef -Wunused -Wwrite-strings -Wcast-align -Wdeclaration-after-statement -Wempty-body -Wendif-labels -Wfloat-equal -Wignored-qualifiers -Wno-format-nonliteral -Wno-sign-conversion -Wno-system-headers -Wstrict-prototypes -Wtype-limits -Wvla -Wmissing-parameter-type -Wold-style-declaration -Wstrict-aliasing=3 -Wformat=2 -Warray-bounds=2 -ftree-vrp -Wduplicated-cond -Wnull-dereference -fdelete-null-pointer-checks -Wshift-negative-value -Wshift-overflow=2 -Walloc-zero -Wduplicated-branches -Wformat-overflow=2 -Wformat-truncation=1 -Wrestrict -Warith-conversion -Wdouble-promotion -Wenum-conversion -Wunused-const-variable -DHAVE_IOCTLSOCKET  -DHAVE_INTTYPES_H -DHAVE_SYS_WAIT_H -DHAVE_SYS_IOCTL_H -DHAVE_SYS_PARAM_H -DHAVE_SYS_POLL_H -DHAVE_SYS_RESOURCE_H -DHAVE_SYS_SELECT_H -DHAVE_SYS_SOCKET_H -DHAVE_SYS_STAT_H -DHAVE_SYS_TIME_H -DHAVE_SYS_TYPES_H -DHAVE_SYS_UN_H -DHAVE_SYS_XATTR_H -DHAVE_ARPA_INET_H -DHAVE_FCNTL_H -DHAVE_IDN2_H -DHAVE_IFADDRS_H -DHAVE_LIBGEN_H -DHAVE_LOCALE_H -DHAVE_NET_IF_H -DHAVE_NETDB_H -DHAVE_NETINET_IN_H -DHAVE_NETINET_TCP_H -DHAVE_NETINET_UDP_H -DHAVE_POLL_H -DHAVE_PWD_H -DHAVE_STDATOMIC_H -DHAVE_STDBOOL_H -DHAVE_STDINT_H -DHAVE_STRINGS_H -DHAVE_TERMIO_H -DHAVE_TERMIOS_H -DHAVE_UNISTD_H -DHAVE_UTIME_H -o CMakeFiles/cmTC_70065.dir/CurlTests.c.o -c /home/artem/TryTask/build/unknown-Debug/_deps/curl-src/CMake/CurlTests.c
/home/artem/TryTask/build/unknown-Debug/_deps/curl-src/CMake/CurlTests.c:199:1: –ø–æ–ø–µ—Ä–µ–¥–∂–µ–Ω–Ω—è: –æ–≥–æ–ª–æ—à–µ–Ω–Ω—è —Ñ—É–Ω–∫—Ü—ñ—ó –Ω–µ —î –ø—Ä–æ—Ç–æ—Ç–∏–ø–æ–º [-Wstrict-prototypes]
  199 | main ()
      | ^~~~
/home/artem/TryTask/build/unknown-Debug/_deps/curl-src/CMake/CurlTests.c: –£ —Ñ—É–Ω–∫—Ü—ñ—ó ¬´main¬ª:
/home/artem/TryTask/build/unknown-Debug/_deps/curl-src/CMake/CurlTests.c:204:24: –ø–æ–º–∏–ª–∫–∞: –ù–µ—è–≤–Ω–µ –æ–≥–æ–ª–æ—à–µ–Ω–Ω—è —Ñ—É–Ω–∫—Ü—ñ—ó ¬´ioctlsocket¬ª [-Wimplicit-function-declaration]
  204 |  unsigned long flags = ioctlsocket(socket, FIONBIO, &flags);
      |                        ^~~~~~~~~~~
/home/artem/TryTask/build/unknown-Debug/_deps/curl-src/CMake/CurlTests.c:204:24: –ø–æ–ø–µ—Ä–µ–¥–∂–µ–Ω–Ω—è: –í–∫–ª–∞–¥–µ–Ω–µ –∑–æ–≤–Ω—ñ—à–Ω—î –æ–≥–æ–ª–æ—à–µ–Ω–Ω—è ¬´ioctlsocket¬ª [-Wnested-externs]
/home/artem/TryTask/build/unknown-Debug/_deps/curl-src/CMake/CurlTests.c:204:44: –ø–æ–º–∏–ª–∫–∞: ¬´FIONBIO¬ª –Ω–µ–æ–≥–æ–ª–æ—à–µ–Ω–∏–π (–ø–µ—Ä—à–µ –≤–∏–∫–æ—Ä–∏—Å—Ç–∞–Ω–Ω—è –≤ —Ü—ñ–π —Ñ—É–Ω–∫—Ü—ñ—ó)
  204 |  unsigned long flags = ioctlsocket(socket, FIONBIO, &flags);
      |                                            ^~~~~~~
/home/artem/TryTask/build/unknown-Debug/_deps/curl-src/CMake/CurlTests.c:204:44: –ø—Ä–∏–º—ñ—Ç–∫–∞: –∫–æ–∂–µ–Ω –Ω–µ –æ–≥–æ–ª–æ—à–µ–Ω–∏–π —ñ–¥–µ–Ω—Ç–∏—Ñ—ñ–∫–∞—Ç–æ—Ä –ø–æ–≤—ñ–¥–æ–º–ª—è—î—Ç—å—Å—è –ª–∏—à–µ –æ–¥–∏–Ω —Ä–∞–∑ –¥–ª—è –∫–æ–∂–Ω–æ—ó —Ñ—É–Ω–∫—Ü—ñ—ó, –≤ —è–∫—ñ–π –≤—ñ–Ω –∑ º—è–≤–ª—è—î—Ç—å—Å—è
ninja: build stopped: subcommand failed.


Performing Curl Test HAVE_IOCTLSOCKET_CAMEL failed with the following output:
Change Dir: '/home/artem/TryTask/build/unknown-Debug/CMakeFiles/CMakeTmp'

Run Build Command(s): /usr/bin/ninja -v cmTC_97340
[1/2] /bin/gcc   -W -Wall -pedantic -Wbad-function-cast -Wconversion -Winline -Wmissing-declarations -Wmissing-prototypes -Wnested-externs -Wno-long-long -Wno-multichar -Wpointer-arith -Wshadow -Wsign-compare -Wundef -Wunused -Wwrite-strings -Wcast-align -Wdeclaration-after-statement -Wempty-body -Wendif-labels -Wfloat-equal -Wignored-qualifiers -Wno-format-nonliteral -Wno-sign-conversion -Wno-system-headers -Wstrict-prototypes -Wtype-limits -Wvla -Wmissing-parameter-type -Wold-style-declaration -Wstrict-aliasing=3 -Wformat=2 -Warray-bounds=2 -ftree-vrp -Wduplicated-cond -Wnull-dereference -fdelete-null-pointer-checks -Wshift-negative-value -Wshift-overflow=2 -Walloc-zero -Wduplicated-branches -Wformat-overflow=2 -Wformat-truncation=1 -Wrestrict -Warith-conversion -Wdouble-promotion -Wenum-conversion -Wunused-const-variable -DHAVE_IOCTLSOCKET_CAMEL  -DHAVE_INTTYPES_H -DHAVE_SYS_WAIT_H -DHAVE_SYS_IOCTL_H -DHAVE_SYS_PARAM_H -DHAVE_SYS_POLL_H -DHAVE_SYS_RESOURCE_H -DHAVE_SYS_SELECT_H -DHAVE_SYS_SOCKET_H -DHAVE_SYS_STAT_H -DHAVE_SYS_TIME_H -DHAVE_SYS_TYPES_H -DHAVE_SYS_UN_H -DHAVE_SYS_XATTR_H -DHAVE_ARPA_INET_H -DHAVE_FCNTL_H -DHAVE_IDN2_H -DHAVE_IFADDRS_H -DHAVE_LIBGEN_H -DHAVE_LOCALE_H -DHAVE_NET_IF_H -DHAVE_NETDB_H -DHAVE_NETINET_IN_H -DHAVE_NETINET_TCP_H -DHAVE_NETINET_UDP_H -DHAVE_POLL_H -DHAVE_PWD_H -DHAVE_STDATOMIC_H -DHAVE_STDBOOL_H -DHAVE_STDINT_H -DHAVE_STRINGS_H -DHAVE_TERMIO_H -DHAVE_TERMIOS_H -DHAVE_UNISTD_H -DHAVE_UTIME_H -o CMakeFiles/cmTC_97340.dir/CurlTests.c.o -c /home/artem/TryTask/build/unknown-Debug/_deps/curl-src/CMake/CurlTests.c
[31mFAILED: [0mCMakeFiles/cmTC_97340.dir/CurlTests.c.o 
/bin/gcc   -W -Wall -pedantic -Wbad-function-cast -Wconversion -Winline -Wmissing-declarations -Wmissing-prototypes -Wnested-externs -Wno-long-long -Wno-multichar -Wpointer-arith -Wshadow -Wsign-compare -Wundef -Wunused -Wwrite-strings -Wcast-align -Wdeclaration-after-statement -Wempty-body -Wendif-labels -Wfloat-equal -Wignored-qualifiers -Wno-format-nonliteral -Wno-sign-conversion -Wno-system-headers -Wstrict-prototypes -Wtype-limits -Wvla -Wmissing-parameter-type -Wold-style-declaration -Wstrict-aliasing=3 -Wformat=2 -Warray-bounds=2 -ftree-vrp -Wduplicated-cond -Wnull-dereference -fdelete-null-pointer-checks -Wshift-negative-value -Wshift-overflow=2 -Walloc-zero -Wduplicated-branches -Wformat-overflow=2 -Wformat-truncation=1 -Wrestrict -Warith-conversion -Wdouble-promotion -Wenum-conversion -Wunused-const-variable -DHAVE_IOCTLSOCKET_CAMEL  -DHAVE_INTTYPES_H -DHAVE_SYS_WAIT_H -DHAVE_SYS_IOCTL_H -DHAVE_SYS_PARAM_H -DHAVE_SYS_POLL_H -DHAVE_SYS_RESOURCE_H -DHAVE_SYS_SELECT_H -DHAVE_SYS_SOCKET_H -DHAVE_SYS_STAT_H -DHAVE_SYS_TIME_H -DHAVE_SYS_TYPES_H -DHAVE_SYS_UN_H -DHAVE_SYS_XATTR_H -DHAVE_ARPA_INET_H -DHAVE_FCNTL_H -DHAVE_IDN2_H -DHAVE_IFADDRS_H -DHAVE_LIBGEN_H -DHAVE_LOCALE_H -DHAVE_NET_IF_H -DHAVE_NETDB_H -DHAVE_NETINET_IN_H -DHAVE_NETINET_TCP_H -DHAVE_NETINET_UDP_H -DHAVE_POLL_H -DHAVE_PWD_H -DHAVE_STDATOMIC_H -DHAVE_STDBOOL_H -DHAVE_STDINT_H -DHAVE_STRINGS_H -DHAVE_TERMIO_H -DHAVE_TERMIOS_H -DHAVE_UNISTD_H -DHAVE_UTIME_H -o CMakeFiles/cmTC_97340.dir/CurlTests.c.o -c /home/artem/TryTask/build/unknown-Debug/_deps/curl-src/CMake/CurlTests.c
/home/artem/TryTask/build/unknown-Debug/_deps/curl-src/CMake/CurlTests.c:224:1: –ø–æ–ø–µ—Ä–µ–¥–∂–µ–Ω–Ω—è: –æ–≥–æ–ª–æ—à–µ–Ω–Ω—è —Ñ—É–Ω–∫—Ü—ñ—ó –Ω–µ —î –ø—Ä–æ—Ç–æ—Ç–∏–ø–æ–º [-Wstrict-prototypes]
  224 | main ()
      | ^~~~
/home/artem/TryTask/build/unknown-Debug/_deps/curl-src/CMake/CurlTests.c: –£ —Ñ—É–Ω–∫—Ü—ñ—ó ¬´main¬ª:
/home/artem/TryTask/build/unknown-Debug/_deps/curl-src/CMake/CurlTests.c:228:13: –ø–æ–º–∏–ª–∫–∞: –ù–µ—è–≤–Ω–µ –æ–≥–æ–ª–æ—à–µ–Ω–Ω—è —Ñ—É–Ω–∫—Ü—ñ—ó ¬´IoctlSocket¬ª [-Wimplicit-function-declaration]
  228 |     if(0 != IoctlSocket(0, 0, 0))
      |             ^~~~~~~~~~~
/home/artem/TryTask/build/unknown-Debug/_deps/curl-src/CMake/CurlTests.c:228:13: –ø–æ–ø–µ—Ä–µ–¥–∂–µ–Ω–Ω—è: –í–∫–ª–∞–¥–µ–Ω–µ –∑–æ–≤–Ω—ñ—à–Ω—î –æ–≥–æ–ª–æ—à–µ–Ω–Ω—è ¬´IoctlSocket¬ª [-Wnested-externs]
ninja: build stopped: subcommand failed.


Performing Curl Test HAVE_IOCTLSOCKET_CAMEL_FIONBIO failed with the following output:
Change Dir: '/home/artem/TryTask/build/unknown-Debug/CMakeFiles/CMakeTmp'

Run Build Command(s): /usr/bin/ninja -v cmTC_cc674
[1/2] /bin/gcc   -W -Wall -pedantic -Wbad-function-cast -Wconversion -Winline -Wmissing-declarations -Wmissing-prototypes -Wnested-externs -Wno-long-long -Wno-multichar -Wpointer-arith -Wshadow -Wsign-compare -Wundef -Wunused -Wwrite-strings -Wcast-align -Wdeclaration-after-statement -Wempty-body -Wendif-labels -Wfloat-equal -Wignored-qualifiers -Wno-format-nonliteral -Wno-sign-conversion -Wno-system-headers -Wstrict-prototypes -Wtype-limits -Wvla -Wmissing-parameter-type -Wold-style-declaration -Wstrict-aliasing=3 -Wformat=2 -Warray-bounds=2 -ftree-vrp -Wduplicated-cond -Wnull-dereference -fdelete-null-pointer-checks -Wshift-negative-value -Wshift-overflow=2 -Walloc-zero -Wduplicated-branches -Wformat-overflow=2 -Wformat-truncation=1 -Wrestrict -Warith-conversion -Wdouble-promotion -Wenum-conversion -Wunused-const-variable -DHAVE_IOCTLSOCKET_CAMEL_FIONBIO  -DHAVE_INTTYPES_H -DHAVE_SYS_WAIT_H -DHAVE_SYS_IOCTL_H -DHAVE_SYS_PARAM_H -DHAVE_SYS_POLL_H -DHAVE_SYS_RESOURCE_H -DHAVE_SYS_SELECT_H -DHAVE_SYS_SOCKET_H -DHAVE_SYS_STAT_H -DHAVE_SYS_TIME_H -DHAVE_SYS_TYPES_H -DHAVE_SYS_UN_H -DHAVE_SYS_XATTR_H -DHAVE_ARPA_INET_H -DHAVE_FCNTL_H -DHAVE_IDN2_H -DHAVE_IFADDRS_H -DHAVE_LIBGEN_H -DHAVE_LOCALE_H -DHAVE_NET_IF_H -DHAVE_NETDB_H -DHAVE_NETINET_IN_H -DHAVE_NETINET_TCP_H -DHAVE_NETINET_UDP_H -DHAVE_POLL_H -DHAVE_PWD_H -DHAVE_STDATOMIC_H -DHAVE_STDBOOL_H -DHAVE_STDINT_H -DHAVE_STRINGS_H -DHAVE_TERMIO_H -DHAVE_TERMIOS_H -DHAVE_UNISTD_H -DHAVE_UTIME_H -o CMakeFiles/cmTC_cc674.dir/CurlTests.c.o -c /home/artem/TryTask/build/unknown-Debug/_deps/curl-src/CMake/CurlTests.c
[31mFAILED: [0mCMakeFiles/cmTC_cc674.dir/CurlTests.c.o 
/bin/gcc   -W -Wall -pedantic -Wbad-function-cast -Wconversion -Winline -Wmissing-declarations -Wmissing-prototypes -Wnested-externs -Wno-long-long -Wno-multichar -Wpointer-arith -Wshadow -Wsign-compare -Wundef -Wunused -Wwrite-strings -Wcast-align -Wdeclaration-after-statement -Wempty-body -Wendif-labels -Wfloat-equal -Wignored-qualifiers -Wno-format-nonliteral -Wno-sign-conversion -Wno-system-headers -Wstrict-prototypes -Wtype-limits -Wvla -Wmissing-parameter-type -Wold-style-declaration -Wstrict-aliasing=3 -Wformat=2 -Warray-bounds=2 -ftree-vrp -Wduplicated-cond -Wnull-dereference -fdelete-null-pointer-checks -Wshift-negative-value -Wshift-overflow=2 -Walloc-zero -Wduplicated-branches -Wformat-overflow=2 -Wformat-truncation=1 -Wrestrict -Warith-conversion -Wdouble-promotion -Wenum-conversion -Wunused-const-variable -DHAVE_IOCTLSOCKET_CAMEL_FIONBIO  -DHAVE_INTTYPES_H -DHAVE_SYS_WAIT_H -DHAVE_SYS_IOCTL_H -DHAVE_SYS_PARAM_H -DHAVE_SYS_POLL_H -DHAVE_SYS_RESOURCE_H -DHAVE_SYS_SELECT_H -DHAVE_SYS_SOCKET_H -DHAVE_SYS_STAT_H -DHAVE_SYS_TIME_H -DHAVE_SYS_TYPES_H -DHAVE_SYS_UN_H -DHAVE_SYS_XATTR_H -DHAVE_ARPA_INET_H -DHAVE_FCNTL_H -DHAVE_IDN2_H -DHAVE_IFADDRS_H -DHAVE_LIBGEN_H -DHAVE_LOCALE_H -DHAVE_NET_IF_H -DHAVE_NETDB_H -DHAVE_NETINET_IN_H -DHAVE_NETINET_TCP_H -DHAVE_NETINET_UDP_H -DHAVE_POLL_H -DHAVE_PWD_H -DHAVE_STDATOMIC_H -DHAVE_STDBOOL_H -DHAVE_STDINT_H -DHAVE_STRINGS_H -DHAVE_TERMIO_H -DHAVE_TERMIOS_H -DHAVE_UNISTD_H -DHAVE_UTIME_H -o CMakeFiles/cmTC_cc674.dir/CurlTests.c.o -c /home/artem/TryTask/build/unknown-Debug/_deps/curl-src/CMake/CurlTests.c
/home/artem/TryTask/build/unknown-Debug/_deps/curl-src/CMake/CurlTests.c:247:1: –ø–æ–ø–µ—Ä–µ–¥–∂–µ–Ω–Ω—è: –æ–≥–æ–ª–æ—à–µ–Ω–Ω—è —Ñ—É–Ω–∫—Ü—ñ—ó –Ω–µ —î –ø—Ä–æ—Ç–æ—Ç–∏–ø–æ–º [-Wstrict-prototypes]
  247 | main ()
      | ^~~~
/home/artem/TryTask/build/unknown-Debug/_deps/curl-src/CMake/CurlTests.c: –£ —Ñ—É–Ω–∫—Ü—ñ—ó ¬´main¬ª:
/home/artem/TryTask/build/unknown-Debug/_deps/curl-src/CMake/CurlTests.c:252:17: –ø–æ–º–∏–ª–∫–∞: –ù–µ—è–≤–Ω–µ –æ–≥–æ–ª–æ—à–µ–Ω–Ω—è —Ñ—É–Ω–∫—Ü—ñ—ó ¬´IoctlSocket¬ª [-Wimplicit-function-declaration]
  252 |         if(0 != IoctlSocket(0, FIONBIO, &flags))
      |                 ^~~~~~~~~~~
/home/artem/TryTask/build/unknown-Debug/_deps/curl-src/CMake/CurlTests.c:252:17: –ø–æ–ø–µ—Ä–µ–¥–∂–µ–Ω–Ω—è: –í–∫–ª–∞–¥–µ–Ω–µ –∑–æ–≤–Ω—ñ—à–Ω—î –æ–≥–æ–ª–æ—à–µ–Ω–Ω—è ¬´IoctlSocket¬ª [-Wnested-externs]
/home/artem/TryTask/build/unknown-Debug/_deps/curl-src/CMake/CurlTests.c:252:32: –ø–æ–º–∏–ª–∫–∞: ¬´FIONBIO¬ª –Ω–µ–æ–≥–æ–ª–æ—à–µ–Ω–∏–π (–ø–µ—Ä—à–µ –≤–∏–∫–æ—Ä–∏—Å—Ç–∞–Ω–Ω—è –≤ —Ü—ñ–π —Ñ—É–Ω–∫—Ü—ñ—ó)
  252 |         if(0 != IoctlSocket(0, FIONBIO, &flags))
      |                                ^~~~~~~
/home/artem/TryTask/build/unknown-Debug/_deps/curl-src/CMake/CurlTests.c:252:32: –ø—Ä–∏–º—ñ—Ç–∫–∞: –∫–æ–∂–µ–Ω –Ω–µ –æ–≥–æ–ª–æ—à–µ–Ω–∏–π —ñ–¥–µ–Ω—Ç–∏—Ñ—ñ–∫–∞—Ç–æ—Ä –ø–æ–≤—ñ–¥–æ–º–ª—è—î—Ç—å—Å—è –ª–∏—à–µ –æ–¥–∏–Ω —Ä–∞–∑ –¥–ª—è –∫–æ–∂–Ω–æ—ó —Ñ—É–Ω–∫—Ü—ñ—ó, –≤ —è–∫—ñ–π –≤—ñ–Ω –∑ º—è–≤–ª—è—î—Ç—å—Å—è
ninja: build stopped: subcommand failed.


Performing Curl Test HAVE_IOCTLSOCKET_FIONBIO failed with the following output:
Change Dir: '/home/artem/TryTask/build/unknown-Debug/CMakeFiles/CMakeTmp'

Run Build Command(s): /usr/bin/ninja -v cmTC_ad39b
[1/2] /bin/gcc   -W -Wall -pedantic -Wbad-function-cast -Wconversion -Winline -Wmissing-declarations -Wmissing-prototypes -Wnested-externs -Wno-long-long -Wno-multichar -Wpointer-arith -Wshadow -Wsign-compare -Wundef -Wunused -Wwrite-strings -Wcast-align -Wdeclaration-after-statement -Wempty-body -Wendif-labels -Wfloat-equal -Wignored-qualifiers -Wno-format-nonliteral -Wno-sign-conversion -Wno-system-headers -Wstrict-prototypes -Wtype-limits -Wvla -Wmissing-parameter-type -Wold-style-declaration -Wstrict-aliasing=3 -Wformat=2 -Warray-bounds=2 -ftree-vrp -Wduplicated-cond -Wnull-dereference -fdelete-null-pointer-checks -Wshift-negative-value -Wshift-overflow=2 -Walloc-zero -Wduplicated-branches -Wformat-overflow=2 -Wformat-truncation=1 -Wrestrict -Warith-conversion -Wdouble-promotion -Wenum-conversion -Wunused-const-variable -DHAVE_IOCTLSOCKET_FIONBIO  -DHAVE_INTTYPES_H -DHAVE_SYS_WAIT_H -DHAVE_SYS_IOCTL_H -DHAVE_SYS_PARAM_H -DHAVE_SYS_POLL_H -DHAVE_SYS_RESOURCE_H -DHAVE_SYS_SELECT_H -DHAVE_SYS_SOCKET_H -DHAVE_SYS_STAT_H -DHAVE_SYS_TIME_H -DHAVE_SYS_TYPES_H -DHAVE_SYS_UN_H -DHAVE_SYS_XATTR_H -DHAVE_ARPA_INET_H -DHAVE_FCNTL_H -DHAVE_IDN2_H -DHAVE_IFADDRS_H -DHAVE_LIBGEN_H -DHAVE_LOCALE_H -DHAVE_NET_IF_H -DHAVE_NETDB_H -DHAVE_NETINET_IN_H -DHAVE_NETINET_TCP_H -DHAVE_NETINET_UDP_H -DHAVE_POLL_H -DHAVE_PWD_H -DHAVE_STDATOMIC_H -DHAVE_STDBOOL_H -DHAVE_STDINT_H -DHAVE_STRINGS_H -DHAVE_TERMIO_H -DHAVE_TERMIOS_H -DHAVE_UNISTD_H -DHAVE_UTIME_H -o CMakeFiles/cmTC_ad39b.dir/CurlTests.c.o -c /home/artem/TryTask/build/unknown-Debug/_deps/curl-src/CMake/CurlTests.c
[31mFAILED: [0mCMakeFiles/cmTC_ad39b.dir/CurlTests.c.o 
/bin/gcc   -W -Wall -pedantic -Wbad-function-cast -Wconversion -Winline -Wmissing-declarations -Wmissing-prototypes -Wnested-externs -Wno-long-long -Wno-multichar -Wpointer-arith -Wshadow -Wsign-compare -Wundef -Wunused -Wwrite-strings -Wcast-align -Wdeclaration-after-statement -Wempty-body -Wendif-labels -Wfloat-equal -Wignored-qualifiers -Wno-format-nonliteral -Wno-sign-conversion -Wno-system-headers -Wstrict-prototypes -Wtype-limits -Wvla -Wmissing-parameter-type -Wold-style-declaration -Wstrict-aliasing=3 -Wformat=2 -Warray-bounds=2 -ftree-vrp -Wduplicated-cond -Wnull-dereference -fdelete-null-pointer-checks -Wshift-negative-value -Wshift-overflow=2 -Walloc-zero -Wduplicated-branches -Wformat-overflow=2 -Wformat-truncation=1 -Wrestrict -Warith-conversion -Wdouble-promotion -Wenum-conversion -Wunused-const-variable -DHAVE_IOCTLSOCKET_FIONBIO  -DHAVE_INTTYPES_H -DHAVE_SYS_WAIT_H -DHAVE_SYS_IOCTL_H -DHAVE_SYS_PARAM_H -DHAVE_SYS_POLL_H -DHAVE_SYS_RESOURCE_H -DHAVE_SYS_SELECT_H -DHAVE_SYS_SOCKET_H -DHAVE_SYS_STAT_H -DHAVE_SYS_TIME_H -DHAVE_SYS_TYPES_H -DHAVE_SYS_UN_H -DHAVE_SYS_XATTR_H -DHAVE_ARPA_INET_H -DHAVE_FCNTL_H -DHAVE_IDN2_H -DHAVE_IFADDRS_H -DHAVE_LIBGEN_H -DHAVE_LOCALE_H -DHAVE_NET_IF_H -DHAVE_NETDB_H -DHAVE_NETINET_IN_H -DHAVE_NETINET_TCP_H -DHAVE_NETINET_UDP_H -DHAVE_POLL_H -DHAVE_PWD_H -DHAVE_STDATOMIC_H -DHAVE_STDBOOL_H -DHAVE_STDINT_H -DHAVE_STRINGS_H -DHAVE_TERMIO_H -DHAVE_TERMIOS_H -DHAVE_UNISTD_H -DHAVE_UTIME_H -o CMakeFiles/cmTC_ad39b.dir/CurlTests.c.o -c /home/artem/TryTask/build/unknown-Debug/_deps/curl-src/CMake/CurlTests.c
/home/artem/TryTask/build/unknown-Debug/_deps/curl-src/CMake/CurlTests.c:271:1: –ø–æ–ø–µ—Ä–µ–¥–∂–µ–Ω–Ω—è: –æ–≥–æ–ª–æ—à–µ–Ω–Ω—è —Ñ—É–Ω–∫—Ü—ñ—ó –Ω–µ —î –ø—Ä–æ—Ç–æ—Ç–∏–ø–æ–º [-Wstrict-prototypes]
  271 | main ()
      | ^~~~
/home/artem/TryTask/build/unknown-Debug/_deps/curl-src/CMake/CurlTests.c: –£ —Ñ—É–Ω–∫—Ü—ñ—ó ¬´main¬ª:
/home/artem/TryTask/build/unknown-Debug/_deps/curl-src/CMake/CurlTests.c:275:17: –ø–æ–º–∏–ª–∫–∞: –ù–µ—è–≤–Ω–µ –æ–≥–æ–ª–æ—à–µ–Ω–Ω—è —Ñ—É–Ω–∫—Ü—ñ—ó ¬´ioctlsocket¬ª [-Wimplicit-function-declaration]
  275 |         if(0 != ioctlsocket(0, FIONBIO, &flags))
      |                 ^~~~~~~~~~~
/home/artem/TryTask/build/unknown-Debug/_deps/curl-src/CMake/CurlTests.c:275:17: –ø–æ–ø–µ—Ä–µ–¥–∂–µ–Ω–Ω—è: –í–∫–ª–∞–¥–µ–Ω–µ –∑–æ–≤–Ω—ñ—à–Ω—î –æ–≥–æ–ª–æ—à–µ–Ω–Ω—è ¬´ioctlsocket¬ª [-Wnested-externs]
/home/artem/TryTask/build/unknown-Debug/_deps/curl-src/CMake/CurlTests.c:275:32: –ø–æ–º–∏–ª–∫–∞: ¬´FIONBIO¬ª –Ω–µ–æ–≥–æ–ª–æ—à–µ–Ω–∏–π (–ø–µ—Ä—à–µ –≤–∏–∫–æ—Ä–∏—Å—Ç–∞–Ω–Ω—è –≤ —Ü—ñ–π —Ñ—É–Ω–∫—Ü—ñ—ó)
  275 |         if(0 != ioctlsocket(0, FIONBIO, &flags))
      |                                ^~~~~~~
/home/artem/TryTask/build/unknown-Debug/_deps/curl-src/CMake/CurlTests.c:275:32: –ø—Ä–∏–º—ñ—Ç–∫–∞: –∫–æ–∂–µ–Ω –Ω–µ –æ–≥–æ–ª–æ—à–µ–Ω–∏–π —ñ–¥–µ–Ω—Ç–∏—Ñ—ñ–∫–∞—Ç–æ—Ä –ø–æ–≤—ñ–¥–æ–º–ª—è—î—Ç—å—Å—è –ª–∏—à–µ –æ–¥–∏–Ω —Ä–∞–∑ –¥–ª—è –∫–æ–∂–Ω–æ—ó —Ñ—É–Ω–∫—Ü—ñ—ó, –≤ —è–∫—ñ–π –≤—ñ–Ω –∑ º—è–≤–ª—è—î—Ç—å—Å—è
ninja: build stopped: subcommand failed.


Performing Curl Test HAVE_SETSOCKOPT_SO_NONBLOCK failed with the following output:
Change Dir: '/home/artem/TryTask/build/unknown-Debug/CMakeFiles/CMakeTmp'

Run Build Command(s): /usr/bin/ninja -v cmTC_d141b
[1/2] /bin/gcc   -W -Wall -pedantic -Wbad-function-cast -Wconversion -Winline -Wmissing-declarations -Wmissing-prototypes -Wnested-externs -Wno-long-long -Wno-multichar -Wpointer-arith -Wshadow -Wsign-compare -Wundef -Wunused -Wwrite-strings -Wcast-align -Wdeclaration-after-statement -Wempty-body -Wendif-labels -Wfloat-equal -Wignored-qualifiers -Wno-format-nonliteral -Wno-sign-conversion -Wno-system-headers -Wstrict-prototypes -Wtype-limits -Wvla -Wmissing-parameter-type -Wold-style-declaration -Wstrict-aliasing=3 -Wformat=2 -Warray-bounds=2 -ftree-vrp -Wduplicated-cond -Wnull-dereference -fdelete-null-pointer-checks -Wshift-negative-value -Wshift-overflow=2 -Walloc-zero -Wduplicated-branches -Wformat-overflow=2 -Wformat-truncation=1 -Wrestrict -Warith-conversion -Wdouble-promotion -Wenum-conversion -Wunused-const-variable -DHAVE_SETSOCKOPT_SO_NONBLOCK  -DHAVE_INTTYPES_H -DHAVE_SYS_WAIT_H -DHAVE_SYS_IOCTL_H -DHAVE_SYS_PARAM_H -DHAVE_SYS_POLL_H -DHAVE_SYS_RESOURCE_H -DHAVE_SYS_SELECT_H -DHAVE_SYS_SOCKET_H -DHAVE_SYS_STAT_H -DHAVE_SYS_TIME_H -DHAVE_SYS_TYPES_H -DHAVE_SYS_UN_H -DHAVE_SYS_XATTR_H -DHAVE_ARPA_INET_H -DHAVE_FCNTL_H -DHAVE_IDN2_H -DHAVE_IFADDRS_H -DHAVE_LIBGEN_H -DHAVE_LOCALE_H -DHAVE_NET_IF_H -DHAVE_NETDB_H -DHAVE_NETINET_IN_H -DHAVE_NETINET_TCP_H -DHAVE_NETINET_UDP_H -DHAVE_POLL_H -DHAVE_PWD_H -DHAVE_STDATOMIC_H -DHAVE_STDBOOL_H -DHAVE_STDINT_H -DHAVE_STRINGS_H -DHAVE_TERMIO_H -DHAVE_TERMIOS_H -DHAVE_UNISTD_H -DHAVE_UTIME_H -o CMakeFiles/cmTC_d141b.dir/CurlTests.c.o -c /home/artem/TryTask/build/unknown-Debug/_deps/curl-src/CMake/CurlTests.c
[31mFAILED: [0mCMakeFiles/cmTC_d141b.dir/CurlTests.c.o 
/bin/gcc   -W -Wall -pedantic -Wbad-function-cast -Wconversion -Winline -Wmissing-declarations -Wmissing-prototypes -Wnested-externs -Wno-long-long -Wno-multichar -Wpointer-arith -Wshadow -Wsign-compare -Wundef -Wunused -Wwrite-strings -Wcast-align -Wdeclaration-after-statement -Wempty-body -Wendif-labels -Wfloat-equal -Wignored-qualifiers -Wno-format-nonliteral -Wno-sign-conversion -Wno-system-headers -Wstrict-prototypes -Wtype-limits -Wvla -Wmissing-parameter-type -Wold-style-declaration -Wstrict-aliasing=3 -Wformat=2 -Warray-bounds=2 -ftree-vrp -Wduplicated-cond -Wnull-dereference -fdelete-null-pointer-checks -Wshift-negative-value -Wshift-overflow=2 -Walloc-zero -Wduplicated-branches -Wformat-overflow=2 -Wformat-truncation=1 -Wrestrict -Warith-conversion -Wdouble-promotion -Wenum-conversion -Wunused-const-variable -DHAVE_SETSOCKOPT_SO_NONBLOCK  -DHAVE_INTTYPES_H -DHAVE_SYS_WAIT_H -DHAVE_SYS_IOCTL_H -DHAVE_SYS_PARAM_H -DHAVE_SYS_POLL_H -DHAVE_SYS_RESOURCE_H -DHAVE_SYS_SELECT_H -DHAVE_SYS_SOCKET_H -DHAVE_SYS_STAT_H -DHAVE_SYS_TIME_H -DHAVE_SYS_TYPES_H -DHAVE_SYS_UN_H -DHAVE_SYS_XATTR_H -DHAVE_ARPA_INET_H -DHAVE_FCNTL_H -DHAVE_IDN2_H -DHAVE_IFADDRS_H -DHAVE_LIBGEN_H -DHAVE_LOCALE_H -DHAVE_NET_IF_H -DHAVE_NETDB_H -DHAVE_NETINET_IN_H -DHAVE_NETINET_TCP_H -DHAVE_NETINET_UDP_H -DHAVE_POLL_H -DHAVE_PWD_H -DHAVE_STDATOMIC_H -DHAVE_STDBOOL_H -DHAVE_STDINT_H -DHAVE_STRINGS_H -DHAVE_TERMIO_H -DHAVE_TERMIOS_H -DHAVE_UNISTD_H -DHAVE_UTIME_H -o CMakeFiles/cmTC_d141b.dir/CurlTests.c.o -c /home/artem/TryTask/build/unknown-Debug/_deps/curl-src/CMake/CurlTests.c
/home/artem/TryTask/build/unknown-Debug/_deps/curl-src/CMake/CurlTests.c:365:1: –ø–æ–ø–µ—Ä–µ–¥–∂–µ–Ω–Ω—è: –æ–≥–æ–ª–æ—à–µ–Ω–Ω—è —Ñ—É–Ω–∫—Ü—ñ—ó –Ω–µ —î –ø—Ä–æ—Ç–æ—Ç–∏–ø–æ–º [-Wstrict-prototypes]
  365 | main ()
      | ^~~~
/home/artem/TryTask/build/unknown-Debug/_deps/curl-src/CMake/CurlTests.c: –£ —Ñ—É–Ω–∫—Ü—ñ—ó ¬´main¬ª:
/home/artem/TryTask/build/unknown-Debug/_deps/curl-src/CMake/CurlTests.c:367:43: –ø–æ–º–∏–ª–∫–∞: ¬´SO_NONBLOCK¬ª –Ω–µ–æ–≥–æ–ª–æ—à–µ–Ω–∏–π (–ø–µ—Ä—à–µ –≤–∏–∫–æ—Ä–∏—Å—Ç–∞–Ω–Ω—è –≤ —Ü—ñ–π —Ñ—É–Ω–∫—Ü—ñ—ó); –≤–∏ –º–∞–ª–∏ –Ω–∞ —É–≤–∞–∑—ñ ¬´SOCK_NONBLOCK¬ª?
  367 |         if(0 != setsockopt(0, SOL_SOCKET, SO_NONBLOCK, 0, 0))
      |                                           ^~~~~~~~~~~
      |                                           SOCK_NONBLOCK
/home/artem/TryTask/build/unknown-Debug/_deps/curl-src/CMake/CurlTests.c:367:43: –ø—Ä–∏–º—ñ—Ç–∫–∞: –∫–æ–∂–µ–Ω –Ω–µ –æ–≥–æ–ª–æ—à–µ–Ω–∏–π —ñ–¥–µ–Ω—Ç–∏—Ñ—ñ–∫–∞—Ç–æ—Ä –ø–æ–≤—ñ–¥–æ–º–ª—è—î—Ç—å—Å—è –ª–∏—à–µ –æ–¥–∏–Ω —Ä–∞–∑ –¥–ª—è –∫–æ–∂–Ω–æ—ó —Ñ—É–Ω–∫—Ü—ñ—ó, –≤ —è–∫—ñ–π –≤—ñ–Ω –∑ º—è–≤–ª—è—î—Ç—å—Å—è
ninja: build stopped: subcommand failed.


Performing Curl Test HAVE_O_NONBLOCK failed with the following output:
Change Dir: '/home/artem/TryTask/build/unknown-Debug/CMakeFiles/CMakeTmp'

Run Build Command(s): /usr/bin/ninja -v cmTC_30299
[1/2] /bin/gcc   -W -Wall -pedantic -Wbad-function-cast -Wconversion -Winline -Wmissing-declarations -Wmissing-prototypes -Wnested-externs -Wno-long-long -Wno-multichar -Wpointer-arith -Wshadow -Wsign-compare -Wundef -Wunused -Wwrite-strings -Wcast-align -Wdeclaration-after-statement -Wempty-body -Wendif-labels -Wfloat-equal -Wignored-qualifiers -Wno-format-nonliteral -Wno-sign-conversion -Wno-system-headers -Wstrict-prototypes -Wtype-limits -Wvla -Wmissing-parameter-type -Wold-style-declaration -Wstrict-aliasing=3 -Wformat=2 -Warray-bounds=2 -ftree-vrp -Wduplicated-cond -Wnull-dereference -fdelete-null-pointer-checks -Wshift-negative-value -Wshift-overflow=2 -Walloc-zero -Wduplicated-branches -Wformat-overflow=2 -Wformat-truncation=1 -Wrestrict -Warith-conversion -Wdouble-promotion -Wenum-conversion -Wunused-const-variable -DHAVE_O_NONBLOCK  -DHAVE_INTTYPES_H -DHAVE_SYS_WAIT_H -DHAVE_SYS_IOCTL_H -DHAVE_SYS_PARAM_H -DHAVE_SYS_POLL_H -DHAVE_SYS_RESOURCE_H -DHAVE_SYS_SELECT_H -DHAVE_SYS_SOCKET_H -DHAVE_SYS_STAT_H -DHAVE_SYS_TIME_H -DHAVE_SYS_TYPES_H -DHAVE_SYS_UN_H -DHAVE_SYS_XATTR_H -DHAVE_ARPA_INET_H -DHAVE_FCNTL_H -DHAVE_IDN2_H -DHAVE_IFADDRS_H -DHAVE_LIBGEN_H -DHAVE_LOCALE_H -DHAVE_NET_IF_H -DHAVE_NETDB_H -DHAVE_NETINET_IN_H -DHAVE_NETINET_TCP_H -DHAVE_NETINET_UDP_H -DHAVE_POLL_H -DHAVE_PWD_H -DHAVE_STDATOMIC_H -DHAVE_STDBOOL_H -DHAVE_STDINT_H -DHAVE_STRINGS_H -DHAVE_TERMIO_H -DHAVE_TERMIOS_H -DHAVE_UNISTD_H -DHAVE_UTIME_H -o CMakeFiles/cmTC_30299.dir/CurlTests.c.o -c /home/artem/TryTask/build/unknown-Debug/_deps/curl-src/CMake/CurlTests.c
/home/artem/TryTask/build/unknown-Debug/_deps/curl-src/CMake/CurlTests.c:516: –ø–æ–ø–µ—Ä–µ–¥–∂–µ–Ω–Ω—è: ISO C –∑–∞–±–æ—Ä–æ–Ω—è—î –ø–æ—Ä–æ–∂–Ω—ñ–π –ø–µ—Ä–µ–∫–ª–∞–¥ [-Wpedantic]
[2/2] : && /bin/gcc -W -Wall -pedantic -Wbad-function-cast -Wconversion -Winline -Wmissing-declarations -Wmissing-prototypes -Wnested-externs -Wno-long-long -Wno-multichar -Wpointer-arith -Wshadow -Wsign-compare -Wundef -Wunused -Wwrite-strings -Wcast-align -Wdeclaration-after-statement -Wempty-body -Wendif-labels -Wfloat-equal -Wignored-qualifiers -Wno-format-nonliteral -Wno-sign-conversion -Wno-system-headers -Wstrict-prototypes -Wtype-limits -Wvla -Wmissing-parameter-type -Wold-style-declaration -Wstrict-aliasing=3 -Wformat=2 -Warray-bounds=2 -ftree-vrp -Wduplicated-cond -Wnull-dereference -fdelete-null-pointer-checks -Wshift-negative-value -Wshift-overflow=2 -Walloc-zero -Wduplicated-branches -Wformat-overflow=2 -Wformat-truncation=1 -Wrestrict -Warith-conversion -Wdouble-promotion -Wenum-conversion -Wunused-const-variable -DHAVE_O_NONBLOCK  -DHAVE_INTTYPES_H -DHAVE_SYS_WAIT_H -DHAVE_SYS_IOCTL_H -DHAVE_SYS_PARAM_H -DHAVE_SYS_POLL_H -DHAVE_SYS_RESOURCE_H -DHAVE_SYS_SELECT_H -DHAVE_SYS_SOCKET_H -DHAVE_SYS_STAT_H -DHAVE_SYS_TIME_H -DHAVE_SYS_TYPES_H -DHAVE_SYS_UN_H -DHAVE_SYS_XATTR_H -DHAVE_ARPA_INET_H -DHAVE_FCNTL_H -DHAVE_IDN2_H -DHAVE_IFADDRS_H -DHAVE_LIBGEN_H -DHAVE_LOCALE_H -DHAVE_NET_IF_H -DHAVE_NETDB_H -DHAVE_NETINET_IN_H -DHAVE_NETINET_TCP_H -DHAVE_NETINET_UDP_H -DHAVE_POLL_H -DHAVE_PWD_H -DHAVE_STDATOMIC_H -DHAVE_STDBOOL_H -DHAVE_STDINT_H -DHAVE_STRINGS_H -DHAVE_TERMIO_H -DHAVE_TERMIOS_H -DHAVE_UNISTD_H -DHAVE_UTIME_H  CMakeFiles/cmTC_30299.dir/CurlTests.c.o -o cmTC_30299   && :
[31mFAILED: [0mcmTC_30299 
: && /bin/gcc -W -Wall -pedantic -Wbad-function-cast -Wconversion -Winline -Wmissing-declarations -Wmissing-prototypes -Wnested-externs -Wno-long-long -Wno-multichar -Wpointer-arith -Wshadow -Wsign-compare -Wundef -Wunused -Wwrite-strings -Wcast-align -Wdeclaration-after-statement -Wempty-body -Wendif-labels -Wfloat-equal -Wignored-qualifiers -Wno-format-nonliteral -Wno-sign-conversion -Wno-system-headers -Wstrict-prototypes -Wtype-limits -Wvla -Wmissing-parameter-type -Wold-style-declaration -Wstrict-aliasing=3 -Wformat=2 -Warray-bounds=2 -ftree-vrp -Wduplicated-cond -Wnull-dereference -fdelete-null-pointer-checks -Wshift-negative-value -Wshift-overflow=2 -Walloc-zero -Wduplicated-branches -Wformat-overflow=2 -Wformat-truncation=1 -Wrestrict -Warith-conversion -Wdouble-promotion -Wenum-conversion -Wunused-const-variable -DHAVE_O_NONBLOCK  -DHAVE_INTTYPES_H -DHAVE_SYS_WAIT_H -DHAVE_SYS_IOCTL_H -DHAVE_SYS_PARAM_H -DHAVE_SYS_POLL_H -DHAVE_SYS_RESOURCE_H -DHAVE_SYS_SELECT_H -DHAVE_SYS_SOCKET_H -DHAVE_SYS_STAT_H -DHAVE_SYS_TIME_H -DHAVE_SYS_TYPES_H -DHAVE_SYS_UN_H -DHAVE_SYS_XATTR_H -DHAVE_ARPA_INET_H -DHAVE_FCNTL_H -DHAVE_IDN2_H -DHAVE_IFADDRS_H -DHAVE_LIBGEN_H -DHAVE_LOCALE_H -DHAVE_NET_IF_H -DHAVE_NETDB_H -DHAVE_NETINET_IN_H -DHAVE_NETINET_TCP_H -DHAVE_NETINET_UDP_H -DHAVE_POLL_H -DHAVE_PWD_H -DHAVE_STDATOMIC_H -DHAVE_STDBOOL_H -DHAVE_STDINT_H -DHAVE_STRINGS_H -DHAVE_TERMIO_H -DHAVE_TERMIOS_H -DHAVE_UNISTD_H -DHAVE_UTIME_H  CMakeFiles/cmTC_30299.dir/CurlTests.c.o -o cmTC_30299   && :
/usr/lib64/gcc/x86_64-suse-linux/14/../../../../x86_64-suse-linux/bin/ld: /usr/lib64/gcc/x86_64-suse-linux/14/../../../../lib64/crt1.o: —É —Ñ—É–Ω–∫—Ü—ñ—ó ¬´_start¬ª:
/home/abuild/rpmbuild/BUILD/glibc-2.41-build/glibc-2.41/csu/../sysdeps/x86_64/start.S:103:(.text+0x1b): –Ω–µ–≤–∏–∑–Ω–∞—á–µ–Ω–µ –ø–æ—Å–∏–ª–∞–Ω–Ω—è ¬´main¬ª
collect2: –ø–æ–º–∏–ª–∫–∞: ld –ø–æ–≤–µ—Ä–Ω—É–≤ —Å—Ç–∞—Ç—É—Å –≤–∏—Ö–æ–¥—É 1
ninja: build stopped: subcommand failed.


Performing Curl Test HAVE_GETHOSTBYNAME_R_3 failed with the following output:
Change Dir: '/home/artem/TryTask/build/unknown-Debug/CMakeFiles/CMakeTmp'

Run Build Command(s): /usr/bin/ninja -v cmTC_672d6
[1/2] /bin/gcc   -W -Wall -pedantic -Wbad-function-cast -Wconversion -Winline -Wmissing-declarations -Wmissing-prototypes -Wnested-externs -Wno-long-long -Wno-multichar -Wpointer-arith -Wshadow -Wsign-compare -Wundef -Wunused -Wwrite-strings -Wcast-align -Wdeclaration-after-statement -Wempty-body -Wendif-labels -Wfloat-equal -Wignored-qualifiers -Wno-format-nonliteral -Wno-sign-conversion -Wno-system-headers -Wstrict-prototypes -Wtype-limits -Wvla -Wmissing-parameter-type -Wold-style-declaration -Wstrict-aliasing=3 -Wformat=2 -Warray-bounds=2 -ftree-vrp -Wduplicated-cond -Wnull-dereference -fdelete-null-pointer-checks -Wshift-negative-value -Wshift-overflow=2 -Walloc-zero -Wduplicated-branches -Wformat-overflow=2 -Wformat-truncation=1 -Wrestrict -Warith-conversion -Wdouble-promotion -Wenum-conversion -Wunused-const-variable -DHAVE_GETHOSTBYNAME_R_3  -DHAVE_INTTYPES_H -DHAVE_SYS_WAIT_H -DHAVE_SYS_IOCTL_H -DHAVE_SYS_PARAM_H -DHAVE_SYS_POLL_H -DHAVE_SYS_RESOURCE_H -DHAVE_SYS_SELECT_H -DHAVE_SYS_SOCKET_H -DHAVE_SYS_STAT_H -DHAVE_SYS_TIME_H -DHAVE_SYS_TYPES_H -DHAVE_SYS_UN_H -DHAVE_SYS_XATTR_H -DHAVE_ARPA_INET_H -DHAVE_FCNTL_H -DHAVE_IDN2_H -DHAVE_IFADDRS_H -DHAVE_LIBGEN_H -DHAVE_LOCALE_H -DHAVE_NET_IF_H -DHAVE_NETDB_H -DHAVE_NETINET_IN_H -DHAVE_NETINET_TCP_H -DHAVE_NETINET_UDP_H -DHAVE_POLL_H -DHAVE_PWD_H -DHAVE_STDATOMIC_H -DHAVE_STDBOOL_H -DHAVE_STDINT_H -DHAVE_STRINGS_H -DHAVE_TERMIO_H -DHAVE_TERMIOS_H -DHAVE_UNISTD_H -DHAVE_UTIME_H -o CMakeFiles/cmTC_672d6.dir/CurlTests.c.o -c /home/artem/TryTask/build/unknown-Debug/_deps/curl-src/CMake/CurlTests.c
[31mFAILED: [0mCMakeFiles/cmTC_672d6.dir/CurlTests.c.o 
/bin/gcc   -W -Wall -pedantic -Wbad-function-cast -Wconversion -Winline -Wmissing-declarations -Wmissing-prototypes -Wnested-externs -Wno-long-long -Wno-multichar -Wpointer-arith -Wshadow -Wsign-compare -Wundef -Wunused -Wwrite-strings -Wcast-align -Wdeclaration-after-statement -Wempty-body -Wendif-labels -Wfloat-equal -Wignored-qualifiers -Wno-format-nonliteral -Wno-sign-conversion -Wno-system-headers -Wstrict-prototypes -Wtype-limits -Wvla -Wmissing-parameter-type -Wold-style-declaration -Wstrict-aliasing=3 -Wformat=2 -Warray-bounds=2 -ftree-vrp -Wduplicated-cond -Wnull-dereference -fdelete-null-pointer-checks -Wshift-negative-value -Wshift-overflow=2 -Walloc-zero -Wduplicated-branches -Wformat-overflow=2 -Wformat-truncation=1 -Wrestrict -Warith-conversion -Wdouble-promotion -Wenum-conversion -Wunused-const-variable -DHAVE_GETHOSTBYNAME_R_3  -DHAVE_INTTYPES_H -DHAVE_SYS_WAIT_H -DHAVE_SYS_IOCTL_H -DHAVE_SYS_PARAM_H -DHAVE_SYS_POLL_H -DHAVE_SYS_RESOURCE_H -DHAVE_SYS_SELECT_H -DHAVE_SYS_SOCKET_H -DHAVE_SYS_STAT_H -DHAVE_SYS_TIME_H -DHAVE_SYS_TYPES_H -DHAVE_SYS_UN_H -DHAVE_SYS_XATTR_H -DHAVE_ARPA_INET_H -DHAVE_FCNTL_H -DHAVE_IDN2_H -DHAVE_IFADDRS_H -DHAVE_LIBGEN_H -DHAVE_LOCALE_H -DHAVE_NET_IF_H -DHAVE_NETDB_H -DHAVE_NETINET_IN_H -DHAVE_NETINET_TCP_H -DHAVE_NETINET_UDP_H -DHAVE_POLL_H -DHAVE_PWD_H -DHAVE_STDATOMIC_H -DHAVE_STDBOOL_H -DHAVE_STDINT_H -DHAVE_STRINGS_H -DHAVE_TERMIO_H -DHAVE_TERMIOS_H -DHAVE_UNISTD_H -DHAVE_UTIME_H -o CMakeFiles/cmTC_672d6.dir/CurlTests.c.o -c /home/artem/TryTask/build/unknown-Debug/_deps/curl-src/CMake/CurlTests.c
/home/artem/TryTask/build/unknown-Debug/_deps/curl-src/CMake/CurlTests.c: –£ —Ñ—É–Ω–∫—Ü—ñ—ó ¬´main¬ª:
/home/artem/TryTask/build/unknown-Debug/_deps/curl-src/CMake/CurlTests.c:75:19: –ø–æ–ø–µ—Ä–µ–¥–∂–µ–Ω–Ω—è: —ñ–Ω—ñ—Ü—ñ–∞–ª—ñ–∑–∞—Ü—ñ—è –≤—ñ–¥–∫–∏–¥–∞—î –∫–≤–∞–ª—ñ—Ñ—ñ–∫–∞—Ç–æ—Ä ¬´const¬ª –∑ —Ç–∏–ø—É —Ü—ñ–ª—ñ –≤–∫–∞–∑—ñ–≤–Ω–∏–∫–∞ [-Wdiscarded-qualifiers]
   75 |   char *address = "example.com";
      |                   ^~~~~~~~~~~~~
/home/artem/TryTask/build/unknown-Debug/_deps/curl-src/CMake/CurlTests.c:82:23: –ø–æ–º–∏–ª–∫–∞: —Ä–æ–∑–º—ñ—Ä –∑–±–µ—Ä—ñ–≥–∞–Ω–Ω—è ¬´hdata¬ª –Ω–µ–≤—ñ–¥–æ–º–∏–π
   82 |   struct hostent_data hdata;
      |                       ^~~~~
/home/artem/TryTask/build/unknown-Debug/_deps/curl-src/CMake/CurlTests.c:94:8: –ø–æ–º–∏–ª–∫–∞: –∑–∞–º–∞–ª–æ –∞—Ä–≥—É–º–µ–Ω—Ç—ñ–≤ –¥–ª—è —Ñ—É–Ω–∫—Ü—ñ—ó ¬´gethostbyname_r¬ª
   94 |   rc = gethostbyname_r(address, &h, &hdata);
      |        ^~~~~~~~~~~~~~~
–£ —Ñ–∞–π–ª—ñ, –≤–∫–ª—é—á–µ–Ω–æ–º—É –∑ /home/artem/TryTask/build/unknown-Debug/_deps/curl-src/CMake/CurlTests.c:72:
/usr/include/netdb.h:177:12: –ø—Ä–∏–º—ñ—Ç–∫–∞: –æ–≥–æ–ª–æ—à–µ–Ω–æ —Ç—É—Ç
  177 | extern int gethostbyname_r (const char *__restrict __name,
      |            ^~~~~~~~~~~~~~~
/home/artem/TryTask/build/unknown-Debug/_deps/curl-src/CMake/CurlTests.c:82:23: –ø–æ–ø–µ—Ä–µ–¥–∂–µ–Ω–Ω—è: –ù–µ–≤–∏–∫–æ—Ä–∏—Å—Ç–∞–Ω–∞ –∑–º—ñ–Ω–Ω–∞ ¬´hdata¬ª [-Wunused-variable]
   82 |   struct hostent_data hdata;
      |                       ^~~~~
ninja: build stopped: subcommand failed.


Performing Curl Test HAVE_GETHOSTBYNAME_R_5 failed with the following output:
Change Dir: '/home/artem/TryTask/build/unknown-Debug/CMakeFiles/CMakeTmp'

Run Build Command(s): /usr/bin/ninja -v cmTC_3e4fe
[1/2] /bin/gcc   -W -Wall -pedantic -Wbad-function-cast -Wconversion -Winline -Wmissing-declarations -Wmissing-prototypes -Wnested-externs -Wno-long-long -Wno-multichar -Wpointer-arith -Wshadow -Wsign-compare -Wundef -Wunused -Wwrite-strings -Wcast-align -Wdeclaration-after-statement -Wempty-body -Wendif-labels -Wfloat-equal -Wignored-qualifiers -Wno-format-nonliteral -Wno-sign-conversion -Wno-system-headers -Wstrict-prototypes -Wtype-limits -Wvla -Wmissing-parameter-type -Wold-style-declaration -Wstrict-aliasing=3 -Wformat=2 -Warray-bounds=2 -ftree-vrp -Wduplicated-cond -Wnull-dereference -fdelete-null-pointer-checks -Wshift-negative-value -Wshift-overflow=2 -Walloc-zero -Wduplicated-branches -Wformat-overflow=2 -Wformat-truncation=1 -Wrestrict -Warith-conversion -Wdouble-promotion -Wenum-conversion -Wunused-const-variable -DHAVE_GETHOSTBYNAME_R_5  -DHAVE_INTTYPES_H -DHAVE_SYS_WAIT_H -DHAVE_SYS_IOCTL_H -DHAVE_SYS_PARAM_H -DHAVE_SYS_POLL_H -DHAVE_SYS_RESOURCE_H -DHAVE_SYS_SELECT_H -DHAVE_SYS_SOCKET_H -DHAVE_SYS_STAT_H -DHAVE_SYS_TIME_H -DHAVE_SYS_TYPES_H -DHAVE_SYS_UN_H -DHAVE_SYS_XATTR_H -DHAVE_ARPA_INET_H -DHAVE_FCNTL_H -DHAVE_IDN2_H -DHAVE_IFADDRS_H -DHAVE_LIBGEN_H -DHAVE_LOCALE_H -DHAVE_NET_IF_H -DHAVE_NETDB_H -DHAVE_NETINET_IN_H -DHAVE_NETINET_TCP_H -DHAVE_NETINET_UDP_H -DHAVE_POLL_H -DHAVE_PWD_H -DHAVE_STDATOMIC_H -DHAVE_STDBOOL_H -DHAVE_STDINT_H -DHAVE_STRINGS_H -DHAVE_TERMIO_H -DHAVE_TERMIOS_H -DHAVE_UNISTD_H -DHAVE_UTIME_H -o CMakeFiles/cmTC_3e4fe.dir/CurlTests.c.o -c /home/artem/TryTask/build/unknown-Debug/_deps/curl-src/CMake/CurlTests.c
[31mFAILED: [0mCMakeFiles/cmTC_3e4fe.dir/CurlTests.c.o 
/bin/gcc   -W -Wall -pedantic -Wbad-function-cast -Wconversion -Winline -Wmissing-declarations -Wmissing-prototypes -Wnested-externs -Wno-long-long -Wno-multichar -Wpointer-arith -Wshadow -Wsign-compare -Wundef -Wunused -Wwrite-strings -Wcast-align -Wdeclaration-after-statement -Wempty-body -Wendif-labels -Wfloat-equal -Wignored-qualifiers -Wno-format-nonliteral -Wno-sign-conversion -Wno-system-headers -Wstrict-prototypes -Wtype-limits -Wvla -Wmissing-parameter-type -Wold-style-declaration -Wstrict-aliasing=3 -Wformat=2 -Warray-bounds=2 -ftree-vrp -Wduplicated-cond -Wnull-dereference -fdelete-null-pointer-checks -Wshift-negative-value -Wshift-overflow=2 -Walloc-zero -Wduplicated-branches -Wformat-overflow=2 -Wformat-truncation=1 -Wrestrict -Warith-conversion -Wdouble-promotion -Wenum-conversion -Wunused-const-variable -DHAVE_GETHOSTBYNAME_R_5  -DHAVE_INTTYPES_H -DHAVE_SYS_WAIT_H -DHAVE_SYS_IOCTL_H -DHAVE_SYS_PARAM_H -DHAVE_SYS_POLL_H -DHAVE_SYS_RESOURCE_H -DHAVE_SYS_SELECT_H -DHAVE_SYS_SOCKET_H -DHAVE_SYS_STAT_H -DHAVE_SYS_TIME_H -DHAVE_SYS_TYPES_H -DHAVE_SYS_UN_H -DHAVE_SYS_XATTR_H -DHAVE_ARPA_INET_H -DHAVE_FCNTL_H -DHAVE_IDN2_H -DHAVE_IFADDRS_H -DHAVE_LIBGEN_H -DHAVE_LOCALE_H -DHAVE_NET_IF_H -DHAVE_NETDB_H -DHAVE_NETINET_IN_H -DHAVE_NETINET_TCP_H -DHAVE_NETINET_UDP_H -DHAVE_POLL_H -DHAVE_PWD_H -DHAVE_STDATOMIC_H -DHAVE_STDBOOL_H -DHAVE_STDINT_H -DHAVE_STRINGS_H -DHAVE_TERMIO_H -DHAVE_TERMIOS_H -DHAVE_UNISTD_H -DHAVE_UTIME_H -o CMakeFiles/cmTC_3e4fe.dir/CurlTests.c.o -c /home/artem/TryTask/build/unknown-Debug/_deps/curl-src/CMake/CurlTests.c
/home/artem/TryTask/build/unknown-Debug/_deps/curl-src/CMake/CurlTests.c: –£ —Ñ—É–Ω–∫—Ü—ñ—ó ¬´main¬ª:
/home/artem/TryTask/build/unknown-Debug/_deps/curl-src/CMake/CurlTests.c:75:19: –ø–æ–ø–µ—Ä–µ–¥–∂–µ–Ω–Ω—è: —ñ–Ω—ñ—Ü—ñ–∞–ª—ñ–∑–∞—Ü—ñ—è –≤—ñ–¥–∫–∏–¥–∞—î –∫–≤–∞–ª—ñ—Ñ—ñ–∫–∞—Ç–æ—Ä ¬´const¬ª –∑ —Ç–∏–ø—É —Ü—ñ–ª—ñ –≤–∫–∞–∑—ñ–≤–Ω–∏–∫–∞ [-Wdiscarded-qualifiers]
   75 |   char *address = "example.com";
      |                   ^~~~~~~~~~~~~
/home/artem/TryTask/build/unknown-Debug/_deps/curl-src/CMake/CurlTests.c:97:51: –ø–æ–º–∏–ª–∫–∞: –ø–µ—Ä–µ–¥–∞—á–∞ –∞—Ä–≥—É–º–µ–Ω—Ç—É 5 –∑ ¬´gethostbyname_r¬ª –∑ –Ω–µ—Å—É–º—ñ—Å–Ω–∏–º —Ç–∏–ø–æ–º –≤–∫–∞–∑—ñ–≤–Ω–∏–∫–∞ [-Wincompatible-pointer-types]
   97 |   rc = gethostbyname_r(address, &h, buffer, 8192, &h_errnop);
      |                                                   ^~~~~~~~~
      |                                                   |
      |                                                   int *
–£ —Ñ–∞–π–ª—ñ, –≤–∫–ª—é—á–µ–Ω–æ–º—É –∑ /home/artem/TryTask/build/unknown-Debug/_deps/curl-src/CMake/CurlTests.c:72:
/usr/include/netdb.h:180:57: –ø—Ä–∏–º—ñ—Ç–∫–∞: –æ—á—ñ–∫—É—î—Ç—å—Å—è ¬´struct hostent ** restrict¬ª, –∞–ª–µ –∞—Ä–≥—É–º–µ–Ω—Ç –º–∞—î —Ç–∏–ø ¬´int *¬ª
  180 |                             struct hostent **__restrict __result,
      |                             ~~~~~~~~~~~~~~~~~~~~~~~~~~~~^~~~~~~~
/home/artem/TryTask/build/unknown-Debug/_deps/curl-src/CMake/CurlTests.c:97:8: –ø–æ–º–∏–ª–∫–∞: –∑–∞–º–∞–ª–æ –∞—Ä–≥—É–º–µ–Ω—Ç—ñ–≤ –¥–ª—è —Ñ—É–Ω–∫—Ü—ñ—ó ¬´gethostbyname_r¬ª
   97 |   rc = gethostbyname_r(address, &h, buffer, 8192, &h_errnop);
      |        ^~~~~~~~~~~~~~~
/usr/include/netdb.h:177:12: –ø—Ä–∏–º—ñ—Ç–∫–∞: –æ–≥–æ–ª–æ—à–µ–Ω–æ —Ç—É—Ç
  177 | extern int gethostbyname_r (const char *__restrict __name,
      |            ^~~~~~~~~~~~~~~
ninja: build stopped: subcommand failed.


Performing Curl Test HAVE_GETHOSTBYNAME_R_3_REENTRANT failed with the following output:
Change Dir: '/home/artem/TryTask/build/unknown-Debug/CMakeFiles/CMakeTmp'

Run Build Command(s): /usr/bin/ninja -v cmTC_277c1
[1/2] /bin/gcc   -W -Wall -pedantic -Wbad-function-cast -Wconversion -Winline -Wmissing-declarations -Wmissing-prototypes -Wnested-externs -Wno-long-long -Wno-multichar -Wpointer-arith -Wshadow -Wsign-compare -Wundef -Wunused -Wwrite-strings -Wcast-align -Wdeclaration-after-statement -Wempty-body -Wendif-labels -Wfloat-equal -Wignored-qualifiers -Wno-format-nonliteral -Wno-sign-conversion -Wno-system-headers -Wstrict-prototypes -Wtype-limits -Wvla -Wmissing-parameter-type -Wold-style-declaration -Wstrict-aliasing=3 -Wformat=2 -Warray-bounds=2 -ftree-vrp -Wduplicated-cond -Wnull-dereference -fdelete-null-pointer-checks -Wshift-negative-value -Wshift-overflow=2 -Walloc-zero -Wduplicated-branches -Wformat-overflow=2 -Wformat-truncation=1 -Wrestrict -Warith-conversion -Wdouble-promotion -Wenum-conversion -Wunused-const-variable -DHAVE_GETHOSTBYNAME_R_3_REENTRANT  -DHAVE_INTTYPES_H -DHAVE_SYS_WAIT_H -DHAVE_SYS_IOCTL_H -DHAVE_SYS_PARAM_H -DHAVE_SYS_POLL_H -DHAVE_SYS_RESOURCE_H -DHAVE_SYS_SELECT_H -DHAVE_SYS_SOCKET_H -DHAVE_SYS_STAT_H -DHAVE_SYS_TIME_H -DHAVE_SYS_TYPES_H -DHAVE_SYS_UN_H -DHAVE_SYS_XATTR_H -DHAVE_ARPA_INET_H -DHAVE_FCNTL_H -DHAVE_IDN2_H -DHAVE_IFADDRS_H -DHAVE_LIBGEN_H -DHAVE_LOCALE_H -DHAVE_NET_IF_H -DHAVE_NETDB_H -DHAVE_NETINET_IN_H -DHAVE_NETINET_TCP_H -DHAVE_NETINET_UDP_H -DHAVE_POLL_H -DHAVE_PWD_H -DHAVE_STDATOMIC_H -DHAVE_STDBOOL_H -DHAVE_STDINT_H -DHAVE_STRINGS_H -DHAVE_TERMIO_H -DHAVE_TERMIOS_H -DHAVE_UNISTD_H -DHAVE_UTIME_H -o CMakeFiles/cmTC_277c1.dir/CurlTests.c.o -c /home/artem/TryTask/build/unknown-Debug/_deps/curl-src/CMake/CurlTests.c
[31mFAILED: [0mCMakeFiles/cmTC_277c1.dir/CurlTests.c.o 
/bin/gcc   -W -Wall -pedantic -Wbad-function-cast -Wconversion -Winline -Wmissing-declarations -Wmissing-prototypes -Wnested-externs -Wno-long-long -Wno-multichar -Wpointer-arith -Wshadow -Wsign-compare -Wundef -Wunused -Wwrite-strings -Wcast-align -Wdeclaration-after-statement -Wempty-body -Wendif-labels -Wfloat-equal -Wignored-qualifiers -Wno-format-nonliteral -Wno-sign-conversion -Wno-system-headers -Wstrict-prototypes -Wtype-limits -Wvla -Wmissing-parameter-type -Wold-style-declaration -Wstrict-aliasing=3 -Wformat=2 -Warray-bounds=2 -ftree-vrp -Wduplicated-cond -Wnull-dereference -fdelete-null-pointer-checks -Wshift-negative-value -Wshift-overflow=2 -Walloc-zero -Wduplicated-branches -Wformat-overflow=2 -Wformat-truncation=1 -Wrestrict -Warith-conversion -Wdouble-promotion -Wenum-conversion -Wunused-const-variable -DHAVE_GETHOSTBYNAME_R_3_REENTRANT  -DHAVE_INTTYPES_H -DHAVE_SYS_WAIT_H -DHAVE_SYS_IOCTL_H -DHAVE_SYS_PARAM_H -DHAVE_SYS_POLL_H -DHAVE_SYS_RESOURCE_H -DHAVE_SYS_SELECT_H -DHAVE_SYS_SOCKET_H -DHAVE_SYS_STAT_H -DHAVE_SYS_TIME_H -DHAVE_SYS_TYPES_H -DHAVE_SYS_UN_H -DHAVE_SYS_XATTR_H -DHAVE_ARPA_INET_H -DHAVE_FCNTL_H -DHAVE_IDN2_H -DHAVE_IFADDRS_H -DHAVE_LIBGEN_H -DHAVE_LOCALE_H -DHAVE_NET_IF_H -DHAVE_NETDB_H -DHAVE_NETINET_IN_H -DHAVE_NETINET_TCP_H -DHAVE_NETINET_UDP_H -DHAVE_POLL_H -DHAVE_PWD_H -DHAVE_STDATOMIC_H -DHAVE_STDBOOL_H -DHAVE_STDINT_H -DHAVE_STRINGS_H -DHAVE_TERMIO_H -DHAVE_TERMIOS_H -DHAVE_UNISTD_H -DHAVE_UTIME_H -o CMakeFiles/cmTC_277c1.dir/CurlTests.c.o -c /home/artem/TryTask/build/unknown-Debug/_deps/curl-src/CMake/CurlTests.c
/home/artem/TryTask/build/unknown-Debug/_deps/curl-src/CMake/CurlTests.c: –£ —Ñ—É–Ω–∫—Ü—ñ—ó ¬´main¬ª:
/home/artem/TryTask/build/unknown-Debug/_deps/curl-src/CMake/CurlTests.c:75:19: –ø–æ–ø–µ—Ä–µ–¥–∂–µ–Ω–Ω—è: —ñ–Ω—ñ—Ü—ñ–∞–ª—ñ–∑–∞—Ü—ñ—è –≤—ñ–¥–∫–∏–¥–∞—î –∫–≤–∞–ª—ñ—Ñ—ñ–∫–∞—Ç–æ—Ä ¬´const¬ª –∑ —Ç–∏–ø—É —Ü—ñ–ª—ñ –≤–∫–∞–∑—ñ–≤–Ω–∏–∫–∞ [-Wdiscarded-qualifiers]
   75 |   char *address = "example.com";
      |                   ^~~~~~~~~~~~~
/home/artem/TryTask/build/unknown-Debug/_deps/curl-src/CMake/CurlTests.c:82:23: –ø–æ–º–∏–ª–∫–∞: —Ä–æ–∑–º—ñ—Ä –∑–±–µ—Ä—ñ–≥–∞–Ω–Ω—è ¬´hdata¬ª –Ω–µ–≤—ñ–¥–æ–º–∏–π
   82 |   struct hostent_data hdata;
      |                       ^~~~~
/home/artem/TryTask/build/unknown-Debug/_deps/curl-src/CMake/CurlTests.c:94:8: –ø–æ–º–∏–ª–∫–∞: –∑–∞–º–∞–ª–æ –∞—Ä–≥—É–º–µ–Ω—Ç—ñ–≤ –¥–ª—è —Ñ—É–Ω–∫—Ü—ñ—ó ¬´gethostbyname_r¬ª
   94 |   rc = gethostbyname_r(address, &h, &hdata);
      |        ^~~~~~~~~~~~~~~
–£ —Ñ–∞–π–ª—ñ, –≤–∫–ª—é—á–µ–Ω–æ–º—É –∑ /home/artem/TryTask/build/unknown-Debug/_deps/curl-src/CMake/CurlTests.c:72:
/usr/include/netdb.h:177:12: –ø—Ä–∏–º—ñ—Ç–∫–∞: –æ–≥–æ–ª–æ—à–µ–Ω–æ —Ç—É—Ç
  177 | extern int gethostbyname_r (const char *__restrict __name,
      |            ^~~~~~~~~~~~~~~
/home/artem/TryTask/build/unknown-Debug/_deps/curl-src/CMake/CurlTests.c:82:23: –ø–æ–ø–µ—Ä–µ–¥–∂–µ–Ω–Ω—è: –ù–µ–≤–∏–∫–æ—Ä–∏—Å—Ç–∞–Ω–∞ –∑–º—ñ–Ω–Ω–∞ ¬´hdata¬ª [-Wunused-variable]
   82 |   struct hostent_data hdata;
      |                       ^~~~~
ninja: build stopped: subcommand failed.


Performing Curl Test HAVE_GETHOSTBYNAME_R_5_REENTRANT failed with the following output:
Change Dir: '/home/artem/TryTask/build/unknown-Debug/CMakeFiles/CMakeTmp'

Run Build Command(s): /usr/bin/ninja -v cmTC_44410
[1/2] /bin/gcc   -W -Wall -pedantic -Wbad-function-cast -Wconversion -Winline -Wmissing-declarations -Wmissing-prototypes -Wnested-externs -Wno-long-long -Wno-multichar -Wpointer-arith -Wshadow -Wsign-compare -Wundef -Wunused -Wwrite-strings -Wcast-align -Wdeclaration-after-statement -Wempty-body -Wendif-labels -Wfloat-equal -Wignored-qualifiers -Wno-format-nonliteral -Wno-sign-conversion -Wno-system-headers -Wstrict-prototypes -Wtype-limits -Wvla -Wmissing-parameter-type -Wold-style-declaration -Wstrict-aliasing=3 -Wformat=2 -Warray-bounds=2 -ftree-vrp -Wduplicated-cond -Wnull-dereference -fdelete-null-pointer-checks -Wshift-negative-value -Wshift-overflow=2 -Walloc-zero -Wduplicated-branches -Wformat-overflow=2 -Wformat-truncation=1 -Wrestrict -Warith-conversion -Wdouble-promotion -Wenum-conversion -Wunused-const-variable -DHAVE_GETHOSTBYNAME_R_5_REENTRANT  -DHAVE_INTTYPES_H -DHAVE_SYS_WAIT_H -DHAVE_SYS_IOCTL_H -DHAVE_SYS_PARAM_H -DHAVE_SYS_POLL_H -DHAVE_SYS_RESOURCE_H -DHAVE_SYS_SELECT_H -DHAVE_SYS_SOCKET_H -DHAVE_SYS_STAT_H -DHAVE_SYS_TIME_H -DHAVE_SYS_TYPES_H -DHAVE_SYS_UN_H -DHAVE_SYS_XATTR_H -DHAVE_ARPA_INET_H -DHAVE_FCNTL_H -DHAVE_IDN2_H -DHAVE_IFADDRS_H -DHAVE_LIBGEN_H -DHAVE_LOCALE_H -DHAVE_NET_IF_H -DHAVE_NETDB_H -DHAVE_NETINET_IN_H -DHAVE_NETINET_TCP_H -DHAVE_NETINET_UDP_H -DHAVE_POLL_H -DHAVE_PWD_H -DHAVE_STDATOMIC_H -DHAVE_STDBOOL_H -DHAVE_STDINT_H -DHAVE_STRINGS_H -DHAVE_TERMIO_H -DHAVE_TERMIOS_H -DHAVE_UNISTD_H -DHAVE_UTIME_H -o CMakeFiles/cmTC_44410.dir/CurlTests.c.o -c /home/artem/TryTask/build/unknown-Debug/_deps/curl-src/CMake/CurlTests.c
[31mFAILED: [0mCMakeFiles/cmTC_44410.dir/CurlTests.c.o 
/bin/gcc   -W -Wall -pedantic -Wbad-function-cast -Wconversion -Winline -Wmissing-declarations -Wmissing-prototypes -Wnested-externs -Wno-long-long -Wno-multichar -Wpointer-arith -Wshadow -Wsign-compare -Wundef -Wunused -Wwrite-strings -Wcast-align -Wdeclaration-after-statement -Wempty-body -Wendif-labels -Wfloat-equal -Wignored-qualifiers -Wno-format-nonliteral -Wno-sign-conversion -Wno-system-headers -Wstrict-prototypes -Wtype-limits -Wvla -Wmissing-parameter-type -Wold-style-declaration -Wstrict-aliasing=3 -Wformat=2 -Warray-bounds=2 -ftree-vrp -Wduplicated-cond -Wnull-dereference -fdelete-null-pointer-checks -Wshift-negative-value -Wshift-overflow=2 -Walloc-zero -Wduplicated-branches -Wformat-overflow=2 -Wformat-truncation=1 -Wrestrict -Warith-conversion -Wdouble-promotion -Wenum-conversion -Wunused-const-variable -DHAVE_GETHOSTBYNAME_R_5_REENTRANT  -DHAVE_INTTYPES_H -DHAVE_SYS_WAIT_H -DHAVE_SYS_IOCTL_H -DHAVE_SYS_PARAM_H -DHAVE_SYS_POLL_H -DHAVE_SYS_RESOURCE_H -DHAVE_SYS_SELECT_H -DHAVE_SYS_SOCKET_H -DHAVE_SYS_STAT_H -DHAVE_SYS_TIME_H -DHAVE_SYS_TYPES_H -DHAVE_SYS_UN_H -DHAVE_SYS_XATTR_H -DHAVE_ARPA_INET_H -DHAVE_FCNTL_H -DHAVE_IDN2_H -DHAVE_IFADDRS_H -DHAVE_LIBGEN_H -DHAVE_LOCALE_H -DHAVE_NET_IF_H -DHAVE_NETDB_H -DHAVE_NETINET_IN_H -DHAVE_NETINET_TCP_H -DHAVE_NETINET_UDP_H -DHAVE_POLL_H -DHAVE_PWD_H -DHAVE_STDATOMIC_H -DHAVE_STDBOOL_H -DHAVE_STDINT_H -DHAVE_STRINGS_H -DHAVE_TERMIO_H -DHAVE_TERMIOS_H -DHAVE_UNISTD_H -DHAVE_UTIME_H -o CMakeFiles/cmTC_44410.dir/CurlTests.c.o -c /home/artem/TryTask/build/unknown-Debug/_deps/curl-src/CMake/CurlTests.c
/home/artem/TryTask/build/unknown-Debug/_deps/curl-src/CMake/CurlTests.c: –£ —Ñ—É–Ω–∫—Ü—ñ—ó ¬´main¬ª:
/home/artem/TryTask/build/unknown-Debug/_deps/curl-src/CMake/CurlTests.c:75:19: –ø–æ–ø–µ—Ä–µ–¥–∂–µ–Ω–Ω—è: —ñ–Ω—ñ—Ü—ñ–∞–ª—ñ–∑–∞—Ü—ñ—è –≤—ñ–¥–∫–∏–¥–∞—î –∫–≤–∞–ª—ñ—Ñ—ñ–∫–∞—Ç–æ—Ä ¬´const¬ª –∑ —Ç–∏–ø—É —Ü—ñ–ª—ñ –≤–∫–∞–∑—ñ–≤–Ω–∏–∫–∞ [-Wdiscarded-qualifiers]
   75 |   char *address = "example.com";
      |                   ^~~~~~~~~~~~~
/home/artem/TryTask/build/unknown-Debug/_deps/curl-src/CMake/CurlTests.c:97:51: –ø–æ–º–∏–ª–∫–∞: –ø–µ—Ä–µ–¥–∞—á–∞ –∞—Ä–≥—É–º–µ–Ω—Ç—É 5 –∑ ¬´gethostbyname_r¬ª –∑ –Ω–µ—Å—É–º—ñ—Å–Ω–∏–º —Ç–∏–ø–æ–º –≤–∫–∞–∑—ñ–≤–Ω–∏–∫–∞ [-Wincompatible-pointer-types]
   97 |   rc = gethostbyname_r(address, &h, buffer, 8192, &h_errnop);
      |                                                   ^~~~~~~~~
      |                                                   |
      |                                                   int *
–£ —Ñ–∞–π–ª—ñ, –≤–∫–ª—é—á–µ–Ω–æ–º—É –∑ /home/artem/TryTask/build/unknown-Debug/_deps/curl-src/CMake/CurlTests.c:72:
/usr/include/netdb.h:180:57: –ø—Ä–∏–º—ñ—Ç–∫–∞: –æ—á—ñ–∫—É—î—Ç—å—Å—è ¬´struct hostent ** restrict¬ª, –∞–ª–µ –∞—Ä–≥—É–º–µ–Ω—Ç –º–∞—î —Ç–∏–ø ¬´int *¬ª
  180 |                             struct hostent **__restrict __result,
      |                             ~~~~~~~~~~~~~~~~~~~~~~~~~~~~^~~~~~~~
/home/artem/TryTask/build/unknown-Debug/_deps/curl-src/CMake/CurlTests.c:97:8: –ø–æ–º–∏–ª–∫–∞: –∑–∞–º–∞–ª–æ –∞—Ä–≥—É–º–µ–Ω—Ç—ñ–≤ –¥–ª—è —Ñ—É–Ω–∫—Ü—ñ—ó ¬´gethostbyname_r¬ª
   97 |   rc = gethostbyname_r(address, &h, buffer, 8192, &h_errnop);
      |        ^~~~~~~~~~~~~~~
/usr/include/netdb.h:177:12: –ø—Ä–∏–º—ñ—Ç–∫–∞: –æ–≥–æ–ª–æ—à–µ–Ω–æ —Ç—É—Ç
  177 | extern int gethostbyname_r (const char *__restrict __name,
      |            ^~~~~~~~~~~~~~~
ninja: build stopped: subcommand failed.


Performing Curl Test HAVE_GLIBC_STRERROR_R failed with the following output:
Change Dir: '/home/artem/TryTask/build/unknown-Debug/CMakeFiles/CMakeTmp'

Run Build Command(s): /usr/bin/ninja -v cmTC_08275
[1/2] /bin/gcc   -W -Wall -pedantic -Wbad-function-cast -Wconversion -Winline -Wmissing-declarations -Wmissing-prototypes -Wnested-externs -Wno-long-long -Wno-multichar -Wpointer-arith -Wshadow -Wsign-compare -Wundef -Wunused -Wwrite-strings -Wcast-align -Wdeclaration-after-statement -Wempty-body -Wendif-labels -Wfloat-equal -Wignored-qualifiers -Wno-format-nonliteral -Wno-sign-conversion -Wno-system-headers -Wstrict-prototypes -Wtype-limits -Wvla -Wmissing-parameter-type -Wold-style-declaration -Wstrict-aliasing=3 -Wformat=2 -Warray-bounds=2 -ftree-vrp -Wduplicated-cond -Wnull-dereference -fdelete-null-pointer-checks -Wshift-negative-value -Wshift-overflow=2 -Walloc-zero -Wduplicated-branches -Wformat-overflow=2 -Wformat-truncation=1 -Wrestrict -Warith-conversion -Wdouble-promotion -Wenum-conversion -Wunused-const-variable -DHAVE_GLIBC_STRERROR_R  -DHAVE_INTTYPES_H -DHAVE_SYS_WAIT_H -DHAVE_SYS_IOCTL_H -DHAVE_SYS_PARAM_H -DHAVE_SYS_POLL_H -DHAVE_SYS_RESOURCE_H -DHAVE_SYS_SELECT_H -DHAVE_SYS_SOCKET_H -DHAVE_SYS_STAT_H -DHAVE_SYS_TIME_H -DHAVE_SYS_TYPES_H -DHAVE_SYS_UN_H -DHAVE_SYS_XATTR_H -DHAVE_ARPA_INET_H -DHAVE_FCNTL_H -DHAVE_IDN2_H -DHAVE_IFADDRS_H -DHAVE_LIBGEN_H -DHAVE_LOCALE_H -DHAVE_NET_IF_H -DHAVE_NETDB_H -DHAVE_NETINET_IN_H -DHAVE_NETINET_TCP_H -DHAVE_NETINET_UDP_H -DHAVE_POLL_H -DHAVE_PWD_H -DHAVE_STDATOMIC_H -DHAVE_STDBOOL_H -DHAVE_STDINT_H -DHAVE_STRINGS_H -DHAVE_TERMIO_H -DHAVE_TERMIOS_H -DHAVE_UNISTD_H -DHAVE_UTIME_H -o CMakeFiles/cmTC_08275.dir/CurlTests.c.o -c /home/artem/TryTask/build/unknown-Debug/_deps/curl-src/CMake/CurlTests.c
[31mFAILED: [0mCMakeFiles/cmTC_08275.dir/CurlTests.c.o 
/bin/gcc   -W -Wall -pedantic -Wbad-function-cast -Wconversion -Winline -Wmissing-declarations -Wmissing-prototypes -Wnested-externs -Wno-long-long -Wno-multichar -Wpointer-arith -Wshadow -Wsign-compare -Wundef -Wunused -Wwrite-strings -Wcast-align -Wdeclaration-after-statement -Wempty-body -Wendif-labels -Wfloat-equal -Wignored-qualifiers -Wno-format-nonliteral -Wno-sign-conversion -Wno-system-headers -Wstrict-prototypes -Wtype-limits -Wvla -Wmissing-parameter-type -Wold-style-declaration -Wstrict-aliasing=3 -Wformat=2 -Warray-bounds=2 -ftree-vrp -Wduplicated-cond -Wnull-dereference -fdelete-null-pointer-checks -Wshift-negative-value -Wshift-overflow=2 -Walloc-zero -Wduplicated-branches -Wformat-overflow=2 -Wformat-truncation=1 -Wrestrict -Warith-conversion -Wdouble-promotion -Wenum-conversion -Wunused-const-variable -DHAVE_GLIBC_STRERROR_R  -DHAVE_INTTYPES_H -DHAVE_SYS_WAIT_H -DHAVE_SYS_IOCTL_H -DHAVE_SYS_PARAM_H -DHAVE_SYS_POLL_H -DHAVE_SYS_RESOURCE_H -DHAVE_SYS_SELECT_H -DHAVE_SYS_SOCKET_H -DHAVE_SYS_STAT_H -DHAVE_SYS_TIME_H -DHAVE_SYS_TYPES_H -DHAVE_SYS_UN_H -DHAVE_SYS_XATTR_H -DHAVE_ARPA_INET_H -DHAVE_FCNTL_H -DHAVE_IDN2_H -DHAVE_IFADDRS_H -DHAVE_LIBGEN_H -DHAVE_LOCALE_H -DHAVE_NET_IF_H -DHAVE_NETDB_H -DHAVE_NETINET_IN_H -DHAVE_NETINET_TCP_H -DHAVE_NETINET_UDP_H -DHAVE_POLL_H -DHAVE_PWD_H -DHAVE_STDATOMIC_H -DHAVE_STDBOOL_H -DHAVE_STDINT_H -DHAVE_STRINGS_H -DHAVE_TERMIO_H -DHAVE_TERMIOS_H -DHAVE_UNISTD_H -DHAVE_UTIME_H -o CMakeFiles/cmTC_08275.dir/CurlTests.c.o -c /home/artem/TryTask/build/unknown-Debug/_deps/curl-src/CMake/CurlTests.c
/home/artem/TryTask/build/unknown-Debug/_deps/curl-src/CMake/CurlTests.c:377:6: –ø–æ–ø–µ—Ä–µ–¥–∂–µ–Ω–Ω—è: –Ω–µ–º–∞—î –ø–æ–ø–µ—Ä–µ–¥–Ω—å–æ–≥–æ –ø—Ä–æ—Ç–æ—Ç–∏–ø—É –¥–ª—è ¬´check¬ª [-Wmissing-prototypes]
  377 | void check(char c) {}
      |      ^~~~~
/home/artem/TryTask/build/unknown-Debug/_deps/curl-src/CMake/CurlTests.c: –£ —Ñ—É–Ω–∫—Ü—ñ—ó ¬´check¬ª:
/home/artem/TryTask/build/unknown-Debug/_deps/curl-src/CMake/CurlTests.c:377:17: –ø–æ–ø–µ—Ä–µ–¥–∂–µ–Ω–Ω—è: –Ω–µ–≤–∏–∫–æ—Ä–∏—Å—Ç–∞–Ω–∏–π –ø–∞—Ä–∞–º–µ—Ç—Ä ¬´c¬ª [-Wunused-parameter]
  377 | void check(char c) {}
      |            ~~~~~^
/home/artem/TryTask/build/unknown-Debug/_deps/curl-src/CMake/CurlTests.c: –ù–∞ –≤–µ—Ä—Ö–Ω—å–æ–º—É —Ä—ñ–≤–Ω—ñ:
/home/artem/TryTask/build/unknown-Debug/_deps/curl-src/CMake/CurlTests.c:380:1: –ø–æ–ø–µ—Ä–µ–¥–∂–µ–Ω–Ω—è: –æ–≥–æ–ª–æ—à–µ–Ω–Ω—è —Ñ—É–Ω–∫—Ü—ñ—ó –Ω–µ —î –ø—Ä–æ—Ç–æ—Ç–∏–ø–æ–º [-Wstrict-prototypes]
  380 | main () {
      | ^~~~
/home/artem/TryTask/build/unknown-Debug/_deps/curl-src/CMake/CurlTests.c: –£ —Ñ—É–Ω–∫—Ü—ñ—ó ¬´main¬ª:
/home/artem/TryTask/build/unknown-Debug/_deps/curl-src/CMake/CurlTests.c:383:51: –ø–æ–º–∏–ª–∫–∞: —ñ–Ω–¥–µ–∫—Å–æ–≤–∞–Ω–µ –∑–Ω–∞—á–µ–Ω–Ω—è –Ω–µ —î –∞–Ω—ñ –º–∞—Å–∏–≤–æ–º, –∞–Ω—ñ –≤–∫–∞–∑—ñ–≤–Ω–∏–∫–æ–º, –∞–Ω—ñ –≤–µ–∫—Ç–æ—Ä–æ–º
  383 |   check(strerror_r(EACCES, buffer, sizeof(buffer))[0]);
      |                                                   ^
ninja: build stopped: subcommand failed.


Performing Curl Test HAVE_BUILTIN_AVAILABLE failed with the following output:
Change Dir: '/home/artem/TryTask/build/unknown-Debug/CMakeFiles/CMakeTmp'

Run Build Command(s): /usr/bin/ninja -v cmTC_8ba92
[1/2] /bin/gcc   -W -Wall -pedantic -Wbad-function-cast -Wconversion -Winline -Wmissing-declarations -Wmissing-prototypes -Wnested-externs -Wno-long-long -Wno-multichar -Wpointer-arith -Wshadow -Wsign-compare -Wundef -Wunused -Wwrite-strings -Wcast-align -Wdeclaration-after-statement -Wempty-body -Wendif-labels -Wfloat-equal -Wignored-qualifiers -Wno-format-nonliteral -Wno-sign-conversion -Wno-system-headers -Wstrict-prototypes -Wtype-limits -Wvla -Wmissing-parameter-type -Wold-style-declaration -Wstrict-aliasing=3 -Wformat=2 -Warray-bounds=2 -ftree-vrp -Wduplicated-cond -Wnull-dereference -fdelete-null-pointer-checks -Wshift-negative-value -Wshift-overflow=2 -Walloc-zero -Wduplicated-branches -Wformat-overflow=2 -Wformat-truncation=1 -Wrestrict -Warith-conversion -Wdouble-promotion -Wenum-conversion -Wunused-const-variable -DHAVE_BUILTIN_AVAILABLE  -DHAVE_INTTYPES_H -DHAVE_SYS_WAIT_H -DHAVE_SYS_IOCTL_H -DHAVE_SYS_PARAM_H -DHAVE_SYS_POLL_H -DHAVE_SYS_RESOURCE_H -DHAVE_SYS_SELECT_H -DHAVE_SYS_SOCKET_H -DHAVE_SYS_STAT_H -DHAVE_SYS_TIME_H -DHAVE_SYS_TYPES_H -DHAVE_SYS_UN_H -DHAVE_SYS_XATTR_H -DHAVE_ARPA_INET_H -DHAVE_FCNTL_H -DHAVE_IDN2_H -DHAVE_IFADDRS_H -DHAVE_LIBGEN_H -DHAVE_LOCALE_H -DHAVE_NET_IF_H -DHAVE_NETDB_H -DHAVE_NETINET_IN_H -DHAVE_NETINET_TCP_H -DHAVE_NETINET_UDP_H -DHAVE_POLL_H -DHAVE_PWD_H -DHAVE_STDATOMIC_H -DHAVE_STDBOOL_H -DHAVE_STDINT_H -DHAVE_STRINGS_H -DHAVE_TERMIO_H -DHAVE_TERMIOS_H -DHAVE_UNISTD_H -DHAVE_UTIME_H -o CMakeFiles/cmTC_8ba92.dir/CurlTests.c.o -c /home/artem/TryTask/build/unknown-Debug/_deps/curl-src/CMake/CurlTests.c
[31mFAILED: [0mCMakeFiles/cmTC_8ba92.dir/CurlTests.c.o 
/bin/gcc   -W -Wall -pedantic -Wbad-function-cast -Wconversion -Winline -Wmissing-declarations -Wmissing-prototypes -Wnested-externs -Wno-long-long -Wno-multichar -Wpointer-arith -Wshadow -Wsign-compare -Wundef -Wunused -Wwrite-strings -Wcast-align -Wdeclaration-after-statement -Wempty-body -Wendif-labels -Wfloat-equal -Wignored-qualifiers -Wno-format-nonliteral -Wno-sign-conversion -Wno-system-headers -Wstrict-prototypes -Wtype-limits -Wvla -Wmissing-parameter-type -Wold-style-declaration -Wstrict-aliasing=3 -Wformat=2 -Warray-bounds=2 -ftree-vrp -Wduplicated-cond -Wnull-dereference -fdelete-null-pointer-checks -Wshift-negative-value -Wshift-overflow=2 -Walloc-zero -Wduplicated-branches -Wformat-overflow=2 -Wformat-truncation=1 -Wrestrict -Warith-conversion -Wdouble-promotion -Wenum-conversion -Wunused-const-variable -DHAVE_BUILTIN_AVAILABLE  -DHAVE_INTTYPES_H -DHAVE_SYS_WAIT_H -DHAVE_SYS_IOCTL_H -DHAVE_SYS_PARAM_H -DHAVE_SYS_POLL_H -DHAVE_SYS_RESOURCE_H -DHAVE_SYS_SELECT_H -DHAVE_SYS_SOCKET_H -DHAVE_SYS_STAT_H -DHAVE_SYS_TIME_H -DHAVE_SYS_TYPES_H -DHAVE_SYS_UN_H -DHAVE_SYS_XATTR_H -DHAVE_ARPA_INET_H -DHAVE_FCNTL_H -DHAVE_IDN2_H -DHAVE_IFADDRS_H -DHAVE_LIBGEN_H -DHAVE_LOCALE_H -DHAVE_NET_IF_H -DHAVE_NETDB_H -DHAVE_NETINET_IN_H -DHAVE_NETINET_TCP_H -DHAVE_NETINET_UDP_H -DHAVE_POLL_H -DHAVE_PWD_H -DHAVE_STDATOMIC_H -DHAVE_STDBOOL_H -DHAVE_STDINT_H -DHAVE_STRINGS_H -DHAVE_TERMIO_H -DHAVE_TERMIOS_H -DHAVE_UNISTD_H -DHAVE_UTIME_H -o CMakeFiles/cmTC_8ba92.dir/CurlTests.c.o -c /home/artem/TryTask/build/unknown-Debug/_deps/curl-src/CMake/CurlTests.c
/home/artem/TryTask/build/unknown-Debug/_deps/curl-src/CMake/CurlTests.c:429:1: –ø–æ–ø–µ—Ä–µ–¥–∂–µ–Ω–Ω—è: –æ–≥–æ–ª–æ—à–µ–Ω–Ω—è —Ñ—É–Ω–∫—Ü—ñ—ó –Ω–µ —î –ø—Ä–æ—Ç–æ—Ç–∏–ø–æ–º [-Wstrict-prototypes]
  429 | main() {
      | ^~~~
/home/artem/TryTask/build/unknown-Debug/_deps/curl-src/CMake/CurlTests.c: –£ —Ñ—É–Ω–∫—Ü—ñ—ó ¬´main¬ª:
/home/artem/TryTask/build/unknown-Debug/_deps/curl-src/CMake/CurlTests.c:430:6: –ø–æ–º–∏–ª–∫–∞: –ù–µ—è–≤–Ω–µ –æ–≥–æ–ª–æ—à–µ–Ω–Ω—è —Ñ—É–Ω–∫—Ü—ñ—ó ¬´__builtin_available¬ª; –≤–∏ –º–∞–ª–∏ –Ω–∞ —É–≤–∞–∑—ñ ¬´__builtin_scalbl¬ª? [-Wimplicit-function-declaration]
  430 |   if(__builtin_available(macOS 10.12, *)) {}
      |      ^~~~~~~~~~~~~~~~~~~
      |      __builtin_scalbl
/home/artem/TryTask/build/unknown-Debug/_deps/curl-src/CMake/CurlTests.c:430:6: –ø–æ–ø–µ—Ä–µ–¥–∂–µ–Ω–Ω—è: –í–∫–ª–∞–¥–µ–Ω–µ –∑–æ–≤–Ω—ñ—à–Ω—î –æ–≥–æ–ª–æ—à–µ–Ω–Ω—è ¬´__builtin_available¬ª [-Wnested-externs]
/home/artem/TryTask/build/unknown-Debug/_deps/curl-src/CMake/CurlTests.c:430:26: –ø–æ–º–∏–ª–∫–∞: ¬´macOS¬ª –Ω–µ–æ–≥–æ–ª–æ—à–µ–Ω–∏–π (–ø–µ—Ä—à–µ –≤–∏–∫–æ—Ä–∏—Å—Ç–∞–Ω–Ω—è –≤ —Ü—ñ–π —Ñ—É–Ω–∫—Ü—ñ—ó)
  430 |   if(__builtin_available(macOS 10.12, *)) {}
      |                          ^~~~~
/home/artem/TryTask/build/unknown-Debug/_deps/curl-src/CMake/CurlTests.c:430:26: –ø—Ä–∏–º—ñ—Ç–∫–∞: –∫–æ–∂–µ–Ω –Ω–µ –æ–≥–æ–ª–æ—à–µ–Ω–∏–π —ñ–¥–µ–Ω—Ç–∏—Ñ—ñ–∫–∞—Ç–æ—Ä –ø–æ–≤—ñ–¥–æ–º–ª—è—î—Ç—å—Å—è –ª–∏—à–µ –æ–¥–∏–Ω —Ä–∞–∑ –¥–ª—è –∫–æ–∂–Ω–æ—ó —Ñ—É–Ω–∫—Ü—ñ—ó, –≤ —è–∫—ñ–π –≤—ñ–Ω –∑ º—è–≤–ª—è—î—Ç—å—Å—è
/home/artem/TryTask/build/unknown-Debug/_deps/curl-src/CMake/CurlTests.c:430:31: –ø–æ–º–∏–ª–∫–∞: expected ¬´)¬ª before numeric constant
  430 |   if(__builtin_available(macOS 10.12, *)) {}
      |                         ~     ^~~~~~
      |                               )
ninja: build stopped: subcommand failed.


